[ 2016-05-27T00:17:26+08:00 ] 127.0.0.1 /xiangmu/YooZu/
INFO: [ app_init ] --START--
INFO: Run Behavior\BuildLiteBehavior [ RunTime:0.000000s ]
INFO: [ app_init ] --END-- [ RunTime:0.000000s ]
INFO: [ app_begin ] --START--
INFO: Run Behavior\ReadHtmlCacheBehavior [ RunTime:0.000000s ]
INFO: [ app_begin ] --END-- [ RunTime:0.000000s ]
INFO: [ view_parse ] --START--
INFO: [ template_filter ] --START--
INFO: Run Behavior\ContentReplaceBehavior [ RunTime:0.000000s ]
INFO: [ template_filter ] --END-- [ RunTime:0.000000s ]
NOTIC: [8] Undefined variable: uid E:\Demo\xiangmu\YooZu\Application\Runtime\Cache\Home\2a94b8bda04ff446dcedd42276fc99ee.php 第 71 行.
NOTIC: [8] Undefined variable: uid E:\Demo\xiangmu\YooZu\Application\Runtime\Cache\Home\2a94b8bda04ff446dcedd42276fc99ee.php 第 77 行.
INFO: Run Behavior\ParseTemplateBehavior [ RunTime:0.000000s ]
INFO: [ view_parse ] --END-- [ RunTime:0.000000s ]
INFO: [ view_filter ] --START--
INFO: Run Behavior\WriteHtmlCacheBehavior [ RunTime:0.000000s ]
INFO: [ view_filter ] --END-- [ RunTime:0.000000s ]
INFO: [ app_end ] --START--
INFO: Run Behavior\ShowPageTraceBehavior [ RunTime:0.000000s ]
INFO: [ app_end ] --END-- [ RunTime:0.000000s ]

[ 2016-05-27T00:17:27+08:00 ] 127.0.0.1 /xiangmu/YooZu/index.php/Home/User/login.html
INFO: [ app_init ] --START--
INFO: Run Behavior\BuildLiteBehavior [ RunTime:0.000000s ]
INFO: [ app_init ] --END-- [ RunTime:0.000000s ]
INFO: [ app_begin ] --START--
INFO: Run Behavior\ReadHtmlCacheBehavior [ RunTime:0.000000s ]
INFO: [ app_begin ] --END-- [ RunTime:0.000000s ]
INFO: [ view_parse ] --START--
INFO: [ template_filter ] --START--
INFO: Run Behavior\ContentReplaceBehavior [ RunTime:0.000000s ]
INFO: [ template_filter ] --END-- [ RunTime:0.000000s ]
NOTIC: [8] Undefined variable: uid E:\Demo\xiangmu\YooZu\Application\Runtime\Cache\Home\5c9ee6d19cd41add49f97afe3aef0b25.php 第 71 行.
NOTIC: [8] Undefined variable: uid E:\Demo\xiangmu\YooZu\Application\Runtime\Cache\Home\5c9ee6d19cd41add49f97afe3aef0b25.php 第 77 行.
INFO: Run Behavior\ParseTemplateBehavior [ RunTime:0.000000s ]
INFO: [ view_parse ] --END-- [ RunTime:0.000000s ]
INFO: [ view_filter ] --START--
INFO: Run Behavior\WriteHtmlCacheBehavior [ RunTime:0.000000s ]
INFO: [ view_filter ] --END-- [ RunTime:0.000000s ]
INFO: [ app_end ] --START--
INFO: Run Behavior\ShowPageTraceBehavior [ RunTime:0.000000s ]
INFO: [ app_end ] --END-- [ RunTime:0.000000s ]

[ 2016-05-27T00:17:28+08:00 ] 127.0.0.1 /xiangmu/YooZu/index.php/Home/User/create_vf.html
INFO: [ app_init ] --START--
INFO: Run Behavior\BuildLiteBehavior [ RunTime:0.000000s ]
INFO: [ app_init ] --END-- [ RunTime:0.000000s ]
INFO: [ app_begin ] --START--
INFO: Run Behavior\ReadHtmlCacheBehavior [ RunTime:0.000000s ]
INFO: [ app_begin ] --END-- [ RunTime:0.000000s ]
INFO: [ app_end ] --START--
INFO: Run Behavior\ShowPageTraceBehavior [ RunTime:0.000000s ]
INFO: [ app_end ] --END-- [ RunTime:0.000000s ]

[ 2016-05-27T00:17:39+08:00 ] 127.0.0.1 /xiangmu/YooZu/index.php/Home/User/login_user
INFO: [ app_init ] --START--
INFO: Run Behavior\BuildLiteBehavior [ RunTime:0.000000s ]
INFO: [ app_init ] --END-- [ RunTime:0.000000s ]
INFO: [ app_begin ] --START--
INFO: Run Behavior\ReadHtmlCacheBehavior [ RunTime:0.000000s ]
INFO: [ app_begin ] --END-- [ RunTime:0.000000s ]
SQL: SHOW COLUMNS FROM `yz_ucenter_member` [ RunTime:0.0000s ]
SQL: SELECT * FROM `yz_ucenter_member` WHERE `username` = 'zhujiahao' LIMIT 1   [ RunTime:0.0000s ]
SQL: UPDATE `yz_ucenter_member` SET `last_login_time`='1464279459',`last_login_ip`='2130706433' WHERE `id` = 1 [ RunTime:0.1092s ]
INFO: [ app_end ] --START--
INFO: Run Behavior\ShowPageTraceBehavior [ RunTime:0.000000s ]
INFO: [ app_end ] --END-- [ RunTime:0.000000s ]

[ 2016-05-27T00:53:37+08:00 ] 127.0.0.1 /xiangmu/YooZu/
INFO: [ app_init ] --START--
INFO: Run Behavior\BuildLiteBehavior [ RunTime:0.000000s ]
INFO: [ app_init ] --END-- [ RunTime:0.000000s ]
INFO: [ app_begin ] --START--
INFO: Run Behavior\ReadHtmlCacheBehavior [ RunTime:0.001001s ]
INFO: [ app_begin ] --END-- [ RunTime:0.001001s ]
INFO: [ view_parse ] --START--
INFO: [ template_filter ] --START--
INFO: Run Behavior\ContentReplaceBehavior [ RunTime:0.000000s ]
INFO: [ template_filter ] --END-- [ RunTime:0.000000s ]
NOTIC: [8] Undefined variable: uid E:\Demo\xiangmu\YooZu\Application\Runtime\Cache\Home\2a94b8bda04ff446dcedd42276fc99ee.php 第 71 行.
NOTIC: [8] Undefined variable: uid E:\Demo\xiangmu\YooZu\Application\Runtime\Cache\Home\2a94b8bda04ff446dcedd42276fc99ee.php 第 77 行.
INFO: Run Behavior\ParseTemplateBehavior [ RunTime:0.014000s ]
INFO: [ view_parse ] --END-- [ RunTime:0.014000s ]
INFO: [ view_filter ] --START--
INFO: Run Behavior\WriteHtmlCacheBehavior [ RunTime:0.000000s ]
INFO: [ view_filter ] --END-- [ RunTime:0.000000s ]
INFO: [ app_end ] --START--
INFO: Run Behavior\ShowPageTraceBehavior [ RunTime:0.000000s ]
INFO: [ app_end ] --END-- [ RunTime:0.001000s ]

[ 2016-05-27T00:53:40+08:00 ] 127.0.0.1 /xiangmu/YooZu/index.php/Home/User/login.html
INFO: [ app_init ] --START--
INFO: Run Behavior\BuildLiteBehavior [ RunTime:0.000000s ]
INFO: [ app_init ] --END-- [ RunTime:0.000000s ]
INFO: [ app_begin ] --START--
INFO: Run Behavior\ReadHtmlCacheBehavior [ RunTime:0.000000s ]
INFO: [ app_begin ] --END-- [ RunTime:0.001000s ]
INFO: [ view_parse ] --START--
INFO: [ template_filter ] --START--
INFO: Run Behavior\ContentReplaceBehavior [ RunTime:0.000000s ]
INFO: [ template_filter ] --END-- [ RunTime:0.000000s ]
NOTIC: [8] Undefined variable: uid E:\Demo\xiangmu\YooZu\Application\Runtime\Cache\Home\5c9ee6d19cd41add49f97afe3aef0b25.php 第 71 行.
NOTIC: [8] Undefined variable: uid E:\Demo\xiangmu\YooZu\Application\Runtime\Cache\Home\5c9ee6d19cd41add49f97afe3aef0b25.php 第 77 行.
INFO: Run Behavior\ParseTemplateBehavior [ RunTime:0.011001s ]
INFO: [ view_parse ] --END-- [ RunTime:0.011001s ]
INFO: [ view_filter ] --START--
INFO: Run Behavior\WriteHtmlCacheBehavior [ RunTime:0.001000s ]
INFO: [ view_filter ] --END-- [ RunTime:0.001000s ]
INFO: [ app_end ] --START--
INFO: Run Behavior\ShowPageTraceBehavior [ RunTime:0.001000s ]
INFO: [ app_end ] --END-- [ RunTime:0.001000s ]

[ 2016-05-27T00:53:41+08:00 ] 127.0.0.1 /xiangmu/YooZu/index.php/Home/User/create_vf.html
INFO: [ app_init ] --START--
INFO: Run Behavior\BuildLiteBehavior [ RunTime:0.000000s ]
INFO: [ app_init ] --END-- [ RunTime:0.000000s ]
INFO: [ app_begin ] --START--
INFO: Run Behavior\ReadHtmlCacheBehavior [ RunTime:0.001001s ]
INFO: [ app_begin ] --END-- [ RunTime:0.002001s ]
INFO: [ app_end ] --START--
INFO: Run Behavior\ShowPageTraceBehavior [ RunTime:0.001000s ]
INFO: [ app_end ] --END-- [ RunTime:0.001000s ]

[ 2016-05-27T00:53:50+08:00 ] 127.0.0.1 /xiangmu/YooZu/index.php/Home/User/login_user
INFO: [ app_init ] --START--
INFO: Run Behavior\BuildLiteBehavior [ RunTime:0.000000s ]
INFO: [ app_init ] --END-- [ RunTime:0.000000s ]
INFO: [ app_begin ] --START--
INFO: Run Behavior\ReadHtmlCacheBehavior [ RunTime:0.001000s ]
INFO: [ app_begin ] --END-- [ RunTime:0.001000s ]
SQL: SHOW COLUMNS FROM `yz_ucenter_member` [ RunTime:0.0030s ]
SQL: SELECT * FROM `yz_ucenter_member` WHERE `username` = '1234' LIMIT 1   [ RunTime:0.0000s ]
SQL: UPDATE `yz_ucenter_member` SET `last_login_time`='1464281629',`last_login_ip`='2130706433' WHERE `id` = 2 [ RunTime:0.0900s ]
INFO: [ app_end ] --START--
INFO: Run Behavior\ShowPageTraceBehavior [ RunTime:0.001000s ]
INFO: [ app_end ] --END-- [ RunTime:0.001000s ]

[ 2016-05-27T14:32:19+08:00 ] 127.0.0.1 /xiangmu/YooZu/
INFO: [ app_init ] --START--
INFO: Run Behavior\BuildLiteBehavior [ RunTime:0.000000s ]
INFO: [ app_init ] --END-- [ RunTime:0.022001s ]
INFO: [ app_begin ] --START--
INFO: Run Behavior\ReadHtmlCacheBehavior [ RunTime:0.001000s ]
INFO: [ app_begin ] --END-- [ RunTime:0.001000s ]
INFO: [ view_parse ] --START--
INFO: [ template_filter ] --START--
INFO: Run Behavior\ContentReplaceBehavior [ RunTime:0.021001s ]
INFO: [ template_filter ] --END-- [ RunTime:0.021001s ]
NOTIC: [8] Undefined variable: uid E:\Demo\xiangmu\YooZu\Application\Runtime\Cache\Home\2a94b8bda04ff446dcedd42276fc99ee.php 第 71 行.
NOTIC: [8] Undefined variable: uid E:\Demo\xiangmu\YooZu\Application\Runtime\Cache\Home\2a94b8bda04ff446dcedd42276fc99ee.php 第 77 行.
INFO: Run Behavior\ParseTemplateBehavior [ RunTime:0.137008s ]
INFO: [ view_parse ] --END-- [ RunTime:0.138008s ]
INFO: [ view_filter ] --START--
INFO: Run Behavior\WriteHtmlCacheBehavior [ RunTime:0.001000s ]
INFO: [ view_filter ] --END-- [ RunTime:0.001000s ]
INFO: [ app_end ] --START--
INFO: Run Behavior\ShowPageTraceBehavior [ RunTime:0.001000s ]
INFO: [ app_end ] --END-- [ RunTime:0.001000s ]

[ 2016-05-27T14:32:21+08:00 ] 127.0.0.1 /xiangmu/YooZu/index.php/Home/User/login.html
INFO: [ app_init ] --START--
INFO: Run Behavior\BuildLiteBehavior [ RunTime:0.000000s ]
INFO: [ app_init ] --END-- [ RunTime:0.000000s ]
INFO: [ app_begin ] --START--
INFO: Run Behavior\ReadHtmlCacheBehavior [ RunTime:0.001000s ]
INFO: [ app_begin ] --END-- [ RunTime:0.001000s ]
INFO: [ view_parse ] --START--
INFO: [ template_filter ] --START--
INFO: Run Behavior\ContentReplaceBehavior [ RunTime:0.001000s ]
INFO: [ template_filter ] --END-- [ RunTime:0.001000s ]
NOTIC: [8] Undefined variable: uid E:\Demo\xiangmu\YooZu\Application\Runtime\Cache\Home\5c9ee6d19cd41add49f97afe3aef0b25.php 第 71 行.
NOTIC: [8] Undefined variable: uid E:\Demo\xiangmu\YooZu\Application\Runtime\Cache\Home\5c9ee6d19cd41add49f97afe3aef0b25.php 第 77 行.
INFO: Run Behavior\ParseTemplateBehavior [ RunTime:0.079005s ]
INFO: [ view_parse ] --END-- [ RunTime:0.079005s ]
INFO: [ view_filter ] --START--
INFO: Run Behavior\WriteHtmlCacheBehavior [ RunTime:0.000000s ]
INFO: [ view_filter ] --END-- [ RunTime:0.001000s ]
INFO: [ app_end ] --START--
INFO: Run Behavior\ShowPageTraceBehavior [ RunTime:0.000000s ]
INFO: [ app_end ] --END-- [ RunTime:0.001000s ]

[ 2016-05-27T14:32:21+08:00 ] 127.0.0.1 /xiangmu/YooZu/index.php/Home/User/create_vf.html
INFO: [ app_init ] --START--
INFO: Run Behavior\BuildLiteBehavior [ RunTime:0.000000s ]
INFO: [ app_init ] --END-- [ RunTime:0.001000s ]
INFO: [ app_begin ] --START--
INFO: Run Behavior\ReadHtmlCacheBehavior [ RunTime:0.001000s ]
INFO: [ app_begin ] --END-- [ RunTime:0.002000s ]
INFO: [ app_end ] --START--
INFO: Run Behavior\ShowPageTraceBehavior [ RunTime:0.001000s ]
INFO: [ app_end ] --END-- [ RunTime:0.001000s ]

[ 2016-05-27T14:32:39+08:00 ] 127.0.0.1 /xiangmu/YooZu/index.php/Home/User/login_user
INFO: [ app_init ] --START--
INFO: Run Behavior\BuildLiteBehavior [ RunTime:0.000000s ]
INFO: [ app_init ] --END-- [ RunTime:0.001000s ]
INFO: [ app_begin ] --START--
INFO: Run Behavior\ReadHtmlCacheBehavior [ RunTime:0.000000s ]
INFO: [ app_begin ] --END-- [ RunTime:0.000000s ]
SQL: SHOW COLUMNS FROM `yz_ucenter_member` [ RunTime:0.1830s ]
SQL: SELECT * FROM `yz_ucenter_member` WHERE `username` = 'zhujiahao' LIMIT 1   [ RunTime:0.0490s ]
SQL: UPDATE `yz_ucenter_member` SET `last_login_time`='1464330758',`last_login_ip`='2130706433' WHERE `id` = 1 [ RunTime:0.1130s ]
INFO: [ app_end ] --START--
INFO: Run Behavior\ShowPageTraceBehavior [ RunTime:0.001000s ]
INFO: [ app_end ] --END-- [ RunTime:0.001000s ]

[ 2016-05-27T16:13:31+08:00 ] 127.0.0.1 /xiangmu/YooZu/
INFO: [ app_init ] --START--
INFO: Run Behavior\BuildLiteBehavior [ RunTime:0.000000s ]
INFO: [ app_init ] --END-- [ RunTime:0.000000s ]
INFO: [ app_begin ] --START--
INFO: Run Behavior\ReadHtmlCacheBehavior [ RunTime:0.000000s ]
INFO: [ app_begin ] --END-- [ RunTime:0.000000s ]
INFO: [ view_parse ] --START--
INFO: [ template_filter ] --START--
INFO: Run Behavior\ContentReplaceBehavior [ RunTime:0.000000s ]
INFO: [ template_filter ] --END-- [ RunTime:0.000000s ]
NOTIC: [8] Undefined variable: uid E:\Demo\xiangmu\YooZu\Application\Runtime\Cache\Home\2a94b8bda04ff446dcedd42276fc99ee.php 第 71 行.
NOTIC: [8] Undefined variable: uid E:\Demo\xiangmu\YooZu\Application\Runtime\Cache\Home\2a94b8bda04ff446dcedd42276fc99ee.php 第 77 行.
INFO: Run Behavior\ParseTemplateBehavior [ RunTime:0.015001s ]
INFO: [ view_parse ] --END-- [ RunTime:0.016001s ]
INFO: [ view_filter ] --START--
INFO: Run Behavior\WriteHtmlCacheBehavior [ RunTime:0.001000s ]
INFO: [ view_filter ] --END-- [ RunTime:0.001000s ]
INFO: [ app_end ] --START--
INFO: Run Behavior\ShowPageTraceBehavior [ RunTime:0.001000s ]
INFO: [ app_end ] --END-- [ RunTime:0.001000s ]

[ 2016-05-27T16:13:56+08:00 ] 127.0.0.1 /xiangmu/YooZu/index.php/Home/User/signup.html
INFO: [ app_init ] --START--
INFO: Run Behavior\BuildLiteBehavior [ RunTime:0.000000s ]
INFO: [ app_init ] --END-- [ RunTime:0.000000s ]
INFO: [ app_begin ] --START--
INFO: Run Behavior\ReadHtmlCacheBehavior [ RunTime:0.001000s ]
INFO: [ app_begin ] --END-- [ RunTime:0.001000s ]
INFO: [ view_parse ] --START--
INFO: [ template_filter ] --START--
INFO: Run Behavior\ContentReplaceBehavior [ RunTime:0.000000s ]
INFO: [ template_filter ] --END-- [ RunTime:0.001000s ]
NOTIC: [8] Undefined variable: uid E:\Demo\xiangmu\YooZu\Application\Runtime\Cache\Home\a807679135095643819660f50c85358c.php 第 69 行.
NOTIC: [8] Undefined variable: uid E:\Demo\xiangmu\YooZu\Application\Runtime\Cache\Home\a807679135095643819660f50c85358c.php 第 75 行.
INFO: Run Behavior\ParseTemplateBehavior [ RunTime:0.058003s ]
INFO: [ view_parse ] --END-- [ RunTime:0.058003s ]
INFO: [ view_filter ] --START--
INFO: Run Behavior\WriteHtmlCacheBehavior [ RunTime:0.000000s ]
INFO: [ view_filter ] --END-- [ RunTime:0.001000s ]
INFO: [ app_end ] --START--
INFO: Run Behavior\ShowPageTraceBehavior [ RunTime:0.001000s ]
INFO: [ app_end ] --END-- [ RunTime:0.001000s ]

[ 2016-05-27T16:14:20+08:00 ] 127.0.0.1 /xiangmu/YooZu/index.php/Home/User/register_user
INFO: [ app_init ] --START--
INFO: Run Behavior\BuildLiteBehavior [ RunTime:0.000000s ]
INFO: [ app_init ] --END-- [ RunTime:0.000000s ]
INFO: [ app_begin ] --START--
INFO: Run Behavior\ReadHtmlCacheBehavior [ RunTime:0.000000s ]
INFO: [ app_begin ] --END-- [ RunTime:0.001000s ]
SQL: SHOW COLUMNS FROM `yz_ucenter_member` [ RunTime:0.0030s ]
NOTIC: [8] Undefined index: validate E:\Demo\xiangmu\YooZu\ThinkPHP\Library\Think\Model.class.php 第 1185 行.
SQL: SELECT * FROM `yz_ucenter_member` WHERE `username` = '123411' LIMIT 1   [ RunTime:0.0000s ]
NOTIC: [8] Undefined index: auto E:\Demo\xiangmu\YooZu\ThinkPHP\Library\Think\Model.class.php 第 1128 行.
ERR: 1062:Duplicate entry '1158656977@qq.com' for key 'email'
 [ SQL语句 ] : INSERT INTO `yz_ucenter_member` (`username`,`userpwd`,`email`,`reg_time`,`reg_ip`,`update_time`,`status`) VALUES ('123411','zhujiahao','1158656977@qq.com','1464336860','2130706433','1464336860','1')

[ 2016-05-27T16:14:20+08:00 ] 127.0.0.1 /xiangmu/YooZu/index.php/Home/Index/index.html
INFO: [ app_init ] --START--
INFO: Run Behavior\BuildLiteBehavior [ RunTime:0.000000s ]
INFO: [ app_init ] --END-- [ RunTime:0.001000s ]
INFO: [ app_begin ] --START--
INFO: Run Behavior\ReadHtmlCacheBehavior [ RunTime:0.000000s ]
INFO: [ app_begin ] --END-- [ RunTime:0.000000s ]
INFO: [ view_parse ] --START--
INFO: [ template_filter ] --START--
INFO: Run Behavior\ContentReplaceBehavior [ RunTime:0.000000s ]
INFO: [ template_filter ] --END-- [ RunTime:0.000000s ]
NOTIC: [8] Undefined variable: uid E:\Demo\xiangmu\YooZu\Application\Runtime\Cache\Home\2a94b8bda04ff446dcedd42276fc99ee.php 第 71 行.
NOTIC: [8] Undefined variable: uid E:\Demo\xiangmu\YooZu\Application\Runtime\Cache\Home\2a94b8bda04ff446dcedd42276fc99ee.php 第 77 行.
INFO: Run Behavior\ParseTemplateBehavior [ RunTime:0.011001s ]
INFO: [ view_parse ] --END-- [ RunTime:0.011001s ]
INFO: [ view_filter ] --START--
INFO: Run Behavior\WriteHtmlCacheBehavior [ RunTime:0.000000s ]
INFO: [ view_filter ] --END-- [ RunTime:0.000000s ]
INFO: [ app_end ] --START--
INFO: Run Behavior\ShowPageTraceBehavior [ RunTime:0.001000s ]
INFO: [ app_end ] --END-- [ RunTime:0.001000s ]

[ 2016-05-27T16:17:19+08:00 ] 127.0.0.1 /xiangmu/YooZu/index.php/Home/User/signup.html
INFO: [ app_init ] --START--
INFO: Run Behavior\BuildLiteBehavior [ RunTime:0.000000s ]
INFO: [ app_init ] --END-- [ RunTime:0.000000s ]
INFO: [ app_begin ] --START--
INFO: Run Behavior\ReadHtmlCacheBehavior [ RunTime:0.000000s ]
INFO: [ app_begin ] --END-- [ RunTime:0.001000s ]
INFO: [ view_parse ] --START--
INFO: [ template_filter ] --START--
INFO: Run Behavior\ContentReplaceBehavior [ RunTime:0.000000s ]
INFO: [ template_filter ] --END-- [ RunTime:0.000000s ]
NOTIC: [8] Undefined variable: uid E:\Demo\xiangmu\YooZu\Application\Runtime\Cache\Home\a807679135095643819660f50c85358c.php 第 69 行.
NOTIC: [8] Undefined variable: uid E:\Demo\xiangmu\YooZu\Application\Runtime\Cache\Home\a807679135095643819660f50c85358c.php 第 75 行.
INFO: Run Behavior\ParseTemplateBehavior [ RunTime:0.011001s ]
INFO: [ view_parse ] --END-- [ RunTime:0.012001s ]
INFO: [ view_filter ] --START--
INFO: Run Behavior\WriteHtmlCacheBehavior [ RunTime:0.000000s ]
INFO: [ view_filter ] --END-- [ RunTime:0.001000s ]
INFO: [ app_end ] --START--
INFO: Run Behavior\ShowPageTraceBehavior [ RunTime:0.000000s ]
INFO: [ app_end ] --END-- [ RunTime:0.001000s ]

[ 2016-05-27T16:17:39+08:00 ] 127.0.0.1 /xiangmu/YooZu/index.php/Home/User/register_user
INFO: [ app_init ] --START--
INFO: Run Behavior\BuildLiteBehavior [ RunTime:0.000000s ]
INFO: [ app_init ] --END-- [ RunTime:0.000000s ]
INFO: [ app_begin ] --START--
INFO: Run Behavior\ReadHtmlCacheBehavior [ RunTime:0.001000s ]
INFO: [ app_begin ] --END-- [ RunTime:0.001000s ]
SQL: SHOW COLUMNS FROM `yz_ucenter_member` [ RunTime:0.0030s ]
NOTIC: [8] Undefined index: validate E:\Demo\xiangmu\YooZu\ThinkPHP\Library\Think\Model.class.php 第 1185 行.
SQL: SELECT * FROM `yz_ucenter_member` WHERE `username` = '123411' LIMIT 1   [ RunTime:0.0010s ]
NOTIC: [8] Undefined index: auto E:\Demo\xiangmu\YooZu\ThinkPHP\Library\Think\Model.class.php 第 1128 行.
ERR: 1062:Duplicate entry '1158656977@qq.com' for key 'email'
 [ SQL语句 ] : INSERT INTO `yz_ucenter_member` (`username`,`userpwd`,`email`,`reg_time`,`reg_ip`,`update_time`,`status`) VALUES ('123411','123456','1158656977@qq.com','1464337059','2130706433','1464337059','1')

[ 2016-05-27T16:17:50+08:00 ] 127.0.0.1 /xiangmu/YooZu/index.php/Home/User/register_user
INFO: [ app_init ] --START--
INFO: Run Behavior\BuildLiteBehavior [ RunTime:0.000000s ]
INFO: [ app_init ] --END-- [ RunTime:0.000000s ]
INFO: [ app_begin ] --START--
INFO: Run Behavior\ReadHtmlCacheBehavior [ RunTime:0.001000s ]
INFO: [ app_begin ] --END-- [ RunTime:0.001000s ]
SQL: SHOW COLUMNS FROM `yz_ucenter_member` [ RunTime:0.0020s ]
NOTIC: [8] Undefined index: validate E:\Demo\xiangmu\YooZu\ThinkPHP\Library\Think\Model.class.php 第 1185 行.
SQL: SELECT * FROM `yz_ucenter_member` WHERE `username` = '123411' LIMIT 1   [ RunTime:0.0000s ]
NOTIC: [8] Undefined index: auto E:\Demo\xiangmu\YooZu\ThinkPHP\Library\Think\Model.class.php 第 1128 行.
ERR: 1062:Duplicate entry '1158656977@qq.com' for key 'email'
 [ SQL语句 ] : INSERT INTO `yz_ucenter_member` (`username`,`userpwd`,`email`,`reg_time`,`reg_ip`,`update_time`,`status`) VALUES ('123411','123456','1158656977@qq.com','1464337070','2130706433','1464337070','1')

[ 2016-05-27T16:19:29+08:00 ] 127.0.0.1 /xiangmu/YooZu/index.php/Home/User/register_user
INFO: [ app_init ] --START--
INFO: Run Behavior\BuildLiteBehavior [ RunTime:0.000000s ]
INFO: [ app_init ] --END-- [ RunTime:0.001000s ]
INFO: [ app_begin ] --START--
INFO: Run Behavior\ReadHtmlCacheBehavior [ RunTime:0.000000s ]
INFO: [ app_begin ] --END-- [ RunTime:0.000000s ]
SQL: SHOW COLUMNS FROM `yz_ucenter_member` [ RunTime:0.0040s ]
NOTIC: [8] Undefined index: validate E:\Demo\xiangmu\YooZu\ThinkPHP\Library\Think\Model.class.php 第 1185 行.
SQL: SELECT * FROM `yz_ucenter_member` WHERE `username` = 'zhangfei' LIMIT 1   [ RunTime:0.0000s ]
NOTIC: [8] Undefined index: auto E:\Demo\xiangmu\YooZu\ThinkPHP\Library\Think\Model.class.php 第 1128 行.
SQL: INSERT INTO `yz_ucenter_member` (`username`,`userpwd`,`email`,`reg_time`,`reg_ip`,`update_time`,`status`) VALUES ('zhangfei','123456','656186117@qq.com','1464337166','2130706433','1464337166','1') [ RunTime:0.0960s ]
INFO: [ app_end ] --START--
INFO: Run Behavior\ShowPageTraceBehavior [ RunTime:0.002000s ]
INFO: [ app_end ] --END-- [ RunTime:0.002000s ]

[ 2016-05-27T16:21:29+08:00 ] 127.0.0.1 /xiangmu/YooZu/index.php/Home/User/login.html
INFO: [ app_init ] --START--
INFO: Run Behavior\BuildLiteBehavior [ RunTime:0.000000s ]
INFO: [ app_init ] --END-- [ RunTime:0.000000s ]
INFO: [ app_begin ] --START--
INFO: Run Behavior\ReadHtmlCacheBehavior [ RunTime:0.001000s ]
INFO: [ app_begin ] --END-- [ RunTime:0.001000s ]
INFO: [ view_parse ] --START--
INFO: [ template_filter ] --START--
INFO: Run Behavior\ContentReplaceBehavior [ RunTime:0.000000s ]
INFO: [ template_filter ] --END-- [ RunTime:0.000000s ]
NOTIC: [8] Undefined variable: uid E:\Demo\xiangmu\YooZu\Application\Runtime\Cache\Home\5c9ee6d19cd41add49f97afe3aef0b25.php 第 71 行.
NOTIC: [8] Undefined variable: uid E:\Demo\xiangmu\YooZu\Application\Runtime\Cache\Home\5c9ee6d19cd41add49f97afe3aef0b25.php 第 77 行.
INFO: Run Behavior\ParseTemplateBehavior [ RunTime:0.013001s ]
INFO: [ view_parse ] --END-- [ RunTime:0.013001s ]
INFO: [ view_filter ] --START--
INFO: Run Behavior\WriteHtmlCacheBehavior [ RunTime:0.001000s ]
INFO: [ view_filter ] --END-- [ RunTime:0.001000s ]
INFO: [ app_end ] --START--
INFO: Run Behavior\ShowPageTraceBehavior [ RunTime:0.001000s ]
INFO: [ app_end ] --END-- [ RunTime:0.001000s ]

[ 2016-05-27T16:21:29+08:00 ] 127.0.0.1 /xiangmu/YooZu/index.php/Home/User/create_vf.html
INFO: [ app_init ] --START--
INFO: Run Behavior\BuildLiteBehavior [ RunTime:0.000000s ]
INFO: [ app_init ] --END-- [ RunTime:0.001000s ]
INFO: [ app_begin ] --START--
INFO: Run Behavior\ReadHtmlCacheBehavior [ RunTime:0.001000s ]
INFO: [ app_begin ] --END-- [ RunTime:0.001000s ]
INFO: [ app_end ] --START--
INFO: Run Behavior\ShowPageTraceBehavior [ RunTime:0.001000s ]
INFO: [ app_end ] --END-- [ RunTime:0.001000s ]

[ 2016-05-27T16:21:38+08:00 ] 127.0.0.1 /xiangmu/YooZu/index.php/Home/User/login_user
INFO: [ app_init ] --START--
INFO: Run Behavior\BuildLiteBehavior [ RunTime:0.000000s ]
INFO: [ app_init ] --END-- [ RunTime:0.001000s ]
INFO: [ app_begin ] --START--
INFO: Run Behavior\ReadHtmlCacheBehavior [ RunTime:0.001000s ]
INFO: [ app_begin ] --END-- [ RunTime:0.001000s ]
SQL: SHOW COLUMNS FROM `yz_ucenter_member` [ RunTime:0.0030s ]
SQL: SELECT * FROM `yz_ucenter_member` WHERE `username` = 'zhangfei' LIMIT 1   [ RunTime:0.0000s ]
SQL: UPDATE `yz_ucenter_member` SET `last_login_time`='1464337298',`last_login_ip`='2130706433' WHERE `id` = 6 [ RunTime:0.0930s ]
INFO: [ app_end ] --START--
INFO: Run Behavior\ShowPageTraceBehavior [ RunTime:0.001000s ]
INFO: [ app_end ] --END-- [ RunTime:0.001000s ]

[ 2016-05-27T16:25:55+08:00 ] 127.0.0.1 /xiangmu/YooZu/
INFO: [ app_init ] --START--
INFO: Run Behavior\BuildLiteBehavior [ RunTime:0.000000s ]
INFO: [ app_init ] --END-- [ RunTime:0.000000s ]
INFO: [ app_begin ] --START--
INFO: Run Behavior\ReadHtmlCacheBehavior [ RunTime:0.001000s ]
INFO: [ app_begin ] --END-- [ RunTime:0.001000s ]
INFO: [ view_parse ] --START--
INFO: [ template_filter ] --START--
INFO: Run Behavior\ContentReplaceBehavior [ RunTime:0.000000s ]
INFO: [ template_filter ] --END-- [ RunTime:0.000000s ]
NOTIC: [8] Undefined variable: uid E:\Demo\xiangmu\YooZu\Application\Runtime\Cache\Home\2a94b8bda04ff446dcedd42276fc99ee.php 第 71 行.
NOTIC: [8] Undefined variable: uid E:\Demo\xiangmu\YooZu\Application\Runtime\Cache\Home\2a94b8bda04ff446dcedd42276fc99ee.php 第 77 行.
INFO: Run Behavior\ParseTemplateBehavior [ RunTime:0.014001s ]
INFO: [ view_parse ] --END-- [ RunTime:0.014001s ]
INFO: [ view_filter ] --START--
INFO: Run Behavior\WriteHtmlCacheBehavior [ RunTime:0.000000s ]
INFO: [ view_filter ] --END-- [ RunTime:0.001000s ]
INFO: [ app_end ] --START--
INFO: Run Behavior\ShowPageTraceBehavior [ RunTime:0.001000s ]
INFO: [ app_end ] --END-- [ RunTime:0.001000s ]

[ 2016-05-27T16:25:57+08:00 ] 127.0.0.1 /xiangmu/YooZu/index.php/Home/User/login.html
INFO: [ app_init ] --START--
INFO: Run Behavior\BuildLiteBehavior [ RunTime:0.000000s ]
INFO: [ app_init ] --END-- [ RunTime:0.000000s ]
INFO: [ app_begin ] --START--
INFO: Run Behavior\ReadHtmlCacheBehavior [ RunTime:0.001000s ]
INFO: [ app_begin ] --END-- [ RunTime:0.002000s ]
INFO: [ view_parse ] --START--
INFO: [ template_filter ] --START--
INFO: Run Behavior\ContentReplaceBehavior [ RunTime:0.001000s ]
INFO: [ template_filter ] --END-- [ RunTime:0.001000s ]
NOTIC: [8] Undefined variable: uid E:\Demo\xiangmu\YooZu\Application\Runtime\Cache\Home\5c9ee6d19cd41add49f97afe3aef0b25.php 第 71 行.
NOTIC: [8] Undefined variable: uid E:\Demo\xiangmu\YooZu\Application\Runtime\Cache\Home\5c9ee6d19cd41add49f97afe3aef0b25.php 第 77 行.
INFO: Run Behavior\ParseTemplateBehavior [ RunTime:0.018001s ]
INFO: [ view_parse ] --END-- [ RunTime:0.019001s ]
INFO: [ view_filter ] --START--
INFO: Run Behavior\WriteHtmlCacheBehavior [ RunTime:0.000000s ]
INFO: [ view_filter ] --END-- [ RunTime:0.001001s ]
INFO: [ app_end ] --START--
INFO: Run Behavior\ShowPageTraceBehavior [ RunTime:0.001000s ]
INFO: [ app_end ] --END-- [ RunTime:0.001000s ]

[ 2016-05-27T16:25:58+08:00 ] 127.0.0.1 /xiangmu/YooZu/index.php/Home/User/create_vf.html
INFO: [ app_init ] --START--
INFO: Run Behavior\BuildLiteBehavior [ RunTime:0.000000s ]
INFO: [ app_init ] --END-- [ RunTime:0.000000s ]
INFO: [ app_begin ] --START--
INFO: Run Behavior\ReadHtmlCacheBehavior [ RunTime:0.001000s ]
INFO: [ app_begin ] --END-- [ RunTime:0.001000s ]
INFO: [ app_end ] --START--
INFO: Run Behavior\ShowPageTraceBehavior [ RunTime:0.001000s ]
INFO: [ app_end ] --END-- [ RunTime:0.002000s ]

[ 2016-05-27T16:26:12+08:00 ] 127.0.0.1 /xiangmu/YooZu/index.php/Home/User/login_user
INFO: [ app_init ] --START--
INFO: Run Behavior\BuildLiteBehavior [ RunTime:0.000000s ]
INFO: [ app_init ] --END-- [ RunTime:0.000000s ]
INFO: [ app_begin ] --START--
INFO: Run Behavior\ReadHtmlCacheBehavior [ RunTime:0.001000s ]
INFO: [ app_begin ] --END-- [ RunTime:0.001000s ]
SQL: SHOW COLUMNS FROM `yz_ucenter_member` [ RunTime:0.0040s ]
SQL: SELECT * FROM `yz_ucenter_member` WHERE `username` = 'zhujiahao' LIMIT 1   [ RunTime:0.0010s ]
SQL: UPDATE `yz_ucenter_member` SET `last_login_time`='1464337572',`last_login_ip`='2130706433' WHERE `id` = 1 [ RunTime:0.1300s ]
INFO: [ app_end ] --START--
INFO: Run Behavior\ShowPageTraceBehavior [ RunTime:0.001000s ]
INFO: [ app_end ] --END-- [ RunTime:0.001000s ]

[ 2016-05-27T16:45:34+08:00 ] 127.0.0.1 /xiangmu/YooZu/
INFO: [ app_init ] --START--
INFO: Run Behavior\BuildLiteBehavior [ RunTime:0.000000s ]
INFO: [ app_init ] --END-- [ RunTime:0.000000s ]
INFO: [ app_begin ] --START--
INFO: Run Behavior\ReadHtmlCacheBehavior [ RunTime:0.001000s ]
INFO: [ app_begin ] --END-- [ RunTime:0.001000s ]
INFO: [ view_parse ] --START--
INFO: [ template_filter ] --START--
INFO: Run Behavior\ContentReplaceBehavior [ RunTime:0.000000s ]
INFO: [ template_filter ] --END-- [ RunTime:0.000000s ]
NOTIC: [8] Undefined variable: uid E:\Demo\xiangmu\YooZu\Application\Runtime\Cache\Home\2a94b8bda04ff446dcedd42276fc99ee.php 第 71 行.
NOTIC: [8] Undefined variable: uid E:\Demo\xiangmu\YooZu\Application\Runtime\Cache\Home\2a94b8bda04ff446dcedd42276fc99ee.php 第 77 行.
INFO: Run Behavior\ParseTemplateBehavior [ RunTime:0.020001s ]
INFO: [ view_parse ] --END-- [ RunTime:0.021001s ]
INFO: [ view_filter ] --START--
INFO: Run Behavior\WriteHtmlCacheBehavior [ RunTime:0.001000s ]
INFO: [ view_filter ] --END-- [ RunTime:0.001000s ]
INFO: [ app_end ] --START--
INFO: Run Behavior\ShowPageTraceBehavior [ RunTime:0.001000s ]
INFO: [ app_end ] --END-- [ RunTime:0.002000s ]

[ 2016-05-27T16:45:38+08:00 ] 127.0.0.1 /xiangmu/YooZu/index.php/Home/User/login.html
INFO: [ app_init ] --START--
INFO: Run Behavior\BuildLiteBehavior [ RunTime:0.000000s ]
INFO: [ app_init ] --END-- [ RunTime:0.001000s ]
INFO: [ app_begin ] --START--
INFO: Run Behavior\ReadHtmlCacheBehavior [ RunTime:0.000000s ]
INFO: [ app_begin ] --END-- [ RunTime:0.000000s ]
INFO: [ view_parse ] --START--
INFO: [ template_filter ] --START--
INFO: Run Behavior\ContentReplaceBehavior [ RunTime:0.000000s ]
INFO: [ template_filter ] --END-- [ RunTime:0.000000s ]
NOTIC: [8] Undefined variable: uid E:\Demo\xiangmu\YooZu\Application\Runtime\Cache\Home\5c9ee6d19cd41add49f97afe3aef0b25.php 第 71 行.
NOTIC: [8] Undefined variable: uid E:\Demo\xiangmu\YooZu\Application\Runtime\Cache\Home\5c9ee6d19cd41add49f97afe3aef0b25.php 第 77 行.
INFO: Run Behavior\ParseTemplateBehavior [ RunTime:0.012000s ]
INFO: [ view_parse ] --END-- [ RunTime:0.012000s ]
INFO: [ view_filter ] --START--
INFO: Run Behavior\WriteHtmlCacheBehavior [ RunTime:0.000000s ]
INFO: [ view_filter ] --END-- [ RunTime:0.000000s ]
INFO: [ app_end ] --START--
INFO: Run Behavior\ShowPageTraceBehavior [ RunTime:0.001000s ]
INFO: [ app_end ] --END-- [ RunTime:0.001000s ]

[ 2016-05-27T16:45:39+08:00 ] 127.0.0.1 /xiangmu/YooZu/index.php/Home/User/create_vf.html
INFO: [ app_init ] --START--
INFO: Run Behavior\BuildLiteBehavior [ RunTime:0.000000s ]
INFO: [ app_init ] --END-- [ RunTime:0.000000s ]
INFO: [ app_begin ] --START--
INFO: Run Behavior\ReadHtmlCacheBehavior [ RunTime:0.001000s ]
INFO: [ app_begin ] --END-- [ RunTime:0.001000s ]
INFO: [ app_end ] --START--
INFO: Run Behavior\ShowPageTraceBehavior [ RunTime:0.001000s ]
INFO: [ app_end ] --END-- [ RunTime:0.001000s ]

[ 2016-05-27T16:45:46+08:00 ] 127.0.0.1 /xiangmu/YooZu/index.php/Home/User/login_user
INFO: [ app_init ] --START--
INFO: Run Behavior\BuildLiteBehavior [ RunTime:0.000000s ]
INFO: [ app_init ] --END-- [ RunTime:0.000000s ]
INFO: [ app_begin ] --START--
INFO: Run Behavior\ReadHtmlCacheBehavior [ RunTime:0.001000s ]
INFO: [ app_begin ] --END-- [ RunTime:0.001000s ]
SQL: SHOW COLUMNS FROM `yz_ucenter_member` [ RunTime:0.0030s ]
SQL: SELECT * FROM `yz_ucenter_member` WHERE `username` = '1234' LIMIT 1   [ RunTime:0.0000s ]
SQL: UPDATE `yz_ucenter_member` SET `last_login_time`='1464338746',`last_login_ip`='2130706433' WHERE `id` = 2 [ RunTime:0.0580s ]
INFO: [ app_end ] --START--
INFO: Run Behavior\ShowPageTraceBehavior [ RunTime:0.001000s ]
INFO: [ app_end ] --END-- [ RunTime:0.001000s ]

[ 2016-05-27T16:45:48+08:00 ] 127.0.0.1 /xiangmu/YooZu/index.php/Home/User/create_vf.html?0.7529902738071095
INFO: [ app_init ] --START--
INFO: Run Behavior\BuildLiteBehavior [ RunTime:0.000000s ]
INFO: [ app_init ] --END-- [ RunTime:0.000000s ]
INFO: [ app_begin ] --START--
INFO: Run Behavior\ReadHtmlCacheBehavior [ RunTime:0.001001s ]
INFO: [ app_begin ] --END-- [ RunTime:0.001001s ]
INFO: [ app_end ] --START--
INFO: Run Behavior\ShowPageTraceBehavior [ RunTime:0.001000s ]
INFO: [ app_end ] --END-- [ RunTime:0.001000s ]

[ 2016-05-27T16:45:49+08:00 ] 127.0.0.1 /xiangmu/YooZu/index.php/Home/User/create_vf.html?0.4990196893175489
INFO: [ app_init ] --START--
INFO: Run Behavior\BuildLiteBehavior [ RunTime:0.000000s ]
INFO: [ app_init ] --END-- [ RunTime:0.000000s ]
INFO: [ app_begin ] --START--
INFO: Run Behavior\ReadHtmlCacheBehavior [ RunTime:0.000000s ]
INFO: [ app_begin ] --END-- [ RunTime:0.000000s ]
INFO: [ app_end ] --START--
INFO: Run Behavior\ShowPageTraceBehavior [ RunTime:0.001000s ]
INFO: [ app_end ] --END-- [ RunTime:0.001000s ]

[ 2016-05-27T16:45:50+08:00 ] 127.0.0.1 /xiangmu/YooZu/index.php/Home/User/create_vf.html?0.5049677525169752
INFO: [ app_init ] --START--
INFO: Run Behavior\BuildLiteBehavior [ RunTime:0.000000s ]
INFO: [ app_init ] --END-- [ RunTime:0.000000s ]
INFO: [ app_begin ] --START--
INFO: Run Behavior\ReadHtmlCacheBehavior [ RunTime:0.001001s ]
INFO: [ app_begin ] --END-- [ RunTime:0.001001s ]
INFO: [ app_end ] --START--
INFO: Run Behavior\ShowPageTraceBehavior [ RunTime:0.001000s ]
INFO: [ app_end ] --END-- [ RunTime:0.001000s ]

[ 2016-05-27T16:45:54+08:00 ] 127.0.0.1 /xiangmu/YooZu/index.php/Home/User/login_user
INFO: [ app_init ] --START--
INFO: Run Behavior\BuildLiteBehavior [ RunTime:0.001000s ]
INFO: [ app_init ] --END-- [ RunTime:0.001000s ]
INFO: [ app_begin ] --START--
INFO: Run Behavior\ReadHtmlCacheBehavior [ RunTime:0.001000s ]
INFO: [ app_begin ] --END-- [ RunTime:0.001000s ]
SQL: SHOW COLUMNS FROM `yz_ucenter_member` [ RunTime:0.0030s ]
SQL: SELECT * FROM `yz_ucenter_member` WHERE `username` = '1234' LIMIT 1   [ RunTime:0.0010s ]
SQL: UPDATE `yz_ucenter_member` SET `last_login_time`='1464338754',`last_login_ip`='2130706433' WHERE `id` = 2 [ RunTime:0.1340s ]
INFO: [ app_end ] --START--
INFO: Run Behavior\ShowPageTraceBehavior [ RunTime:0.001000s ]
INFO: [ app_end ] --END-- [ RunTime:0.001000s ]

[ 2016-05-27T16:45:57+08:00 ] 127.0.0.1 /xiangmu/YooZu/index.php/Home/User/create_vf.html?0.8202069229935162
INFO: [ app_init ] --START--
INFO: Run Behavior\BuildLiteBehavior [ RunTime:0.000000s ]
INFO: [ app_init ] --END-- [ RunTime:0.001000s ]
INFO: [ app_begin ] --START--
INFO: Run Behavior\ReadHtmlCacheBehavior [ RunTime:0.001000s ]
INFO: [ app_begin ] --END-- [ RunTime:0.001000s ]
INFO: [ app_end ] --START--
INFO: Run Behavior\ShowPageTraceBehavior [ RunTime:0.001000s ]
INFO: [ app_end ] --END-- [ RunTime:0.001000s ]

[ 2016-05-27T16:46:00+08:00 ] 127.0.0.1 /xiangmu/YooZu/index.php/Home/User/login_user
INFO: [ app_init ] --START--
INFO: Run Behavior\BuildLiteBehavior [ RunTime:0.000000s ]
INFO: [ app_init ] --END-- [ RunTime:0.000000s ]
INFO: [ app_begin ] --START--
INFO: Run Behavior\ReadHtmlCacheBehavior [ RunTime:0.000000s ]
INFO: [ app_begin ] --END-- [ RunTime:0.002000s ]
SQL: SHOW COLUMNS FROM `yz_ucenter_member` [ RunTime:0.0030s ]
SQL: SELECT * FROM `yz_ucenter_member` WHERE `username` = '1234' LIMIT 1   [ RunTime:0.0010s ]
SQL: UPDATE `yz_ucenter_member` SET `last_login_time`='1464338760',`last_login_ip`='2130706433' WHERE `id` = 2 [ RunTime:0.0870s ]
INFO: [ app_end ] --START--
INFO: Run Behavior\ShowPageTraceBehavior [ RunTime:0.001000s ]
INFO: [ app_end ] --END-- [ RunTime:0.001000s ]

[ 2016-05-27T16:59:19+08:00 ] 127.0.0.1 /xiangmu/YooZu/
INFO: [ app_init ] --START--
INFO: Run Behavior\BuildLiteBehavior [ RunTime:0.000000s ]
INFO: [ app_init ] --END-- [ RunTime:0.000000s ]
INFO: [ app_begin ] --START--
INFO: Run Behavior\ReadHtmlCacheBehavior [ RunTime:0.001001s ]
INFO: [ app_begin ] --END-- [ RunTime:0.001001s ]
INFO: [ view_parse ] --START--
INFO: [ template_filter ] --START--
INFO: Run Behavior\ContentReplaceBehavior [ RunTime:0.000000s ]
INFO: [ template_filter ] --END-- [ RunTime:0.001000s ]
NOTIC: [8] Undefined variable: uid E:\Demo\xiangmu\YooZu\Application\Runtime\Cache\Home\2a94b8bda04ff446dcedd42276fc99ee.php 第 71 行.
NOTIC: [8] Undefined variable: uid E:\Demo\xiangmu\YooZu\Application\Runtime\Cache\Home\2a94b8bda04ff446dcedd42276fc99ee.php 第 77 行.
INFO: Run Behavior\ParseTemplateBehavior [ RunTime:0.014001s ]
INFO: [ view_parse ] --END-- [ RunTime:0.015001s ]
INFO: [ view_filter ] --START--
INFO: Run Behavior\WriteHtmlCacheBehavior [ RunTime:0.000000s ]
INFO: [ view_filter ] --END-- [ RunTime:0.001000s ]
INFO: [ app_end ] --START--
INFO: Run Behavior\ShowPageTraceBehavior [ RunTime:0.001000s ]
INFO: [ app_end ] --END-- [ RunTime:0.001000s ]

[ 2016-05-27T16:59:22+08:00 ] 127.0.0.1 /xiangmu/YooZu/index.php/Home/User/login.html
INFO: [ app_init ] --START--
INFO: Run Behavior\BuildLiteBehavior [ RunTime:0.000000s ]
INFO: [ app_init ] --END-- [ RunTime:0.000000s ]
INFO: [ app_begin ] --START--
INFO: Run Behavior\ReadHtmlCacheBehavior [ RunTime:0.001000s ]
INFO: [ app_begin ] --END-- [ RunTime:0.001000s ]
INFO: [ view_parse ] --START--
INFO: [ template_filter ] --START--
INFO: Run Behavior\ContentReplaceBehavior [ RunTime:0.000000s ]
INFO: [ template_filter ] --END-- [ RunTime:0.001000s ]
NOTIC: [8] Undefined variable: uid E:\Demo\xiangmu\YooZu\Application\Runtime\Cache\Home\5c9ee6d19cd41add49f97afe3aef0b25.php 第 71 行.
NOTIC: [8] Undefined variable: uid E:\Demo\xiangmu\YooZu\Application\Runtime\Cache\Home\5c9ee6d19cd41add49f97afe3aef0b25.php 第 77 行.
INFO: Run Behavior\ParseTemplateBehavior [ RunTime:0.017001s ]
INFO: [ view_parse ] --END-- [ RunTime:0.017001s ]
INFO: [ view_filter ] --START--
INFO: Run Behavior\WriteHtmlCacheBehavior [ RunTime:0.001000s ]
INFO: [ view_filter ] --END-- [ RunTime:0.001000s ]
INFO: [ app_end ] --START--
INFO: Run Behavior\ShowPageTraceBehavior [ RunTime:0.001000s ]
INFO: [ app_end ] --END-- [ RunTime:0.001000s ]

[ 2016-05-27T16:59:22+08:00 ] 127.0.0.1 /xiangmu/YooZu/index.php/Home/User/create_vf.html
INFO: [ app_init ] --START--
INFO: Run Behavior\BuildLiteBehavior [ RunTime:0.000000s ]
INFO: [ app_init ] --END-- [ RunTime:0.001000s ]
INFO: [ app_begin ] --START--
INFO: Run Behavior\ReadHtmlCacheBehavior [ RunTime:0.001000s ]
INFO: [ app_begin ] --END-- [ RunTime:0.001000s ]
INFO: [ app_end ] --START--
INFO: Run Behavior\ShowPageTraceBehavior [ RunTime:0.002000s ]
INFO: [ app_end ] --END-- [ RunTime:0.002000s ]

[ 2016-05-27T16:59:29+08:00 ] 127.0.0.1 /xiangmu/YooZu/index.php/Home/User/create_vf.html?0.277501069096576
INFO: [ app_init ] --START--
INFO: Run Behavior\BuildLiteBehavior [ RunTime:0.000000s ]
INFO: [ app_init ] --END-- [ RunTime:0.000000s ]
INFO: [ app_begin ] --START--
INFO: Run Behavior\ReadHtmlCacheBehavior [ RunTime:0.000000s ]
INFO: [ app_begin ] --END-- [ RunTime:0.001000s ]
INFO: [ app_end ] --START--
INFO: Run Behavior\ShowPageTraceBehavior [ RunTime:0.001000s ]
INFO: [ app_end ] --END-- [ RunTime:0.001000s ]

[ 2016-05-27T16:59:33+08:00 ] 127.0.0.1 /xiangmu/YooZu/index.php/Home/User/login_user
INFO: [ app_init ] --START--
INFO: Run Behavior\BuildLiteBehavior [ RunTime:0.000000s ]
INFO: [ app_init ] --END-- [ RunTime:0.001000s ]
INFO: [ app_begin ] --START--
INFO: Run Behavior\ReadHtmlCacheBehavior [ RunTime:0.001000s ]
INFO: [ app_begin ] --END-- [ RunTime:0.001000s ]
SQL: SHOW COLUMNS FROM `yz_ucenter_member` [ RunTime:0.0040s ]
SQL: SELECT * FROM `yz_ucenter_member` WHERE `username` = '1234' LIMIT 1   [ RunTime:0.0000s ]
SQL: UPDATE `yz_ucenter_member` SET `last_login_time`='1464339572',`last_login_ip`='2130706433' WHERE `id` = 2 [ RunTime:0.1610s ]
INFO: [ app_end ] --START--
INFO: Run Behavior\ShowPageTraceBehavior [ RunTime:0.001000s ]
INFO: [ app_end ] --END-- [ RunTime:0.001000s ]

[ 2016-05-27T17:00:38+08:00 ] 127.0.0.1 /xiangmu/YooZu/
INFO: [ app_init ] --START--
INFO: Run Behavior\BuildLiteBehavior [ RunTime:0.000000s ]
INFO: [ app_init ] --END-- [ RunTime:0.000000s ]
INFO: [ app_begin ] --START--
INFO: Run Behavior\ReadHtmlCacheBehavior [ RunTime:0.001000s ]
INFO: [ app_begin ] --END-- [ RunTime:0.001000s ]
INFO: [ view_parse ] --START--
INFO: [ template_filter ] --START--
INFO: Run Behavior\ContentReplaceBehavior [ RunTime:0.000000s ]
INFO: [ template_filter ] --END-- [ RunTime:0.000000s ]
NOTIC: [8] Undefined variable: uid E:\Demo\xiangmu\YooZu\Application\Runtime\Cache\Home\2a94b8bda04ff446dcedd42276fc99ee.php 第 71 行.
NOTIC: [8] Undefined variable: uid E:\Demo\xiangmu\YooZu\Application\Runtime\Cache\Home\2a94b8bda04ff446dcedd42276fc99ee.php 第 77 行.
INFO: Run Behavior\ParseTemplateBehavior [ RunTime:0.014001s ]
INFO: [ view_parse ] --END-- [ RunTime:0.016001s ]
INFO: [ view_filter ] --START--
INFO: Run Behavior\WriteHtmlCacheBehavior [ RunTime:0.000000s ]
INFO: [ view_filter ] --END-- [ RunTime:0.000000s ]
INFO: [ app_end ] --START--
INFO: Run Behavior\ShowPageTraceBehavior [ RunTime:0.001000s ]
INFO: [ app_end ] --END-- [ RunTime:0.002000s ]

[ 2016-05-27T17:00:40+08:00 ] 127.0.0.1 /xiangmu/YooZu/index.php/Home/User/login.html
INFO: [ app_init ] --START--
INFO: Run Behavior\BuildLiteBehavior [ RunTime:0.000000s ]
INFO: [ app_init ] --END-- [ RunTime:0.001000s ]
INFO: [ app_begin ] --START--
INFO: Run Behavior\ReadHtmlCacheBehavior [ RunTime:0.001001s ]
INFO: [ app_begin ] --END-- [ RunTime:0.001001s ]
INFO: [ view_parse ] --START--
INFO: [ template_filter ] --START--
INFO: Run Behavior\ContentReplaceBehavior [ RunTime:0.000000s ]
INFO: [ template_filter ] --END-- [ RunTime:0.001000s ]
NOTIC: [8] Undefined variable: uid E:\Demo\xiangmu\YooZu\Application\Runtime\Cache\Home\5c9ee6d19cd41add49f97afe3aef0b25.php 第 71 行.
NOTIC: [8] Undefined variable: uid E:\Demo\xiangmu\YooZu\Application\Runtime\Cache\Home\5c9ee6d19cd41add49f97afe3aef0b25.php 第 77 行.
INFO: Run Behavior\ParseTemplateBehavior [ RunTime:0.016001s ]
INFO: [ view_parse ] --END-- [ RunTime:0.016001s ]
INFO: [ view_filter ] --START--
INFO: Run Behavior\WriteHtmlCacheBehavior [ RunTime:0.001000s ]
INFO: [ view_filter ] --END-- [ RunTime:0.001000s ]
INFO: [ app_end ] --START--
INFO: Run Behavior\ShowPageTraceBehavior [ RunTime:0.001000s ]
INFO: [ app_end ] --END-- [ RunTime:0.001000s ]

[ 2016-05-27T17:00:40+08:00 ] 127.0.0.1 /xiangmu/YooZu/index.php/Home/User/create_vf.html
INFO: [ app_init ] --START--
INFO: Run Behavior\BuildLiteBehavior [ RunTime:0.000000s ]
INFO: [ app_init ] --END-- [ RunTime:0.001000s ]
INFO: [ app_begin ] --START--
INFO: Run Behavior\ReadHtmlCacheBehavior [ RunTime:0.001000s ]
INFO: [ app_begin ] --END-- [ RunTime:0.002000s ]
INFO: [ app_end ] --START--
INFO: Run Behavior\ShowPageTraceBehavior [ RunTime:0.000000s ]
INFO: [ app_end ] --END-- [ RunTime:0.001000s ]

[ 2016-05-27T17:00:54+08:00 ] 127.0.0.1 /xiangmu/YooZu/index.php/Home/User/login_user
INFO: [ app_init ] --START--
INFO: Run Behavior\BuildLiteBehavior [ RunTime:0.001000s ]
INFO: [ app_init ] --END-- [ RunTime:0.001000s ]
INFO: [ app_begin ] --START--
INFO: Run Behavior\ReadHtmlCacheBehavior [ RunTime:0.000000s ]
INFO: [ app_begin ] --END-- [ RunTime:0.000000s ]
SQL: SHOW COLUMNS FROM `yz_ucenter_member` [ RunTime:0.0030s ]
SQL: SELECT * FROM `yz_ucenter_member` WHERE `username` = 'zhujiahao' LIMIT 1   [ RunTime:0.0000s ]
SQL: UPDATE `yz_ucenter_member` SET `last_login_time`='1464339654',`last_login_ip`='2130706433' WHERE `id` = 1 [ RunTime:0.0970s ]
INFO: [ app_end ] --START--
INFO: Run Behavior\ShowPageTraceBehavior [ RunTime:0.001000s ]
INFO: [ app_end ] --END-- [ RunTime:0.001000s ]

[ 2016-05-27T17:09:37+08:00 ] 127.0.0.1 /xiangmu/YooZu/
INFO: [ app_init ] --START--
INFO: Run Behavior\BuildLiteBehavior [ RunTime:0.000000s ]
INFO: [ app_init ] --END-- [ RunTime:0.001000s ]
INFO: [ app_begin ] --START--
INFO: Run Behavior\ReadHtmlCacheBehavior [ RunTime:0.001000s ]
INFO: [ app_begin ] --END-- [ RunTime:0.001000s ]
INFO: [ view_parse ] --START--
INFO: [ template_filter ] --START--
INFO: Run Behavior\ContentReplaceBehavior [ RunTime:0.000000s ]
INFO: [ template_filter ] --END-- [ RunTime:0.000000s ]
NOTIC: [8] Undefined variable: uid E:\Demo\xiangmu\YooZu\Application\Runtime\Cache\Home\2a94b8bda04ff446dcedd42276fc99ee.php 第 71 行.
NOTIC: [8] Undefined variable: uid E:\Demo\xiangmu\YooZu\Application\Runtime\Cache\Home\2a94b8bda04ff446dcedd42276fc99ee.php 第 77 行.
INFO: Run Behavior\ParseTemplateBehavior [ RunTime:0.013001s ]
INFO: [ view_parse ] --END-- [ RunTime:0.013001s ]
INFO: [ view_filter ] --START--
INFO: Run Behavior\WriteHtmlCacheBehavior [ RunTime:0.001000s ]
INFO: [ view_filter ] --END-- [ RunTime:0.001000s ]
INFO: [ app_end ] --START--
INFO: Run Behavior\ShowPageTraceBehavior [ RunTime:0.001000s ]
INFO: [ app_end ] --END-- [ RunTime:0.001000s ]

[ 2016-05-27T17:09:40+08:00 ] 127.0.0.1 /xiangmu/YooZu/index.php/Home/User/login.html
INFO: [ app_init ] --START--
INFO: Run Behavior\BuildLiteBehavior [ RunTime:0.000000s ]
INFO: [ app_init ] --END-- [ RunTime:0.000000s ]
INFO: [ app_begin ] --START--
INFO: Run Behavior\ReadHtmlCacheBehavior [ RunTime:0.000000s ]
INFO: [ app_begin ] --END-- [ RunTime:0.001000s ]
INFO: [ view_parse ] --START--
INFO: [ template_filter ] --START--
INFO: Run Behavior\ContentReplaceBehavior [ RunTime:0.001000s ]
INFO: [ template_filter ] --END-- [ RunTime:0.001000s ]
NOTIC: [8] Undefined variable: uid E:\Demo\xiangmu\YooZu\Application\Runtime\Cache\Home\5c9ee6d19cd41add49f97afe3aef0b25.php 第 71 行.
NOTIC: [8] Undefined variable: uid E:\Demo\xiangmu\YooZu\Application\Runtime\Cache\Home\5c9ee6d19cd41add49f97afe3aef0b25.php 第 77 行.
INFO: Run Behavior\ParseTemplateBehavior [ RunTime:0.013000s ]
INFO: [ view_parse ] --END-- [ RunTime:0.014000s ]
INFO: [ view_filter ] --START--
INFO: Run Behavior\WriteHtmlCacheBehavior [ RunTime:0.000000s ]
INFO: [ view_filter ] --END-- [ RunTime:0.000000s ]
INFO: [ app_end ] --START--
INFO: Run Behavior\ShowPageTraceBehavior [ RunTime:0.000000s ]
INFO: [ app_end ] --END-- [ RunTime:0.001001s ]

[ 2016-05-27T17:09:41+08:00 ] 127.0.0.1 /xiangmu/YooZu/index.php/Home/User/create_vf.html
INFO: [ app_init ] --START--
INFO: Run Behavior\BuildLiteBehavior [ RunTime:0.000000s ]
INFO: [ app_init ] --END-- [ RunTime:0.001000s ]
INFO: [ app_begin ] --START--
INFO: Run Behavior\ReadHtmlCacheBehavior [ RunTime:0.001000s ]
INFO: [ app_begin ] --END-- [ RunTime:0.001000s ]
INFO: [ app_end ] --START--
INFO: Run Behavior\ShowPageTraceBehavior [ RunTime:0.001000s ]
INFO: [ app_end ] --END-- [ RunTime:0.002000s ]

[ 2016-05-27T17:09:51+08:00 ] 127.0.0.1 /xiangmu/YooZu/index.php/Home/User/login_user
INFO: [ app_init ] --START--
INFO: Run Behavior\BuildLiteBehavior [ RunTime:0.000000s ]
INFO: [ app_init ] --END-- [ RunTime:0.000000s ]
INFO: [ app_begin ] --START--
INFO: Run Behavior\ReadHtmlCacheBehavior [ RunTime:0.001000s ]
INFO: [ app_begin ] --END-- [ RunTime:0.001000s ]
SQL: SHOW COLUMNS FROM `yz_ucenter_member` [ RunTime:0.0030s ]
SQL: SELECT * FROM `yz_ucenter_member` WHERE `username` = 'zhangfei' LIMIT 1   [ RunTime:0.0010s ]
SQL: UPDATE `yz_ucenter_member` SET `last_login_time`='1464340191',`last_login_ip`='2130706433' WHERE `id` = 6 [ RunTime:0.2060s ]
INFO: [ app_end ] --START--
INFO: Run Behavior\ShowPageTraceBehavior [ RunTime:0.001000s ]
INFO: [ app_end ] --END-- [ RunTime:0.001000s ]

[ 2016-05-27T17:11:54+08:00 ] 127.0.0.1 /xiangmu/YooZu/
INFO: [ app_init ] --START--
INFO: Run Behavior\BuildLiteBehavior [ RunTime:0.000000s ]
INFO: [ app_init ] --END-- [ RunTime:0.001000s ]
INFO: [ app_begin ] --START--
INFO: Run Behavior\ReadHtmlCacheBehavior [ RunTime:0.001000s ]
INFO: [ app_begin ] --END-- [ RunTime:0.001000s ]
INFO: [ view_parse ] --START--
INFO: [ template_filter ] --START--
INFO: Run Behavior\ContentReplaceBehavior [ RunTime:0.001000s ]
INFO: [ template_filter ] --END-- [ RunTime:0.001000s ]
NOTIC: [8] Undefined variable: uid E:\Demo\xiangmu\YooZu\Application\Runtime\Cache\Home\2a94b8bda04ff446dcedd42276fc99ee.php 第 71 行.
NOTIC: [8] Undefined variable: uid E:\Demo\xiangmu\YooZu\Application\Runtime\Cache\Home\2a94b8bda04ff446dcedd42276fc99ee.php 第 77 行.
INFO: Run Behavior\ParseTemplateBehavior [ RunTime:0.015000s ]
INFO: [ view_parse ] --END-- [ RunTime:0.016000s ]
INFO: [ view_filter ] --START--
INFO: Run Behavior\WriteHtmlCacheBehavior [ RunTime:0.001001s ]
INFO: [ view_filter ] --END-- [ RunTime:0.001001s ]
INFO: [ app_end ] --START--
INFO: Run Behavior\ShowPageTraceBehavior [ RunTime:0.000000s ]
INFO: [ app_end ] --END-- [ RunTime:0.001000s ]

[ 2016-05-27T17:11:55+08:00 ] 127.0.0.1 /xiangmu/YooZu/index.php/Home/User/login.html
INFO: [ app_init ] --START--
INFO: Run Behavior\BuildLiteBehavior [ RunTime:0.000000s ]
INFO: [ app_init ] --END-- [ RunTime:0.001000s ]
INFO: [ app_begin ] --START--
INFO: Run Behavior\ReadHtmlCacheBehavior [ RunTime:0.001000s ]
INFO: [ app_begin ] --END-- [ RunTime:0.001000s ]
INFO: [ view_parse ] --START--
INFO: [ template_filter ] --START--
INFO: Run Behavior\ContentReplaceBehavior [ RunTime:0.001000s ]
INFO: [ template_filter ] --END-- [ RunTime:0.001000s ]
NOTIC: [8] Undefined variable: uid E:\Demo\xiangmu\YooZu\Application\Runtime\Cache\Home\5c9ee6d19cd41add49f97afe3aef0b25.php 第 71 行.
NOTIC: [8] Undefined variable: uid E:\Demo\xiangmu\YooZu\Application\Runtime\Cache\Home\5c9ee6d19cd41add49f97afe3aef0b25.php 第 77 行.
INFO: Run Behavior\ParseTemplateBehavior [ RunTime:0.017001s ]
INFO: [ view_parse ] --END-- [ RunTime:0.017001s ]
INFO: [ view_filter ] --START--
INFO: Run Behavior\WriteHtmlCacheBehavior [ RunTime:0.000000s ]
INFO: [ view_filter ] --END-- [ RunTime:0.000000s ]
INFO: [ app_end ] --START--
INFO: Run Behavior\ShowPageTraceBehavior [ RunTime:0.001000s ]
INFO: [ app_end ] --END-- [ RunTime:0.001000s ]

[ 2016-05-27T17:11:57+08:00 ] 127.0.0.1 /xiangmu/YooZu/index.php/Home/User/create_vf.html
INFO: [ app_init ] --START--
INFO: Run Behavior\BuildLiteBehavior [ RunTime:0.000000s ]
INFO: [ app_init ] --END-- [ RunTime:0.001000s ]
INFO: [ app_begin ] --START--
INFO: Run Behavior\ReadHtmlCacheBehavior [ RunTime:0.001000s ]
INFO: [ app_begin ] --END-- [ RunTime:0.001000s ]
INFO: [ app_end ] --START--
INFO: Run Behavior\ShowPageTraceBehavior [ RunTime:0.001000s ]
INFO: [ app_end ] --END-- [ RunTime:0.001000s ]

[ 2016-05-27T17:11:58+08:00 ] 127.0.0.1 /xiangmu/YooZu/index.php/Home/User/login.html
INFO: [ app_init ] --START--
INFO: Run Behavior\BuildLiteBehavior [ RunTime:0.000000s ]
INFO: [ app_init ] --END-- [ RunTime:0.000000s ]
INFO: [ app_begin ] --START--
INFO: Run Behavior\ReadHtmlCacheBehavior [ RunTime:0.001000s ]
INFO: [ app_begin ] --END-- [ RunTime:0.001000s ]
INFO: [ view_parse ] --START--
INFO: [ template_filter ] --START--
INFO: Run Behavior\ContentReplaceBehavior [ RunTime:0.001000s ]
INFO: [ template_filter ] --END-- [ RunTime:0.001000s ]
NOTIC: [8] Undefined variable: uid E:\Demo\xiangmu\YooZu\Application\Runtime\Cache\Home\5c9ee6d19cd41add49f97afe3aef0b25.php 第 71 行.
NOTIC: [8] Undefined variable: uid E:\Demo\xiangmu\YooZu\Application\Runtime\Cache\Home\5c9ee6d19cd41add49f97afe3aef0b25.php 第 77 行.
INFO: Run Behavior\ParseTemplateBehavior [ RunTime:0.014001s ]
INFO: [ view_parse ] --END-- [ RunTime:0.014001s ]
INFO: [ view_filter ] --START--
INFO: Run Behavior\WriteHtmlCacheBehavior [ RunTime:0.000000s ]
INFO: [ view_filter ] --END-- [ RunTime:0.000000s ]
INFO: [ app_end ] --START--
INFO: Run Behavior\ShowPageTraceBehavior [ RunTime:0.001000s ]
INFO: [ app_end ] --END-- [ RunTime:0.001000s ]

[ 2016-05-27T17:11:58+08:00 ] 127.0.0.1 /xiangmu/YooZu/index.php/Home/User/create_vf.html
INFO: [ app_init ] --START--
INFO: Run Behavior\BuildLiteBehavior [ RunTime:0.000000s ]
INFO: [ app_init ] --END-- [ RunTime:0.001000s ]
INFO: [ app_begin ] --START--
INFO: Run Behavior\ReadHtmlCacheBehavior [ RunTime:0.001000s ]
INFO: [ app_begin ] --END-- [ RunTime:0.001000s ]
INFO: [ app_end ] --START--
INFO: Run Behavior\ShowPageTraceBehavior [ RunTime:0.001000s ]
INFO: [ app_end ] --END-- [ RunTime:0.002000s ]

[ 2016-05-27T17:12:06+08:00 ] 127.0.0.1 /xiangmu/YooZu/index.php/Home/User/login_user
INFO: [ app_init ] --START--
INFO: Run Behavior\BuildLiteBehavior [ RunTime:0.000000s ]
INFO: [ app_init ] --END-- [ RunTime:0.000000s ]
INFO: [ app_begin ] --START--
INFO: Run Behavior\ReadHtmlCacheBehavior [ RunTime:0.001000s ]
INFO: [ app_begin ] --END-- [ RunTime:0.001000s ]
SQL: SHOW COLUMNS FROM `yz_ucenter_member` [ RunTime:0.0030s ]
SQL: SELECT * FROM `yz_ucenter_member` WHERE `username` = '1234' LIMIT 1   [ RunTime:0.0000s ]
SQL: UPDATE `yz_ucenter_member` SET `last_login_time`='1464340325',`last_login_ip`='2130706433' WHERE `id` = 2 [ RunTime:0.1030s ]
INFO: [ app_end ] --START--
INFO: Run Behavior\ShowPageTraceBehavior [ RunTime:0.001000s ]
INFO: [ app_end ] --END-- [ RunTime:0.001000s ]

[ 2016-05-27T18:44:44+08:00 ] 127.0.0.1 /xiangmu/YooZu/
INFO: [ app_init ] --START--
INFO: Run Behavior\BuildLiteBehavior [ RunTime:0.000000s ]
INFO: [ app_init ] --END-- [ RunTime:0.000000s ]
INFO: [ app_begin ] --START--
INFO: Run Behavior\ReadHtmlCacheBehavior [ RunTime:0.000000s ]
INFO: [ app_begin ] --END-- [ RunTime:0.000000s ]
INFO: [ view_parse ] --START--
INFO: [ template_filter ] --START--
INFO: Run Behavior\ContentReplaceBehavior [ RunTime:0.000000s ]
INFO: [ template_filter ] --END-- [ RunTime:0.000000s ]
NOTIC: [8] Undefined variable: uid E:\Demo\xiangmu\YooZu\Application\Runtime\Cache\Home\2a94b8bda04ff446dcedd42276fc99ee.php 第 71 行.
NOTIC: [8] Undefined variable: uid E:\Demo\xiangmu\YooZu\Application\Runtime\Cache\Home\2a94b8bda04ff446dcedd42276fc99ee.php 第 77 行.
INFO: Run Behavior\ParseTemplateBehavior [ RunTime:0.013001s ]
INFO: [ view_parse ] --END-- [ RunTime:0.013001s ]
INFO: [ view_filter ] --START--
INFO: Run Behavior\WriteHtmlCacheBehavior [ RunTime:0.000000s ]
INFO: [ view_filter ] --END-- [ RunTime:0.000000s ]
INFO: [ app_end ] --START--
INFO: Run Behavior\ShowPageTraceBehavior [ RunTime:0.000000s ]
INFO: [ app_end ] --END-- [ RunTime:0.000000s ]

[ 2016-05-27T18:44:46+08:00 ] 127.0.0.1 /xiangmu/YooZu/index.php/Home/User/login.html
INFO: [ app_init ] --START--
INFO: Run Behavior\BuildLiteBehavior [ RunTime:0.000000s ]
INFO: [ app_init ] --END-- [ RunTime:0.000000s ]
INFO: [ app_begin ] --START--
INFO: Run Behavior\ReadHtmlCacheBehavior [ RunTime:0.001000s ]
INFO: [ app_begin ] --END-- [ RunTime:0.001000s ]
INFO: [ view_parse ] --START--
INFO: [ template_filter ] --START--
INFO: Run Behavior\ContentReplaceBehavior [ RunTime:0.001000s ]
INFO: [ template_filter ] --END-- [ RunTime:0.001000s ]
NOTIC: [8] Undefined variable: uid E:\Demo\xiangmu\YooZu\Application\Runtime\Cache\Home\5c9ee6d19cd41add49f97afe3aef0b25.php 第 71 行.
NOTIC: [8] Undefined variable: uid E:\Demo\xiangmu\YooZu\Application\Runtime\Cache\Home\5c9ee6d19cd41add49f97afe3aef0b25.php 第 77 行.
INFO: Run Behavior\ParseTemplateBehavior [ RunTime:0.015001s ]
INFO: [ view_parse ] --END-- [ RunTime:0.015001s ]
INFO: [ view_filter ] --START--
INFO: Run Behavior\WriteHtmlCacheBehavior [ RunTime:0.001000s ]
INFO: [ view_filter ] --END-- [ RunTime:0.001000s ]
INFO: [ app_end ] --START--
INFO: Run Behavior\ShowPageTraceBehavior [ RunTime:0.001000s ]
INFO: [ app_end ] --END-- [ RunTime:0.001000s ]

[ 2016-05-27T18:44:46+08:00 ] 127.0.0.1 /xiangmu/YooZu/index.php/Home/User/create_vf.html
INFO: [ app_init ] --START--
INFO: Run Behavior\BuildLiteBehavior [ RunTime:0.000000s ]
INFO: [ app_init ] --END-- [ RunTime:0.001000s ]
INFO: [ app_begin ] --START--
INFO: Run Behavior\ReadHtmlCacheBehavior [ RunTime:0.001000s ]
INFO: [ app_begin ] --END-- [ RunTime:0.001000s ]
INFO: [ app_end ] --START--
INFO: Run Behavior\ShowPageTraceBehavior [ RunTime:0.001001s ]
INFO: [ app_end ] --END-- [ RunTime:0.001001s ]

[ 2016-05-27T18:44:56+08:00 ] 127.0.0.1 /xiangmu/YooZu/index.php/Home/User/login_user
INFO: [ app_init ] --START--
INFO: Run Behavior\BuildLiteBehavior [ RunTime:0.000000s ]
INFO: [ app_init ] --END-- [ RunTime:0.000000s ]
INFO: [ app_begin ] --START--
INFO: Run Behavior\ReadHtmlCacheBehavior [ RunTime:0.000000s ]
INFO: [ app_begin ] --END-- [ RunTime:0.001000s ]
SQL: SHOW COLUMNS FROM `yz_ucenter_member` [ RunTime:0.0050s ]
SQL: SELECT * FROM `yz_ucenter_member` WHERE `username` = 'zhujiahao' LIMIT 1   [ RunTime:0.0000s ]
SQL: UPDATE `yz_ucenter_member` SET `last_login_time`='1464345896',`last_login_ip`='2130706433' WHERE `id` = 1 [ RunTime:0.0840s ]
INFO: [ app_end ] --START--
INFO: Run Behavior\ShowPageTraceBehavior [ RunTime:0.001000s ]
INFO: [ app_end ] --END-- [ RunTime:0.001000s ]

[ 2016-05-27T23:07:25+08:00 ] 127.0.0.1 /xiangmu/YooZu/
INFO: [ app_init ] --START--
INFO: Run Behavior\BuildLiteBehavior [ RunTime:0.000000s ]
INFO: [ app_init ] --END-- [ RunTime:0.063004s ]
INFO: [ app_begin ] --START--
INFO: Run Behavior\ReadHtmlCacheBehavior [ RunTime:0.002000s ]
INFO: [ app_begin ] --END-- [ RunTime:0.002000s ]
INFO: [ view_parse ] --START--
INFO: [ template_filter ] --START--
INFO: Run Behavior\ContentReplaceBehavior [ RunTime:0.067004s ]
INFO: [ template_filter ] --END-- [ RunTime:0.068004s ]
NOTIC: [8] Undefined variable: uid E:\Demo\xiangmu\YooZu\Application\Runtime\Cache\Home\2a94b8bda04ff446dcedd42276fc99ee.php 第 71 行.
NOTIC: [8] Undefined variable: uid E:\Demo\xiangmu\YooZu\Application\Runtime\Cache\Home\2a94b8bda04ff446dcedd42276fc99ee.php 第 77 行.
INFO: Run Behavior\ParseTemplateBehavior [ RunTime:0.434025s ]
INFO: [ view_parse ] --END-- [ RunTime:0.435025s ]
INFO: [ view_filter ] --START--
INFO: Run Behavior\WriteHtmlCacheBehavior [ RunTime:0.000000s ]
INFO: [ view_filter ] --END-- [ RunTime:0.000000s ]
INFO: [ app_end ] --START--
INFO: Run Behavior\ShowPageTraceBehavior [ RunTime:0.001000s ]
INFO: [ app_end ] --END-- [ RunTime:0.001000s ]

[ 2016-05-27T23:07:59+08:00 ] 127.0.0.1 /xiangmu/YooZu/index.php/Home/User/login.html
INFO: [ app_init ] --START--
INFO: Run Behavior\BuildLiteBehavior [ RunTime:0.000000s ]
INFO: [ app_init ] --END-- [ RunTime:0.000000s ]
INFO: [ app_begin ] --START--
INFO: Run Behavior\ReadHtmlCacheBehavior [ RunTime:0.001000s ]
INFO: [ app_begin ] --END-- [ RunTime:0.001000s ]
INFO: [ view_parse ] --START--
INFO: [ template_filter ] --START--
INFO: Run Behavior\ContentReplaceBehavior [ RunTime:0.000000s ]
INFO: [ template_filter ] --END-- [ RunTime:0.001000s ]
NOTIC: [8] Undefined variable: uid E:\Demo\xiangmu\YooZu\Application\Runtime\Cache\Home\5c9ee6d19cd41add49f97afe3aef0b25.php 第 71 行.
NOTIC: [8] Undefined variable: uid E:\Demo\xiangmu\YooZu\Application\Runtime\Cache\Home\5c9ee6d19cd41add49f97afe3aef0b25.php 第 77 行.
INFO: Run Behavior\ParseTemplateBehavior [ RunTime:0.045002s ]
INFO: [ view_parse ] --END-- [ RunTime:0.045002s ]
INFO: [ view_filter ] --START--
INFO: Run Behavior\WriteHtmlCacheBehavior [ RunTime:0.001000s ]
INFO: [ view_filter ] --END-- [ RunTime:0.001000s ]
INFO: [ app_end ] --START--
INFO: Run Behavior\ShowPageTraceBehavior [ RunTime:0.001000s ]
INFO: [ app_end ] --END-- [ RunTime:0.001000s ]

[ 2016-05-27T23:07:59+08:00 ] 127.0.0.1 /xiangmu/YooZu/index.php/Home/User/create_vf.html
INFO: [ app_init ] --START--
INFO: Run Behavior\BuildLiteBehavior [ RunTime:0.000000s ]
INFO: [ app_init ] --END-- [ RunTime:0.000000s ]
INFO: [ app_begin ] --START--
INFO: Run Behavior\ReadHtmlCacheBehavior [ RunTime:0.001000s ]
INFO: [ app_begin ] --END-- [ RunTime:0.001000s ]
INFO: [ app_end ] --START--
INFO: Run Behavior\ShowPageTraceBehavior [ RunTime:0.001000s ]
INFO: [ app_end ] --END-- [ RunTime:0.001000s ]

[ 2016-05-27T23:08:12+08:00 ] 127.0.0.1 /xiangmu/YooZu/index.php/Home/User/login_user
INFO: [ app_init ] --START--
INFO: Run Behavior\BuildLiteBehavior [ RunTime:0.000000s ]
INFO: [ app_init ] --END-- [ RunTime:0.001000s ]
INFO: [ app_begin ] --START--
INFO: Run Behavior\ReadHtmlCacheBehavior [ RunTime:0.000000s ]
INFO: [ app_begin ] --END-- [ RunTime:0.001000s ]
SQL: SHOW COLUMNS FROM `yz_ucenter_member` [ RunTime:0.1220s ]
SQL: SELECT * FROM `yz_ucenter_member` WHERE `username` = 'zhujiahao' LIMIT 1   [ RunTime:0.0350s ]
SQL: UPDATE `yz_ucenter_member` SET `last_login_time`='1464361692',`last_login_ip`='2130706433' WHERE `id` = 1 [ RunTime:0.1180s ]
INFO: [ app_end ] --START--
INFO: Run Behavior\ShowPageTraceBehavior [ RunTime:0.001000s ]
INFO: [ app_end ] --END-- [ RunTime:0.001000s ]

