[ 2016-05-19T10:16:15+08:00 ] 127.0.0.1 /xiangmu/YooZu/
INFO: [ app_init ] --START--
INFO: Run Behavior\BuildLiteBehavior [ RunTime:0.000000s ]
INFO: [ app_init ] --END-- [ RunTime:0.023001s ]
INFO: [ app_begin ] --START--
INFO: Run Behavior\ReadHtmlCacheBehavior [ RunTime:0.001000s ]
INFO: [ app_begin ] --END-- [ RunTime:0.001000s ]
INFO: [ view_parse ] --START--
INFO: [ template_filter ] --START--
INFO: Run Behavior\ContentReplaceBehavior [ RunTime:0.031002s ]
INFO: [ template_filter ] --END-- [ RunTime:0.033002s ]
NOTIC: [8] Undefined variable: uid E:\Demo\xiangmu\YooZu\Application\Runtime\Cache\Home\2a94b8bda04ff446dcedd42276fc99ee.php 第 68 行.
NOTIC: [8] Undefined variable: uid E:\Demo\xiangmu\YooZu\Application\Runtime\Cache\Home\2a94b8bda04ff446dcedd42276fc99ee.php 第 74 行.
INFO: Run Behavior\ParseTemplateBehavior [ RunTime:0.139008s ]
INFO: [ view_parse ] --END-- [ RunTime:0.139008s ]
INFO: [ view_filter ] --START--
INFO: Run Behavior\WriteHtmlCacheBehavior [ RunTime:0.000000s ]
INFO: [ view_filter ] --END-- [ RunTime:0.000000s ]
INFO: [ app_end ] --START--
INFO: Run Behavior\ShowPageTraceBehavior [ RunTime:0.001000s ]
INFO: [ app_end ] --END-- [ RunTime:0.001000s ]

[ 2016-05-19T10:16:44+08:00 ] 127.0.0.1 /xiangmu/YooZu/index.php/Home/User/login.html
INFO: [ app_init ] --START--
INFO: Run Behavior\BuildLiteBehavior [ RunTime:0.000000s ]
INFO: [ app_init ] --END-- [ RunTime:0.000000s ]
INFO: [ app_begin ] --START--
INFO: Run Behavior\ReadHtmlCacheBehavior [ RunTime:0.001000s ]
INFO: [ app_begin ] --END-- [ RunTime:0.001000s ]
INFO: [ view_parse ] --START--
INFO: [ template_filter ] --START--
INFO: Run Behavior\ContentReplaceBehavior [ RunTime:0.000000s ]
INFO: [ template_filter ] --END-- [ RunTime:0.000000s ]
NOTIC: [8] Undefined variable: uid E:\Demo\xiangmu\YooZu\Application\Runtime\Cache\Home\5c9ee6d19cd41add49f97afe3aef0b25.php 第 68 行.
NOTIC: [8] Undefined variable: uid E:\Demo\xiangmu\YooZu\Application\Runtime\Cache\Home\5c9ee6d19cd41add49f97afe3aef0b25.php 第 74 行.
INFO: Run Behavior\ParseTemplateBehavior [ RunTime:0.097005s ]
INFO: [ view_parse ] --END-- [ RunTime:0.097005s ]
INFO: [ view_filter ] --START--
INFO: Run Behavior\WriteHtmlCacheBehavior [ RunTime:0.000000s ]
INFO: [ view_filter ] --END-- [ RunTime:0.001000s ]
INFO: [ app_end ] --START--
INFO: Run Behavior\ShowPageTraceBehavior [ RunTime:0.001001s ]
INFO: [ app_end ] --END-- [ RunTime:0.001001s ]

[ 2016-05-19T10:16:44+08:00 ] 127.0.0.1 /xiangmu/YooZu/index.php/Home/User/create_vf.html
INFO: [ app_init ] --START--
INFO: Run Behavior\BuildLiteBehavior [ RunTime:0.000000s ]
INFO: [ app_init ] --END-- [ RunTime:0.001000s ]
INFO: [ app_begin ] --START--
INFO: Run Behavior\ReadHtmlCacheBehavior [ RunTime:0.000000s ]
INFO: [ app_begin ] --END-- [ RunTime:0.000000s ]
INFO: [ app_end ] --START--
INFO: Run Behavior\ShowPageTraceBehavior [ RunTime:0.001000s ]
INFO: [ app_end ] --END-- [ RunTime:0.002000s ]

[ 2016-05-19T10:16:58+08:00 ] 127.0.0.1 /xiangmu/YooZu/index.php/Home/User/login_user
INFO: [ app_init ] --START--
INFO: Run Behavior\BuildLiteBehavior [ RunTime:0.000000s ]
INFO: [ app_init ] --END-- [ RunTime:0.000000s ]
INFO: [ app_begin ] --START--
INFO: Run Behavior\ReadHtmlCacheBehavior [ RunTime:0.001000s ]
INFO: [ app_begin ] --END-- [ RunTime:0.001000s ]
SQL: SHOW COLUMNS FROM `yz_ucenter_member` [ RunTime:0.2050s ]
SQL: SELECT * FROM `yz_ucenter_member` WHERE `username` = '1234' LIMIT 1   [ RunTime:0.0460s ]
SQL: UPDATE `yz_ucenter_member` SET `last_login_time`='1463624217',`last_login_ip`='2130706433' WHERE `id` = 2 [ RunTime:0.3690s ]
INFO: [ app_end ] --START--
INFO: Run Behavior\ShowPageTraceBehavior [ RunTime:0.000000s ]
INFO: [ app_end ] --END-- [ RunTime:0.000000s ]

[ 2016-05-19T19:23:12+08:00 ] 127.0.0.1 /xiangmu/YooZu/
INFO: [ app_init ] --START--
INFO: Run Behavior\BuildLiteBehavior [ RunTime:0.000000s ]
INFO: [ app_init ] --END-- [ RunTime:0.001000s ]
INFO: [ app_begin ] --START--
INFO: Run Behavior\ReadHtmlCacheBehavior [ RunTime:0.001000s ]
INFO: [ app_begin ] --END-- [ RunTime:0.002000s ]
INFO: [ view_parse ] --START--
INFO: [ template_filter ] --START--
INFO: Run Behavior\ContentReplaceBehavior [ RunTime:0.001000s ]
INFO: [ template_filter ] --END-- [ RunTime:0.001000s ]
NOTIC: [8] Undefined variable: uid E:\Demo\xiangmu\YooZu\Application\Runtime\Cache\Home\2a94b8bda04ff446dcedd42276fc99ee.php 第 70 行.
NOTIC: [8] Undefined variable: uid E:\Demo\xiangmu\YooZu\Application\Runtime\Cache\Home\2a94b8bda04ff446dcedd42276fc99ee.php 第 76 行.
INFO: Run Behavior\ParseTemplateBehavior [ RunTime:0.059004s ]
INFO: [ view_parse ] --END-- [ RunTime:0.059004s ]
INFO: [ view_filter ] --START--
INFO: Run Behavior\WriteHtmlCacheBehavior [ RunTime:0.001000s ]
INFO: [ view_filter ] --END-- [ RunTime:0.001000s ]
INFO: [ app_end ] --START--
INFO: Run Behavior\ShowPageTraceBehavior [ RunTime:0.002000s ]
INFO: [ app_end ] --END-- [ RunTime:0.002000s ]

[ 2016-05-19T19:23:16+08:00 ] 127.0.0.1 /xiangmu/YooZu/index.php/Home/User/login.html
INFO: [ app_init ] --START--
INFO: Run Behavior\BuildLiteBehavior [ RunTime:0.000000s ]
INFO: [ app_init ] --END-- [ RunTime:0.001000s ]
INFO: [ app_begin ] --START--
INFO: Run Behavior\ReadHtmlCacheBehavior [ RunTime:0.002000s ]
INFO: [ app_begin ] --END-- [ RunTime:0.002000s ]
INFO: [ view_parse ] --START--
INFO: [ template_filter ] --START--
INFO: Run Behavior\ContentReplaceBehavior [ RunTime:0.000000s ]
INFO: [ template_filter ] --END-- [ RunTime:0.001000s ]
NOTIC: [8] Undefined variable: uid E:\Demo\xiangmu\YooZu\Application\Runtime\Cache\Home\5c9ee6d19cd41add49f97afe3aef0b25.php 第 70 行.
NOTIC: [8] Undefined variable: uid E:\Demo\xiangmu\YooZu\Application\Runtime\Cache\Home\5c9ee6d19cd41add49f97afe3aef0b25.php 第 76 行.
INFO: Run Behavior\ParseTemplateBehavior [ RunTime:0.049003s ]
INFO: [ view_parse ] --END-- [ RunTime:0.049003s ]
INFO: [ view_filter ] --START--
INFO: Run Behavior\WriteHtmlCacheBehavior [ RunTime:0.001000s ]
INFO: [ view_filter ] --END-- [ RunTime:0.002000s ]
INFO: [ app_end ] --START--
INFO: Run Behavior\ShowPageTraceBehavior [ RunTime:0.002000s ]
INFO: [ app_end ] --END-- [ RunTime:0.002000s ]

[ 2016-05-19T19:23:16+08:00 ] 127.0.0.1 /xiangmu/YooZu/index.php/Home/User/create_vf.html
INFO: [ app_init ] --START--
INFO: Run Behavior\BuildLiteBehavior [ RunTime:0.000000s ]
INFO: [ app_init ] --END-- [ RunTime:0.001000s ]
INFO: [ app_begin ] --START--
INFO: Run Behavior\ReadHtmlCacheBehavior [ RunTime:0.001000s ]
INFO: [ app_begin ] --END-- [ RunTime:0.002001s ]
INFO: [ app_end ] --START--
INFO: Run Behavior\ShowPageTraceBehavior [ RunTime:0.002000s ]
INFO: [ app_end ] --END-- [ RunTime:0.002000s ]

[ 2016-05-19T19:23:30+08:00 ] 127.0.0.1 /xiangmu/YooZu/index.php/Home/User/login_user
INFO: [ app_init ] --START--
INFO: Run Behavior\BuildLiteBehavior [ RunTime:0.000000s ]
INFO: [ app_init ] --END-- [ RunTime:0.000000s ]
INFO: [ app_begin ] --START--
INFO: Run Behavior\ReadHtmlCacheBehavior [ RunTime:0.001000s ]
INFO: [ app_begin ] --END-- [ RunTime:0.001000s ]
SQL: SHOW COLUMNS FROM `yz_ucenter_member` [ RunTime:0.0080s ]
SQL: SELECT * FROM `yz_ucenter_member` WHERE `username` = 'zhujiahao' LIMIT 1   [ RunTime:0.0010s ]
SQL: UPDATE `yz_ucenter_member` SET `last_login_time`='1463657010',`last_login_ip`='2130706433' WHERE `id` = 1 [ RunTime:0.0660s ]
INFO: [ app_end ] --START--
INFO: Run Behavior\ShowPageTraceBehavior [ RunTime:0.002000s ]
INFO: [ app_end ] --END-- [ RunTime:0.002000s ]

[ 2016-05-19T20:44:26+08:00 ] 127.0.0.1 /xiangmu/YooZu/
INFO: [ app_init ] --START--
INFO: Run Behavior\BuildLiteBehavior [ RunTime:0.000000s ]
INFO: [ app_init ] --END-- [ RunTime:0.000000s ]
INFO: [ app_begin ] --START--
INFO: Run Behavior\ReadHtmlCacheBehavior [ RunTime:0.002000s ]
INFO: [ app_begin ] --END-- [ RunTime:0.003000s ]
INFO: [ view_parse ] --START--
INFO: [ template_filter ] --START--
INFO: Run Behavior\ContentReplaceBehavior [ RunTime:0.000000s ]
INFO: [ template_filter ] --END-- [ RunTime:0.001000s ]
NOTIC: [8] Undefined variable: uid E:\Demo\xiangmu\YooZu\Application\Runtime\Cache\Home\2a94b8bda04ff446dcedd42276fc99ee.php 第 70 行.
NOTIC: [8] Undefined variable: uid E:\Demo\xiangmu\YooZu\Application\Runtime\Cache\Home\2a94b8bda04ff446dcedd42276fc99ee.php 第 76 行.
INFO: Run Behavior\ParseTemplateBehavior [ RunTime:0.036002s ]
INFO: [ view_parse ] --END-- [ RunTime:0.037002s ]
INFO: [ view_filter ] --START--
INFO: Run Behavior\WriteHtmlCacheBehavior [ RunTime:0.002000s ]
INFO: [ view_filter ] --END-- [ RunTime:0.003000s ]
INFO: [ app_end ] --START--
INFO: Run Behavior\ShowPageTraceBehavior [ RunTime:0.001001s ]
INFO: [ app_end ] --END-- [ RunTime:0.002001s ]

[ 2016-05-19T20:44:39+08:00 ] 127.0.0.1 /xiangmu/YooZu/index.php/Home/User/login.html
INFO: [ app_init ] --START--
INFO: Run Behavior\BuildLiteBehavior [ RunTime:0.000000s ]
INFO: [ app_init ] --END-- [ RunTime:0.001000s ]
INFO: [ app_begin ] --START--
INFO: Run Behavior\ReadHtmlCacheBehavior [ RunTime:0.002000s ]
INFO: [ app_begin ] --END-- [ RunTime:0.002000s ]
INFO: [ view_parse ] --START--
INFO: [ template_filter ] --START--
INFO: Run Behavior\ContentReplaceBehavior [ RunTime:0.000000s ]
INFO: [ template_filter ] --END-- [ RunTime:0.003000s ]
NOTIC: [8] Undefined variable: uid E:\Demo\xiangmu\YooZu\Application\Runtime\Cache\Home\5c9ee6d19cd41add49f97afe3aef0b25.php 第 70 行.
NOTIC: [8] Undefined variable: uid E:\Demo\xiangmu\YooZu\Application\Runtime\Cache\Home\5c9ee6d19cd41add49f97afe3aef0b25.php 第 76 行.
INFO: Run Behavior\ParseTemplateBehavior [ RunTime:0.039002s ]
INFO: [ view_parse ] --END-- [ RunTime:0.041002s ]
INFO: [ view_filter ] --START--
INFO: Run Behavior\WriteHtmlCacheBehavior [ RunTime:0.001001s ]
INFO: [ view_filter ] --END-- [ RunTime:0.001001s ]
INFO: [ app_end ] --START--
INFO: Run Behavior\ShowPageTraceBehavior [ RunTime:0.002000s ]
INFO: [ app_end ] --END-- [ RunTime:0.002000s ]

[ 2016-05-19T20:44:40+08:00 ] 127.0.0.1 /xiangmu/YooZu/index.php/Home/User/create_vf.html
INFO: [ app_init ] --START--
INFO: Run Behavior\BuildLiteBehavior [ RunTime:0.000000s ]
INFO: [ app_init ] --END-- [ RunTime:0.002001s ]
INFO: [ app_begin ] --START--
INFO: Run Behavior\ReadHtmlCacheBehavior [ RunTime:0.005000s ]
INFO: [ app_begin ] --END-- [ RunTime:0.006000s ]
INFO: [ app_end ] --START--
INFO: Run Behavior\ShowPageTraceBehavior [ RunTime:0.004000s ]
INFO: [ app_end ] --END-- [ RunTime:0.006000s ]

[ 2016-05-19T20:44:55+08:00 ] 127.0.0.1 /xiangmu/YooZu/index.php/Home/User/login_user
INFO: [ app_init ] --START--
INFO: Run Behavior\BuildLiteBehavior [ RunTime:0.000000s ]
INFO: [ app_init ] --END-- [ RunTime:0.000000s ]
INFO: [ app_begin ] --START--
INFO: Run Behavior\ReadHtmlCacheBehavior [ RunTime:0.002000s ]
INFO: [ app_begin ] --END-- [ RunTime:0.002000s ]
SQL: SHOW COLUMNS FROM `yz_ucenter_member` [ RunTime:0.0090s ]
SQL: SELECT * FROM `yz_ucenter_member` WHERE `username` = 'zhujiahao' LIMIT 1   [ RunTime:0.0010s ]
SQL: UPDATE `yz_ucenter_member` SET `last_login_time`='1463661895',`last_login_ip`='2130706433' WHERE `id` = 1 [ RunTime:0.0960s ]
INFO: [ app_end ] --START--
INFO: Run Behavior\ShowPageTraceBehavior [ RunTime:0.002001s ]
INFO: [ app_end ] --END-- [ RunTime:0.003001s ]

[ 2016-05-19T23:53:11+08:00 ] 127.0.0.1 /xiangmu/YooZu/
INFO: [ app_init ] --START--
INFO: Run Behavior\BuildLiteBehavior [ RunTime:0.000000s ]
INFO: [ app_init ] --END-- [ RunTime:0.001000s ]
INFO: [ app_begin ] --START--
INFO: Run Behavior\ReadHtmlCacheBehavior [ RunTime:0.002001s ]
INFO: [ app_begin ] --END-- [ RunTime:0.003001s ]
INFO: [ view_parse ] --START--
INFO: [ template_filter ] --START--
INFO: Run Behavior\ContentReplaceBehavior [ RunTime:0.000000s ]
INFO: [ template_filter ] --END-- [ RunTime:0.001000s ]
NOTIC: [8] Undefined variable: uid E:\Demo\xiangmu\YooZu\Application\Runtime\Cache\Home\2a94b8bda04ff446dcedd42276fc99ee.php 第 70 行.
NOTIC: [8] Undefined variable: uid E:\Demo\xiangmu\YooZu\Application\Runtime\Cache\Home\2a94b8bda04ff446dcedd42276fc99ee.php 第 76 行.
INFO: Run Behavior\ParseTemplateBehavior [ RunTime:0.033002s ]
INFO: [ view_parse ] --END-- [ RunTime:0.034002s ]
INFO: [ view_filter ] --START--
INFO: Run Behavior\WriteHtmlCacheBehavior [ RunTime:0.001000s ]
INFO: [ view_filter ] --END-- [ RunTime:0.002000s ]
INFO: [ app_end ] --START--
INFO: Run Behavior\ShowPageTraceBehavior [ RunTime:0.002000s ]
INFO: [ app_end ] --END-- [ RunTime:0.002000s ]

[ 2016-05-19T23:53:13+08:00 ] 127.0.0.1 /xiangmu/YooZu/index.php/Home/User/login.html
INFO: [ app_init ] --START--
INFO: Run Behavior\BuildLiteBehavior [ RunTime:0.000000s ]
INFO: [ app_init ] --END-- [ RunTime:0.000000s ]
INFO: [ app_begin ] --START--
INFO: Run Behavior\ReadHtmlCacheBehavior [ RunTime:0.002000s ]
INFO: [ app_begin ] --END-- [ RunTime:0.003000s ]
INFO: [ view_parse ] --START--
INFO: [ template_filter ] --START--
INFO: Run Behavior\ContentReplaceBehavior [ RunTime:0.000000s ]
INFO: [ template_filter ] --END-- [ RunTime:0.002000s ]
NOTIC: [8] Undefined variable: uid E:\Demo\xiangmu\YooZu\Application\Runtime\Cache\Home\5c9ee6d19cd41add49f97afe3aef0b25.php 第 70 行.
NOTIC: [8] Undefined variable: uid E:\Demo\xiangmu\YooZu\Application\Runtime\Cache\Home\5c9ee6d19cd41add49f97afe3aef0b25.php 第 76 行.
INFO: Run Behavior\ParseTemplateBehavior [ RunTime:0.039002s ]
INFO: [ view_parse ] --END-- [ RunTime:0.041003s ]
INFO: [ view_filter ] --START--
INFO: Run Behavior\WriteHtmlCacheBehavior [ RunTime:0.002000s ]
INFO: [ view_filter ] --END-- [ RunTime:0.002000s ]
INFO: [ app_end ] --START--
INFO: Run Behavior\ShowPageTraceBehavior [ RunTime:0.002000s ]
INFO: [ app_end ] --END-- [ RunTime:0.003000s ]

[ 2016-05-19T23:53:13+08:00 ] 127.0.0.1 /xiangmu/YooZu/index.php/Home/User/create_vf.html
INFO: [ app_init ] --START--
INFO: Run Behavior\BuildLiteBehavior [ RunTime:0.000000s ]
INFO: [ app_init ] --END-- [ RunTime:0.001000s ]
INFO: [ app_begin ] --START--
INFO: Run Behavior\ReadHtmlCacheBehavior [ RunTime:0.001000s ]
INFO: [ app_begin ] --END-- [ RunTime:0.003000s ]
INFO: [ app_end ] --START--
INFO: Run Behavior\ShowPageTraceBehavior [ RunTime:0.002000s ]
INFO: [ app_end ] --END-- [ RunTime:0.002000s ]

[ 2016-05-19T23:53:29+08:00 ] 127.0.0.1 /xiangmu/YooZu/index.php/Home/User/login_user
INFO: [ app_init ] --START--
INFO: Run Behavior\BuildLiteBehavior [ RunTime:0.001000s ]
INFO: [ app_init ] --END-- [ RunTime:0.001000s ]
INFO: [ app_begin ] --START--
INFO: Run Behavior\ReadHtmlCacheBehavior [ RunTime:0.002000s ]
INFO: [ app_begin ] --END-- [ RunTime:0.002000s ]
SQL: SHOW COLUMNS FROM `yz_ucenter_member` [ RunTime:0.0070s ]
SQL: SELECT * FROM `yz_ucenter_member` WHERE `username` = 'zhujiahao' LIMIT 1   [ RunTime:0.0010s ]
SQL: UPDATE `yz_ucenter_member` SET `last_login_time`='1463673209',`last_login_ip`='2130706433' WHERE `id` = 1 [ RunTime:0.1270s ]
INFO: [ app_end ] --START--
INFO: Run Behavior\ShowPageTraceBehavior [ RunTime:0.003000s ]
INFO: [ app_end ] --END-- [ RunTime:0.003000s ]

