[ 2016-05-03T10:04:47+08:00 ] 127.0.0.1 /xiangmu/YooZu/index.php/Usercenter/Public/userfp.html
INFO: [ app_init ] --START--
INFO: Run Behavior\BuildLiteBehavior [ RunTime:0.000000s ]
INFO: [ app_init ] --END-- [ RunTime:0.018001s ]
INFO: [ app_begin ] --START--
INFO: Run Behavior\ReadHtmlCacheBehavior [ RunTime:0.001000s ]
INFO: [ app_begin ] --END-- [ RunTime:0.002000s ]
SQL: SHOW COLUMNS FROM `yz_weibo` [ RunTime:0.1400s ]
SQL: SHOW COLUMNS FROM `yz_weibo_comment` [ RunTime:0.0530s ]
INFO: [ view_parse ] --START--
INFO: [ template_filter ] --START--
INFO: Run Behavior\ContentReplaceBehavior [ RunTime:0.034002s ]
INFO: [ template_filter ] --END-- [ RunTime:0.035002s ]
INFO: Run Behavior\ParseTemplateBehavior [ RunTime:0.074004s ]
INFO: [ view_parse ] --END-- [ RunTime:0.074004s ]
INFO: [ view_filter ] --START--
INFO: Run Behavior\WriteHtmlCacheBehavior [ RunTime:0.001000s ]
INFO: [ view_filter ] --END-- [ RunTime:0.001000s ]

[ 2016-05-03T10:05:45+08:00 ] 127.0.0.1 /xiangmu/YooZu/index.php/Usercenter/Public/userfp.html
INFO: [ app_init ] --START--
INFO: Run Behavior\BuildLiteBehavior [ RunTime:0.000000s ]
INFO: [ app_init ] --END-- [ RunTime:0.000000s ]
INFO: [ app_begin ] --START--
INFO: Run Behavior\ReadHtmlCacheBehavior [ RunTime:0.000000s ]
INFO: [ app_begin ] --END-- [ RunTime:0.000000s ]
SQL: SHOW COLUMNS FROM `yz_weibo` [ RunTime:0.0020s ]
SQL: SHOW COLUMNS FROM `yz_weibo_comment` [ RunTime:0.0030s ]
SQL: SELECT `id` FROM `yz_weibo` ORDER BY create_time desc  [ RunTime:0.0010s ]
INFO: [ view_parse ] --START--
INFO: [ template_filter ] --START--
INFO: Run Behavior\ContentReplaceBehavior [ RunTime:0.000000s ]
INFO: [ template_filter ] --END-- [ RunTime:0.001000s ]
INFO: Run Behavior\ParseTemplateBehavior [ RunTime:0.099006s ]
INFO: [ view_parse ] --END-- [ RunTime:0.099006s ]
INFO: [ view_filter ] --START--
INFO: Run Behavior\WriteHtmlCacheBehavior [ RunTime:0.000000s ]
INFO: [ view_filter ] --END-- [ RunTime:0.002000s ]
INFO: [ app_end ] --START--
INFO: Run Behavior\ShowPageTraceBehavior [ RunTime:0.001000s ]
INFO: [ app_end ] --END-- [ RunTime:0.002000s ]

[ 2016-05-03T10:06:27+08:00 ] 127.0.0.1 /xiangmu/YooZu/index.php/Usercenter/Public/userfp.html
INFO: [ app_init ] --START--
INFO: Run Behavior\BuildLiteBehavior [ RunTime:0.000000s ]
INFO: [ app_init ] --END-- [ RunTime:0.000000s ]
INFO: [ app_begin ] --START--
INFO: Run Behavior\ReadHtmlCacheBehavior [ RunTime:0.001000s ]
INFO: [ app_begin ] --END-- [ RunTime:0.001000s ]
SQL: SHOW COLUMNS FROM `yz_weibo` [ RunTime:0.0020s ]
SQL: SHOW COLUMNS FROM `yz_weibo_comment` [ RunTime:0.0030s ]
INFO: [ view_parse ] --START--
INFO: [ template_filter ] --START--
INFO: Run Behavior\ContentReplaceBehavior [ RunTime:0.000000s ]
INFO: [ template_filter ] --END-- [ RunTime:0.000000s ]
INFO: Run Behavior\ParseTemplateBehavior [ RunTime:0.007000s ]
INFO: [ view_parse ] --END-- [ RunTime:0.007000s ]
INFO: [ view_filter ] --START--
INFO: Run Behavior\WriteHtmlCacheBehavior [ RunTime:0.000000s ]
INFO: [ view_filter ] --END-- [ RunTime:0.000000s ]

[ 2016-05-03T10:06:46+08:00 ] 127.0.0.1 /xiangmu/YooZu/index.php/Usercenter/Public/userfp.html
INFO: [ app_init ] --START--
INFO: Run Behavior\BuildLiteBehavior [ RunTime:0.001000s ]
INFO: [ app_init ] --END-- [ RunTime:0.001000s ]
INFO: [ app_begin ] --START--
INFO: Run Behavior\ReadHtmlCacheBehavior [ RunTime:0.001000s ]
INFO: [ app_begin ] --END-- [ RunTime:0.002000s ]
SQL: SHOW COLUMNS FROM `yz_weibo` [ RunTime:0.0050s ]
SQL: SHOW COLUMNS FROM `yz_weibo_comment` [ RunTime:0.0040s ]
SQL: SELECT `id` FROM `yz_weibo` ORDER BY create_time desc  [ RunTime:0.0000s ]
INFO: [ view_parse ] --START--
INFO: [ template_filter ] --START--
INFO: Run Behavior\ContentReplaceBehavior [ RunTime:0.000000s ]
INFO: [ template_filter ] --END-- [ RunTime:0.001000s ]
INFO: Run Behavior\ParseTemplateBehavior [ RunTime:0.028001s ]
INFO: [ view_parse ] --END-- [ RunTime:0.028001s ]
INFO: [ view_filter ] --START--
INFO: Run Behavior\WriteHtmlCacheBehavior [ RunTime:0.000000s ]
INFO: [ view_filter ] --END-- [ RunTime:0.001000s ]
INFO: [ app_end ] --START--
INFO: Run Behavior\ShowPageTraceBehavior [ RunTime:0.000000s ]
INFO: [ app_end ] --END-- [ RunTime:0.001000s ]

[ 2016-05-03T10:12:16+08:00 ] 127.0.0.1 /xiangmu/YooZu/index.php/Usercenter/Public/userfp.html
INFO: [ app_init ] --START--
INFO: Run Behavior\BuildLiteBehavior [ RunTime:0.000000s ]
INFO: [ app_init ] --END-- [ RunTime:0.000000s ]
INFO: [ app_begin ] --START--
INFO: Run Behavior\ReadHtmlCacheBehavior [ RunTime:0.001000s ]
INFO: [ app_begin ] --END-- [ RunTime:0.002000s ]
SQL: SHOW COLUMNS FROM `yz_weibo` [ RunTime:0.0040s ]
SQL: SHOW COLUMNS FROM `yz_weibo_comment` [ RunTime:0.0040s ]
SQL: SELECT `id` FROM `yz_weibo` ORDER BY create_time desc  [ RunTime:0.0010s ]
INFO: [ view_parse ] --START--
INFO: [ template_filter ] --START--
INFO: Run Behavior\ContentReplaceBehavior [ RunTime:0.000000s ]
INFO: [ template_filter ] --END-- [ RunTime:0.001000s ]
INFO: Run Behavior\ParseTemplateBehavior [ RunTime:0.030002s ]
INFO: [ view_parse ] --END-- [ RunTime:0.030002s ]
INFO: [ view_filter ] --START--
INFO: Run Behavior\WriteHtmlCacheBehavior [ RunTime:0.000000s ]
INFO: [ view_filter ] --END-- [ RunTime:0.001000s ]
INFO: [ app_end ] --START--
INFO: Run Behavior\ShowPageTraceBehavior [ RunTime:0.001000s ]
INFO: [ app_end ] --END-- [ RunTime:0.001000s ]

[ 2016-05-03T10:12:39+08:00 ] 127.0.0.1 /xiangmu/YooZu/index.php/Usercenter/Public/accept_weibo
INFO: [ app_init ] --START--
INFO: Run Behavior\BuildLiteBehavior [ RunTime:0.000000s ]
INFO: [ app_init ] --END-- [ RunTime:0.000000s ]
INFO: [ app_begin ] --START--
INFO: Run Behavior\ReadHtmlCacheBehavior [ RunTime:0.001000s ]
INFO: [ app_begin ] --END-- [ RunTime:0.001000s ]
SQL: SHOW COLUMNS FROM `yz_weibo` [ RunTime:0.0020s ]
SQL: SHOW COLUMNS FROM `yz_weibo_comment` [ RunTime:0.0030s ]
NOTIC: [8] Undefined index: validate E:\Demo\xiangmu\YooZu\ThinkPHP\Library\Think\Model.class.php 第 1185 行.
NOTIC: [8] Undefined index: auto E:\Demo\xiangmu\YooZu\ThinkPHP\Library\Think\Model.class.php 第 1128 行.
SQL: INSERT INTO `yz_weibo` (`uid`,`content`,`type`,`data`,`create_time`,`status`) VALUES ('1','qqqqq','feed','s:7:\"s:0:\"\";\";','1462241559','1') [ RunTime:0.1110s ]
SQL: SELECT * FROM `yz_weibo` WHERE `id` = 24 AND `status` = 1 LIMIT 1   [ RunTime:0.0010s ]
SQL: SELECT * FROM `yz_weibo` WHERE `id` = 24 LIMIT 1   [ RunTime:0.0010s ]
NOTIC: [8192] preg_replace(): The /e modifier is deprecated, use preg_replace_callback instead E:\Demo\xiangmu\YooZu\Application\Common\Common\parse.php 第 27 行.
NOTIC: [2] preg_replace_callback(): Requires argument 2, 'parse_expression_callback', to be a valid callback E:\Demo\xiangmu\YooZu\Application\Common\Common\parse.php 第 33 行.
NOTIC: [8] Undefined index: from E:\Demo\xiangmu\YooZu\Application\Weibo\Api\WeiboApi.class.php 第 121 行.
NOTIC: [8] Undefined variable: result E:\Demo\xiangmu\YooZu\Application\Common\Common\api.php 第 5 行.
NOTIC: [8] Undefined index: message E:\Demo\xiangmu\YooZu\Application\Common\Common\api.php 第 6 行.

[ 2016-05-03T10:12:49+08:00 ] 127.0.0.1 /xiangmu/YooZu/index.php/Usercenter/Public/userfp.html
INFO: [ app_init ] --START--
INFO: Run Behavior\BuildLiteBehavior [ RunTime:0.000000s ]
INFO: [ app_init ] --END-- [ RunTime:0.000000s ]
INFO: [ app_begin ] --START--
INFO: Run Behavior\ReadHtmlCacheBehavior [ RunTime:0.001000s ]
INFO: [ app_begin ] --END-- [ RunTime:0.001000s ]
SQL: SHOW COLUMNS FROM `yz_weibo` [ RunTime:0.0040s ]
SQL: SHOW COLUMNS FROM `yz_weibo_comment` [ RunTime:0.0030s ]
SQL: SELECT `id` FROM `yz_weibo` ORDER BY create_time desc  [ RunTime:0.0010s ]
INFO: [ view_parse ] --START--
INFO: [ template_filter ] --START--
INFO: Run Behavior\ContentReplaceBehavior [ RunTime:0.000000s ]
INFO: [ template_filter ] --END-- [ RunTime:0.000000s ]
INFO: Run Behavior\ParseTemplateBehavior [ RunTime:0.019001s ]
INFO: [ view_parse ] --END-- [ RunTime:0.019001s ]
INFO: [ view_filter ] --START--
INFO: Run Behavior\WriteHtmlCacheBehavior [ RunTime:0.001001s ]
INFO: [ view_filter ] --END-- [ RunTime:0.001001s ]
INFO: [ app_end ] --START--
INFO: Run Behavior\ShowPageTraceBehavior [ RunTime:0.001000s ]
INFO: [ app_end ] --END-- [ RunTime:0.001000s ]

[ 2016-05-03T10:15:41+08:00 ] 127.0.0.1 /xiangmu/YooZu/index.php/Usercenter/Public/userfp.html
INFO: [ app_init ] --START--
INFO: Run Behavior\BuildLiteBehavior [ RunTime:0.000000s ]
INFO: [ app_init ] --END-- [ RunTime:0.000000s ]
INFO: [ app_begin ] --START--
INFO: Run Behavior\ReadHtmlCacheBehavior [ RunTime:0.001000s ]
INFO: [ app_begin ] --END-- [ RunTime:0.001000s ]
SQL: SHOW COLUMNS FROM `yz_weibo` [ RunTime:0.0020s ]
SQL: SHOW COLUMNS FROM `yz_weibo_comment` [ RunTime:0.0030s ]
SQL: SELECT `id` FROM `yz_weibo` ORDER BY create_time desc  [ RunTime:0.0000s ]
INFO: [ view_parse ] --START--
INFO: [ template_filter ] --START--
INFO: Run Behavior\ContentReplaceBehavior [ RunTime:0.000000s ]
INFO: [ template_filter ] --END-- [ RunTime:0.000000s ]
INFO: Run Behavior\ParseTemplateBehavior [ RunTime:0.020001s ]
INFO: [ view_parse ] --END-- [ RunTime:0.020001s ]
INFO: [ view_filter ] --START--
INFO: Run Behavior\WriteHtmlCacheBehavior [ RunTime:0.000000s ]
INFO: [ view_filter ] --END-- [ RunTime:0.000000s ]
INFO: [ app_end ] --START--
INFO: Run Behavior\ShowPageTraceBehavior [ RunTime:0.000000s ]
INFO: [ app_end ] --END-- [ RunTime:0.001000s ]

[ 2016-05-03T10:16:14+08:00 ] 127.0.0.1 /xiangmu/YooZu/index.php/Usercenter/Public/userfp.html
INFO: [ app_init ] --START--
INFO: Run Behavior\BuildLiteBehavior [ RunTime:0.000000s ]
INFO: [ app_init ] --END-- [ RunTime:0.000000s ]
INFO: [ app_begin ] --START--
INFO: Run Behavior\ReadHtmlCacheBehavior [ RunTime:0.000000s ]
INFO: [ app_begin ] --END-- [ RunTime:0.001000s ]
SQL: SHOW COLUMNS FROM `yz_weibo` [ RunTime:0.0040s ]
SQL: SHOW COLUMNS FROM `yz_weibo_comment` [ RunTime:0.0020s ]
SQL: SELECT `id` FROM `yz_weibo` ORDER BY create_time desc  [ RunTime:0.0010s ]
INFO: [ view_parse ] --START--
INFO: [ template_filter ] --START--
INFO: Run Behavior\ContentReplaceBehavior [ RunTime:0.000000s ]
INFO: [ template_filter ] --END-- [ RunTime:0.000000s ]
INFO: Run Behavior\ParseTemplateBehavior [ RunTime:0.018001s ]
INFO: [ view_parse ] --END-- [ RunTime:0.018001s ]
INFO: [ view_filter ] --START--
INFO: Run Behavior\WriteHtmlCacheBehavior [ RunTime:0.000000s ]
INFO: [ view_filter ] --END-- [ RunTime:0.000000s ]
INFO: [ app_end ] --START--
INFO: Run Behavior\ShowPageTraceBehavior [ RunTime:0.001000s ]
INFO: [ app_end ] --END-- [ RunTime:0.001000s ]

[ 2016-05-03T10:16:34+08:00 ] 127.0.0.1 /xiangmu/YooZu/index.php/Usercenter/Public/userfp.html
INFO: [ app_init ] --START--
INFO: Run Behavior\BuildLiteBehavior [ RunTime:0.000000s ]
INFO: [ app_init ] --END-- [ RunTime:0.001000s ]
INFO: [ app_begin ] --START--
INFO: Run Behavior\ReadHtmlCacheBehavior [ RunTime:0.000000s ]
INFO: [ app_begin ] --END-- [ RunTime:0.001000s ]
SQL: SHOW COLUMNS FROM `yz_weibo` [ RunTime:0.0020s ]
SQL: SHOW COLUMNS FROM `yz_weibo_comment` [ RunTime:0.0030s ]
SQL: SELECT `id` FROM `yz_weibo` ORDER BY create_time desc  [ RunTime:0.0010s ]
INFO: [ view_parse ] --START--
INFO: [ template_filter ] --START--
INFO: Run Behavior\ContentReplaceBehavior [ RunTime:0.000000s ]
INFO: [ template_filter ] --END-- [ RunTime:0.001000s ]
INFO: Run Behavior\ParseTemplateBehavior [ RunTime:0.018001s ]
INFO: [ view_parse ] --END-- [ RunTime:0.018001s ]
INFO: [ view_filter ] --START--
INFO: Run Behavior\WriteHtmlCacheBehavior [ RunTime:0.001000s ]
INFO: [ view_filter ] --END-- [ RunTime:0.001000s ]
INFO: [ app_end ] --START--
INFO: Run Behavior\ShowPageTraceBehavior [ RunTime:0.001000s ]
INFO: [ app_end ] --END-- [ RunTime:0.001000s ]

[ 2016-05-03T10:16:39+08:00 ] 127.0.0.1 /xiangmu/YooZu/index.php/Usercenter/Public/accept_weibo
INFO: [ app_init ] --START--
INFO: Run Behavior\BuildLiteBehavior [ RunTime:0.000000s ]
INFO: [ app_init ] --END-- [ RunTime:0.001000s ]
INFO: [ app_begin ] --START--
INFO: Run Behavior\ReadHtmlCacheBehavior [ RunTime:0.001000s ]
INFO: [ app_begin ] --END-- [ RunTime:0.001000s ]
SQL: SHOW COLUMNS FROM `yz_weibo` [ RunTime:0.0020s ]
SQL: SHOW COLUMNS FROM `yz_weibo_comment` [ RunTime:0.0030s ]
NOTIC: [8] Undefined index: validate E:\Demo\xiangmu\YooZu\ThinkPHP\Library\Think\Model.class.php 第 1185 行.
NOTIC: [8] Undefined index: auto E:\Demo\xiangmu\YooZu\ThinkPHP\Library\Think\Model.class.php 第 1128 行.
SQL: INSERT INTO `yz_weibo` (`uid`,`content`,`type`,`data`,`create_time`,`status`) VALUES ('1','111111','feed','s:7:\"s:0:\"\";\";','1462241799','1') [ RunTime:0.0820s ]
SQL: SELECT * FROM `yz_weibo` WHERE `id` = 25 AND `status` = 1 LIMIT 1   [ RunTime:0.0010s ]
SQL: SELECT * FROM `yz_weibo` WHERE `id` = 25 LIMIT 1   [ RunTime:0.0000s ]
NOTIC: [8192] preg_replace(): The /e modifier is deprecated, use preg_replace_callback instead E:\Demo\xiangmu\YooZu\Application\Common\Common\parse.php 第 27 行.
NOTIC: [2] preg_replace_callback(): Requires argument 2, 'parse_expression_callback', to be a valid callback E:\Demo\xiangmu\YooZu\Application\Common\Common\parse.php 第 33 行.
NOTIC: [8] Undefined index: from E:\Demo\xiangmu\YooZu\Application\Weibo\Api\WeiboApi.class.php 第 121 行.
NOTIC: [8] Undefined variable: result E:\Demo\xiangmu\YooZu\Application\Common\Common\api.php 第 5 行.
NOTIC: [8] Undefined index: message E:\Demo\xiangmu\YooZu\Application\Common\Common\api.php 第 6 行.

[ 2016-05-03T10:18:28+08:00 ] 127.0.0.1 /xiangmu/YooZu/index.php/Usercenter/Public/userfp.html
INFO: [ app_init ] --START--
INFO: Run Behavior\BuildLiteBehavior [ RunTime:0.000000s ]
INFO: [ app_init ] --END-- [ RunTime:0.000000s ]
INFO: [ app_begin ] --START--
INFO: Run Behavior\ReadHtmlCacheBehavior [ RunTime:0.000000s ]
INFO: [ app_begin ] --END-- [ RunTime:0.002000s ]
SQL: SHOW COLUMNS FROM `yz_weibo` [ RunTime:0.0050s ]
SQL: SHOW COLUMNS FROM `yz_weibo_comment` [ RunTime:0.0030s ]
SQL: SELECT `id` FROM `yz_weibo` ORDER BY create_time desc  [ RunTime:0.0000s ]
INFO: [ view_parse ] --START--
INFO: [ template_filter ] --START--
INFO: Run Behavior\ContentReplaceBehavior [ RunTime:0.000000s ]
INFO: [ template_filter ] --END-- [ RunTime:0.001000s ]
INFO: Run Behavior\ParseTemplateBehavior [ RunTime:0.031002s ]
INFO: [ view_parse ] --END-- [ RunTime:0.032002s ]
INFO: [ view_filter ] --START--
INFO: Run Behavior\WriteHtmlCacheBehavior [ RunTime:0.001000s ]
INFO: [ view_filter ] --END-- [ RunTime:0.001000s ]
INFO: [ app_end ] --START--
INFO: Run Behavior\ShowPageTraceBehavior [ RunTime:0.001000s ]
INFO: [ app_end ] --END-- [ RunTime:0.001000s ]

[ 2016-05-03T10:18:46+08:00 ] 127.0.0.1 /xiangmu/YooZu/index.php/Usercenter/Public/accept_weibo
INFO: [ app_init ] --START--
INFO: Run Behavior\BuildLiteBehavior [ RunTime:0.001000s ]
INFO: [ app_init ] --END-- [ RunTime:0.001000s ]
INFO: [ app_begin ] --START--
INFO: Run Behavior\ReadHtmlCacheBehavior [ RunTime:0.000000s ]
INFO: [ app_begin ] --END-- [ RunTime:0.000000s ]
SQL: SHOW COLUMNS FROM `yz_weibo` [ RunTime:0.0040s ]
SQL: SHOW COLUMNS FROM `yz_weibo_comment` [ RunTime:0.0040s ]
NOTIC: [8] Undefined index: validate E:\Demo\xiangmu\YooZu\ThinkPHP\Library\Think\Model.class.php 第 1185 行.
NOTIC: [8] Undefined index: auto E:\Demo\xiangmu\YooZu\ThinkPHP\Library\Think\Model.class.php 第 1128 行.
SQL: INSERT INTO `yz_weibo` (`uid`,`content`,`type`,`data`,`create_time`,`status`) VALUES ('1','33333','feed','s:7:\"s:0:\"\";\";','1462241926','1') [ RunTime:0.0740s ]
SQL: SELECT * FROM `yz_weibo` WHERE `id` = 26 AND `status` = 1 LIMIT 1   [ RunTime:0.0000s ]
SQL: SELECT * FROM `yz_weibo` WHERE `id` = 26 LIMIT 1   [ RunTime:0.0000s ]
NOTIC: [8192] preg_replace(): The /e modifier is deprecated, use preg_replace_callback instead E:\Demo\xiangmu\YooZu\Application\Common\Common\parse.php 第 27 行.
NOTIC: [2] preg_replace_callback(): Requires argument 2, 'parse_expression_callback', to be a valid callback E:\Demo\xiangmu\YooZu\Application\Common\Common\parse.php 第 33 行.
NOTIC: [8] Undefined index: from E:\Demo\xiangmu\YooZu\Application\Weibo\Api\WeiboApi.class.php 第 121 行.
NOTIC: [8] Undefined variable: result E:\Demo\xiangmu\YooZu\Application\Common\Common\api.php 第 5 行.
NOTIC: [8] Undefined index: message E:\Demo\xiangmu\YooZu\Application\Common\Common\api.php 第 6 行.

[ 2016-05-03T10:19:24+08:00 ] 127.0.0.1 /xiangmu/YooZu/index.php/Usercenter/Public/userfp.html
INFO: [ app_init ] --START--
INFO: Run Behavior\BuildLiteBehavior [ RunTime:0.000000s ]
INFO: [ app_init ] --END-- [ RunTime:0.000000s ]
INFO: [ app_begin ] --START--
INFO: Run Behavior\ReadHtmlCacheBehavior [ RunTime:0.001000s ]
INFO: [ app_begin ] --END-- [ RunTime:0.001000s ]
SQL: SHOW COLUMNS FROM `yz_weibo` [ RunTime:0.0030s ]
SQL: SHOW COLUMNS FROM `yz_weibo_comment` [ RunTime:0.0040s ]
SQL: SELECT `id` FROM `yz_weibo` ORDER BY create_time desc  [ RunTime:0.0000s ]
INFO: [ view_parse ] --START--
INFO: [ template_filter ] --START--
INFO: Run Behavior\ContentReplaceBehavior [ RunTime:0.000000s ]
INFO: [ template_filter ] --END-- [ RunTime:0.001000s ]
INFO: Run Behavior\ParseTemplateBehavior [ RunTime:0.031001s ]
INFO: [ view_parse ] --END-- [ RunTime:0.031001s ]
INFO: [ view_filter ] --START--
INFO: Run Behavior\WriteHtmlCacheBehavior [ RunTime:0.001000s ]
INFO: [ view_filter ] --END-- [ RunTime:0.001000s ]
INFO: [ app_end ] --START--
INFO: Run Behavior\ShowPageTraceBehavior [ RunTime:0.001000s ]
INFO: [ app_end ] --END-- [ RunTime:0.001000s ]

[ 2016-05-03T10:19:34+08:00 ] 127.0.0.1 /xiangmu/YooZu/index.php/Usercenter/Public/accept_weibo
INFO: [ app_init ] --START--
INFO: Run Behavior\BuildLiteBehavior [ RunTime:0.000000s ]
INFO: [ app_init ] --END-- [ RunTime:0.000000s ]
INFO: [ app_begin ] --START--
INFO: Run Behavior\ReadHtmlCacheBehavior [ RunTime:0.001000s ]
INFO: [ app_begin ] --END-- [ RunTime:0.001000s ]
SQL: SHOW COLUMNS FROM `yz_weibo` [ RunTime:0.0030s ]
SQL: SHOW COLUMNS FROM `yz_weibo_comment` [ RunTime:0.0030s ]
NOTIC: [8] Undefined index: validate E:\Demo\xiangmu\YooZu\ThinkPHP\Library\Think\Model.class.php 第 1185 行.
NOTIC: [8] Undefined index: auto E:\Demo\xiangmu\YooZu\ThinkPHP\Library\Think\Model.class.php 第 1128 行.
SQL: INSERT INTO `yz_weibo` (`uid`,`content`,`type`,`data`,`create_time`,`status`) VALUES ('1','11112334','feed','s:7:\"s:0:\"\";\";','1462241974','1') [ RunTime:0.1440s ]
SQL: SELECT * FROM `yz_weibo` WHERE `id` = 27 AND `status` = 1 LIMIT 1   [ RunTime:0.0140s ]
SQL: SELECT * FROM `yz_weibo` WHERE `id` = 27 LIMIT 1   [ RunTime:0.0010s ]
NOTIC: [8192] preg_replace(): The /e modifier is deprecated, use preg_replace_callback instead E:\Demo\xiangmu\YooZu\Application\Common\Common\parse.php 第 27 行.
NOTIC: [2] preg_replace_callback(): Requires argument 2, 'parse_expression_callback', to be a valid callback E:\Demo\xiangmu\YooZu\Application\Common\Common\parse.php 第 33 行.
NOTIC: [8] Undefined index: from E:\Demo\xiangmu\YooZu\Application\Weibo\Api\WeiboApi.class.php 第 121 行.
NOTIC: [8] Undefined variable: result E:\Demo\xiangmu\YooZu\Application\Common\Common\api.php 第 5 行.
NOTIC: [8] Undefined index: message E:\Demo\xiangmu\YooZu\Application\Common\Common\api.php 第 6 行.

[ 2016-05-03T10:19:43+08:00 ] 127.0.0.1 /xiangmu/YooZu/index.php/Usercenter/Public/userfp.html
INFO: [ app_init ] --START--
INFO: Run Behavior\BuildLiteBehavior [ RunTime:0.000000s ]
INFO: [ app_init ] --END-- [ RunTime:0.001000s ]
INFO: [ app_begin ] --START--
INFO: Run Behavior\ReadHtmlCacheBehavior [ RunTime:0.001000s ]
INFO: [ app_begin ] --END-- [ RunTime:0.001000s ]
SQL: SHOW COLUMNS FROM `yz_weibo` [ RunTime:0.0050s ]
SQL: SHOW COLUMNS FROM `yz_weibo_comment` [ RunTime:0.0050s ]
SQL: SELECT `id` FROM `yz_weibo` ORDER BY create_time desc  [ RunTime:0.0010s ]
INFO: [ view_parse ] --START--
INFO: [ template_filter ] --START--
INFO: Run Behavior\ContentReplaceBehavior [ RunTime:0.000000s ]
INFO: [ template_filter ] --END-- [ RunTime:0.000000s ]
INFO: Run Behavior\ParseTemplateBehavior [ RunTime:0.038002s ]
INFO: [ view_parse ] --END-- [ RunTime:0.038002s ]
INFO: [ view_filter ] --START--
INFO: Run Behavior\WriteHtmlCacheBehavior [ RunTime:0.000000s ]
INFO: [ view_filter ] --END-- [ RunTime:0.000000s ]
INFO: [ app_end ] --START--
INFO: Run Behavior\ShowPageTraceBehavior [ RunTime:0.000000s ]
INFO: [ app_end ] --END-- [ RunTime:0.002000s ]

[ 2016-05-03T10:20:20+08:00 ] 127.0.0.1 /xiangmu/YooZu/index.php/Usercenter/Public/userfp.html
INFO: [ app_init ] --START--
INFO: Run Behavior\BuildLiteBehavior [ RunTime:0.000000s ]
INFO: [ app_init ] --END-- [ RunTime:0.000000s ]
INFO: [ app_begin ] --START--
INFO: Run Behavior\ReadHtmlCacheBehavior [ RunTime:0.000000s ]
INFO: [ app_begin ] --END-- [ RunTime:0.000000s ]
SQL: SHOW COLUMNS FROM `yz_weibo` [ RunTime:0.0030s ]
SQL: SHOW COLUMNS FROM `yz_weibo_comment` [ RunTime:0.0020s ]
SQL: SELECT `id` FROM `yz_weibo` ORDER BY create_time desc  [ RunTime:0.0010s ]
INFO: [ view_parse ] --START--
INFO: [ template_filter ] --START--
INFO: Run Behavior\ContentReplaceBehavior [ RunTime:0.000000s ]
INFO: [ template_filter ] --END-- [ RunTime:0.000000s ]
INFO: Run Behavior\ParseTemplateBehavior [ RunTime:0.019001s ]
INFO: [ view_parse ] --END-- [ RunTime:0.019001s ]
INFO: [ view_filter ] --START--
INFO: Run Behavior\WriteHtmlCacheBehavior [ RunTime:0.001000s ]
INFO: [ view_filter ] --END-- [ RunTime:0.001000s ]
INFO: [ app_end ] --START--
INFO: Run Behavior\ShowPageTraceBehavior [ RunTime:0.001000s ]
INFO: [ app_end ] --END-- [ RunTime:0.001000s ]

[ 2016-05-03T10:20:31+08:00 ] 127.0.0.1 /xiangmu/YooZu/index.php/Usercenter/Public/accept_weibo
INFO: [ app_init ] --START--
INFO: Run Behavior\BuildLiteBehavior [ RunTime:0.000000s ]
INFO: [ app_init ] --END-- [ RunTime:0.001000s ]
INFO: [ app_begin ] --START--
INFO: Run Behavior\ReadHtmlCacheBehavior [ RunTime:0.001000s ]
INFO: [ app_begin ] --END-- [ RunTime:0.002001s ]
SQL: SHOW COLUMNS FROM `yz_weibo` [ RunTime:0.0040s ]
SQL: SHOW COLUMNS FROM `yz_weibo_comment` [ RunTime:0.0020s ]
NOTIC: [8] Undefined index: validate E:\Demo\xiangmu\YooZu\ThinkPHP\Library\Think\Model.class.php 第 1185 行.
NOTIC: [8] Undefined index: auto E:\Demo\xiangmu\YooZu\ThinkPHP\Library\Think\Model.class.php 第 1128 行.
SQL: INSERT INTO `yz_weibo` (`uid`,`content`,`type`,`data`,`create_time`,`status`) VALUES ('1','11111111111','feed','s:7:\"s:0:\"\";\";','1462242030','1') [ RunTime:0.1560s ]
SQL: SELECT * FROM `yz_weibo` WHERE `id` = 28 AND `status` = 1 LIMIT 1   [ RunTime:0.0010s ]
SQL: SELECT * FROM `yz_weibo` WHERE `id` = 28 LIMIT 1   [ RunTime:0.0020s ]
NOTIC: [8192] preg_replace(): The /e modifier is deprecated, use preg_replace_callback instead E:\Demo\xiangmu\YooZu\Application\Common\Common\parse.php 第 27 行.
NOTIC: [2] preg_replace_callback(): Requires argument 2, 'parse_expression_callback', to be a valid callback E:\Demo\xiangmu\YooZu\Application\Common\Common\parse.php 第 33 行.
NOTIC: [8] Undefined index: from E:\Demo\xiangmu\YooZu\Application\Weibo\Api\WeiboApi.class.php 第 121 行.
NOTIC: [8] Undefined variable: result E:\Demo\xiangmu\YooZu\Application\Common\Common\api.php 第 5 行.
NOTIC: [8] Undefined index: message E:\Demo\xiangmu\YooZu\Application\Common\Common\api.php 第 6 行.

[ 2016-05-03T10:32:02+08:00 ] 127.0.0.1 /xiangmu/YooZu/index.php/Usercenter/Public/userfp.html
INFO: [ app_init ] --START--
INFO: Run Behavior\BuildLiteBehavior [ RunTime:0.000000s ]
INFO: [ app_init ] --END-- [ RunTime:0.001000s ]
INFO: [ app_begin ] --START--
INFO: Run Behavior\ReadHtmlCacheBehavior [ RunTime:0.001000s ]
INFO: [ app_begin ] --END-- [ RunTime:0.001000s ]
SQL: SHOW COLUMNS FROM `yz_weibo` [ RunTime:0.0040s ]
SQL: SHOW COLUMNS FROM `yz_weibo_comment` [ RunTime:0.0040s ]
SQL: SELECT `id` FROM `yz_weibo` ORDER BY create_time desc  [ RunTime:0.0010s ]
INFO: [ view_parse ] --START--
INFO: [ template_filter ] --START--
INFO: Run Behavior\ContentReplaceBehavior [ RunTime:0.000000s ]
INFO: [ template_filter ] --END-- [ RunTime:0.000000s ]
INFO: Run Behavior\ParseTemplateBehavior [ RunTime:0.030002s ]
INFO: [ view_parse ] --END-- [ RunTime:0.030002s ]
INFO: [ view_filter ] --START--
INFO: Run Behavior\WriteHtmlCacheBehavior [ RunTime:0.000000s ]
INFO: [ view_filter ] --END-- [ RunTime:0.000000s ]
INFO: [ app_end ] --START--
INFO: Run Behavior\ShowPageTraceBehavior [ RunTime:0.001000s ]
INFO: [ app_end ] --END-- [ RunTime:0.001000s ]

[ 2016-05-03T10:32:19+08:00 ] 127.0.0.1 /xiangmu/YooZu/index.php/Usercenter/Public/accept_weibo
INFO: [ app_init ] --START--
INFO: Run Behavior\BuildLiteBehavior [ RunTime:0.000000s ]
INFO: [ app_init ] --END-- [ RunTime:0.000000s ]
INFO: [ app_begin ] --START--
INFO: Run Behavior\ReadHtmlCacheBehavior [ RunTime:0.000000s ]
INFO: [ app_begin ] --END-- [ RunTime:0.001000s ]
SQL: SHOW COLUMNS FROM `yz_weibo` [ RunTime:0.0140s ]
SQL: SHOW COLUMNS FROM `yz_weibo_comment` [ RunTime:0.0020s ]
NOTIC: [8] Undefined index: validate E:\Demo\xiangmu\YooZu\ThinkPHP\Library\Think\Model.class.php 第 1185 行.
NOTIC: [8] Undefined index: auto E:\Demo\xiangmu\YooZu\ThinkPHP\Library\Think\Model.class.php 第 1128 行.
SQL: INSERT INTO `yz_weibo` (`uid`,`content`,`type`,`data`,`create_time`,`status`) VALUES ('1','zhujiahao','feed','s:7:\"s:0:\"\";\";','1462242739','1') [ RunTime:0.3030s ]
SQL: SELECT * FROM `yz_weibo` WHERE `id` = 29 AND `status` = 1 LIMIT 1   [ RunTime:0.0010s ]
SQL: SELECT * FROM `yz_weibo` WHERE `id` = 29 LIMIT 1   [ RunTime:0.0010s ]
NOTIC: [8192] preg_replace(): The /e modifier is deprecated, use preg_replace_callback instead E:\Demo\xiangmu\YooZu\Application\Common\Common\parse.php 第 27 行.
NOTIC: [2] preg_replace_callback(): Requires argument 2, 'parse_expression_callback', to be a valid callback E:\Demo\xiangmu\YooZu\Application\Common\Common\parse.php 第 33 行.
NOTIC: [8] Undefined index: from E:\Demo\xiangmu\YooZu\Application\Weibo\Api\WeiboApi.class.php 第 121 行.
NOTIC: [8] Undefined variable: result E:\Demo\xiangmu\YooZu\Application\Common\Common\api.php 第 5 行.
NOTIC: [8] Undefined index: message E:\Demo\xiangmu\YooZu\Application\Common\Common\api.php 第 6 行.

[ 2016-05-03T10:32:26+08:00 ] 127.0.0.1 /xiangmu/YooZu/index.php/Usercenter/Public/accept_weibo
INFO: [ app_init ] --START--
INFO: Run Behavior\BuildLiteBehavior [ RunTime:0.000000s ]
INFO: [ app_init ] --END-- [ RunTime:0.000000s ]
INFO: [ app_begin ] --START--
INFO: Run Behavior\ReadHtmlCacheBehavior [ RunTime:0.001000s ]
INFO: [ app_begin ] --END-- [ RunTime:0.001000s ]
SQL: SHOW COLUMNS FROM `yz_weibo` [ RunTime:0.0030s ]
SQL: SHOW COLUMNS FROM `yz_weibo_comment` [ RunTime:0.0020s ]
ERR: 操作太频繁，请稍后重试

[ 2016-05-03T10:32:53+08:00 ] 127.0.0.1 /xiangmu/YooZu/index.php/Usercenter/Public/accept_weibo
INFO: [ app_init ] --START--
INFO: Run Behavior\BuildLiteBehavior [ RunTime:0.000000s ]
INFO: [ app_init ] --END-- [ RunTime:0.000000s ]
INFO: [ app_begin ] --START--
INFO: Run Behavior\ReadHtmlCacheBehavior [ RunTime:0.001000s ]
INFO: [ app_begin ] --END-- [ RunTime:0.001000s ]
SQL: SHOW COLUMNS FROM `yz_weibo` [ RunTime:0.0040s ]
SQL: SHOW COLUMNS FROM `yz_weibo_comment` [ RunTime:0.0040s ]
NOTIC: [8] Undefined index: validate E:\Demo\xiangmu\YooZu\ThinkPHP\Library\Think\Model.class.php 第 1185 行.
NOTIC: [8] Undefined index: auto E:\Demo\xiangmu\YooZu\ThinkPHP\Library\Think\Model.class.php 第 1128 行.
SQL: INSERT INTO `yz_weibo` (`uid`,`content`,`type`,`data`,`create_time`,`status`) VALUES ('1','zhujiahao','feed','s:7:\"s:0:\"\";\";','1462242773','1') [ RunTime:0.0770s ]
SQL: SELECT * FROM `yz_weibo` WHERE `id` = 30 AND `status` = 1 LIMIT 1   [ RunTime:0.0010s ]
SQL: SELECT * FROM `yz_weibo` WHERE `id` = 30 LIMIT 1   [ RunTime:0.0010s ]
NOTIC: [8192] preg_replace(): The /e modifier is deprecated, use preg_replace_callback instead E:\Demo\xiangmu\YooZu\Application\Common\Common\parse.php 第 27 行.
NOTIC: [2] preg_replace_callback(): Requires argument 2, 'parse_expression_callback', to be a valid callback E:\Demo\xiangmu\YooZu\Application\Common\Common\parse.php 第 33 行.
NOTIC: [8] Undefined index: from E:\Demo\xiangmu\YooZu\Application\Weibo\Api\WeiboApi.class.php 第 121 行.
NOTIC: [8] Undefined variable: result E:\Demo\xiangmu\YooZu\Application\Common\Common\api.php 第 5 行.
NOTIC: [8] Undefined index: message E:\Demo\xiangmu\YooZu\Application\Common\Common\api.php 第 6 行.

[ 2016-05-03T10:33:19+08:00 ] 127.0.0.1 /xiangmu/YooZu/index.php/Usercenter/Public/userfp.html
INFO: [ app_init ] --START--
INFO: Run Behavior\BuildLiteBehavior [ RunTime:0.000000s ]
INFO: [ app_init ] --END-- [ RunTime:0.000000s ]
INFO: [ app_begin ] --START--
INFO: Run Behavior\ReadHtmlCacheBehavior [ RunTime:0.001001s ]
INFO: [ app_begin ] --END-- [ RunTime:0.001001s ]
SQL: SHOW COLUMNS FROM `yz_weibo` [ RunTime:0.0040s ]
SQL: SHOW COLUMNS FROM `yz_weibo_comment` [ RunTime:0.0040s ]
SQL: SELECT `id` FROM `yz_weibo` ORDER BY create_time desc  [ RunTime:0.0010s ]
INFO: [ view_parse ] --START--
INFO: [ template_filter ] --START--
INFO: Run Behavior\ContentReplaceBehavior [ RunTime:0.000000s ]
INFO: [ template_filter ] --END-- [ RunTime:0.000000s ]
INFO: Run Behavior\ParseTemplateBehavior [ RunTime:0.027001s ]
INFO: [ view_parse ] --END-- [ RunTime:0.027001s ]
INFO: [ view_filter ] --START--
INFO: Run Behavior\WriteHtmlCacheBehavior [ RunTime:0.000000s ]
INFO: [ view_filter ] --END-- [ RunTime:0.001000s ]
INFO: [ app_end ] --START--
INFO: Run Behavior\ShowPageTraceBehavior [ RunTime:0.000000s ]
INFO: [ app_end ] --END-- [ RunTime:0.001001s ]

[ 2016-05-03T10:33:50+08:00 ] 127.0.0.1 /xiangmu/YooZu/index.php/Usercenter/Public/accept_weibo
INFO: [ app_init ] --START--
INFO: Run Behavior\BuildLiteBehavior [ RunTime:0.000000s ]
INFO: [ app_init ] --END-- [ RunTime:0.000000s ]
INFO: [ app_begin ] --START--
INFO: Run Behavior\ReadHtmlCacheBehavior [ RunTime:0.001000s ]
INFO: [ app_begin ] --END-- [ RunTime:0.001000s ]
SQL: SHOW COLUMNS FROM `yz_weibo` [ RunTime:0.0030s ]
SQL: SHOW COLUMNS FROM `yz_weibo_comment` [ RunTime:0.0030s ]
NOTIC: [8] Undefined index: validate E:\Demo\xiangmu\YooZu\ThinkPHP\Library\Think\Model.class.php 第 1185 行.
NOTIC: [8] Undefined index: auto E:\Demo\xiangmu\YooZu\ThinkPHP\Library\Think\Model.class.php 第 1128 行.
SQL: INSERT INTO `yz_weibo` (`uid`,`content`,`type`,`data`,`create_time`,`status`) VALUES ('1','zhujiahao','feed','s:7:\"s:0:\"\";\";','1462242829','1') [ RunTime:0.0950s ]
SQL: SELECT * FROM `yz_weibo` WHERE `id` = 31 AND `status` = 1 LIMIT 1   [ RunTime:0.0010s ]
SQL: SELECT * FROM `yz_weibo` WHERE `id` = 31 LIMIT 1   [ RunTime:0.0010s ]
NOTIC: [8192] preg_replace(): The /e modifier is deprecated, use preg_replace_callback instead E:\Demo\xiangmu\YooZu\Application\Common\Common\parse.php 第 27 行.
NOTIC: [2] preg_replace_callback(): Requires argument 2, 'parse_expression_callback', to be a valid callback E:\Demo\xiangmu\YooZu\Application\Common\Common\parse.php 第 33 行.
NOTIC: [8] Undefined index: from E:\Demo\xiangmu\YooZu\Application\Weibo\Api\WeiboApi.class.php 第 121 行.
NOTIC: [8] Undefined variable: result E:\Demo\xiangmu\YooZu\Application\Common\Common\api.php 第 5 行.
NOTIC: [8] Undefined index: message E:\Demo\xiangmu\YooZu\Application\Common\Common\api.php 第 6 行.

[ 2016-05-03T10:52:51+08:00 ] 127.0.0.1 /xiangmu/YooZu/index.php/Usercenter/Public/userfp.html
INFO: [ app_init ] --START--
INFO: Run Behavior\BuildLiteBehavior [ RunTime:0.000000s ]
INFO: [ app_init ] --END-- [ RunTime:0.000000s ]
INFO: [ app_begin ] --START--
INFO: Run Behavior\ReadHtmlCacheBehavior [ RunTime:0.001000s ]
INFO: [ app_begin ] --END-- [ RunTime:0.001000s ]
SQL: SHOW COLUMNS FROM `yz_weibo` [ RunTime:0.0020s ]
SQL: SHOW COLUMNS FROM `yz_weibo_comment` [ RunTime:0.0020s ]
SQL: SELECT `id` FROM `yz_weibo` ORDER BY create_time desc  [ RunTime:0.0000s ]
INFO: [ view_parse ] --START--
INFO: [ template_filter ] --START--
INFO: Run Behavior\ContentReplaceBehavior [ RunTime:0.000000s ]
INFO: [ template_filter ] --END-- [ RunTime:0.001000s ]
INFO: Run Behavior\ParseTemplateBehavior [ RunTime:0.018001s ]
INFO: [ view_parse ] --END-- [ RunTime:0.019001s ]
INFO: [ view_filter ] --START--
INFO: Run Behavior\WriteHtmlCacheBehavior [ RunTime:0.000000s ]
INFO: [ view_filter ] --END-- [ RunTime:0.001000s ]
INFO: [ app_end ] --START--
INFO: Run Behavior\ShowPageTraceBehavior [ RunTime:0.001000s ]
INFO: [ app_end ] --END-- [ RunTime:0.001000s ]

[ 2016-05-03T10:52:54+08:00 ] 127.0.0.1 /xiangmu/YooZu/index.php/Usercenter/Public/userfp.html
INFO: [ app_init ] --START--
INFO: Run Behavior\BuildLiteBehavior [ RunTime:0.000000s ]
INFO: [ app_init ] --END-- [ RunTime:0.001000s ]
INFO: [ app_begin ] --START--
INFO: Run Behavior\ReadHtmlCacheBehavior [ RunTime:0.001000s ]
INFO: [ app_begin ] --END-- [ RunTime:0.002000s ]
SQL: SHOW COLUMNS FROM `yz_weibo` [ RunTime:0.0050s ]
SQL: SHOW COLUMNS FROM `yz_weibo_comment` [ RunTime:0.0060s ]
SQL: SELECT `id` FROM `yz_weibo` ORDER BY create_time desc  [ RunTime:0.0010s ]
INFO: [ view_parse ] --START--
INFO: [ template_filter ] --START--
INFO: Run Behavior\ContentReplaceBehavior [ RunTime:0.000000s ]
INFO: [ template_filter ] --END-- [ RunTime:0.001000s ]
INFO: Run Behavior\ParseTemplateBehavior [ RunTime:0.046003s ]
INFO: [ view_parse ] --END-- [ RunTime:0.046003s ]
INFO: [ view_filter ] --START--
INFO: Run Behavior\WriteHtmlCacheBehavior [ RunTime:0.001000s ]
INFO: [ view_filter ] --END-- [ RunTime:0.001000s ]
INFO: [ app_end ] --START--
INFO: Run Behavior\ShowPageTraceBehavior [ RunTime:0.001000s ]
INFO: [ app_end ] --END-- [ RunTime:0.001000s ]

[ 2016-05-03T22:36:38+08:00 ] 127.0.0.1 /xiangmu/YooZu/index.php/Usercenter/Public/userfp.html
INFO: [ app_init ] --START--
INFO: Run Behavior\BuildLiteBehavior [ RunTime:0.001000s ]
INFO: [ app_init ] --END-- [ RunTime:0.001000s ]
INFO: [ app_begin ] --START--
INFO: Run Behavior\ReadHtmlCacheBehavior [ RunTime:0.001000s ]
INFO: [ app_begin ] --END-- [ RunTime:0.003000s ]
SQL: SHOW COLUMNS FROM `yz_weibo` [ RunTime:0.0050s ]
SQL: SHOW COLUMNS FROM `yz_weibo_comment` [ RunTime:0.0070s ]
SQL: SELECT `id` FROM `yz_weibo` ORDER BY create_time desc  [ RunTime:0.0010s ]
INFO: [ view_parse ] --START--
INFO: [ template_filter ] --START--
INFO: Run Behavior\ContentReplaceBehavior [ RunTime:0.001000s ]
INFO: [ template_filter ] --END-- [ RunTime:0.001000s ]
INFO: Run Behavior\ParseTemplateBehavior [ RunTime:0.120007s ]
INFO: [ view_parse ] --END-- [ RunTime:0.120007s ]
INFO: [ view_filter ] --START--
INFO: Run Behavior\WriteHtmlCacheBehavior [ RunTime:0.001000s ]
INFO: [ view_filter ] --END-- [ RunTime:0.001000s ]
INFO: [ app_end ] --START--
INFO: Run Behavior\ShowPageTraceBehavior [ RunTime:0.001000s ]
INFO: [ app_end ] --END-- [ RunTime:0.001000s ]

[ 2016-05-03T22:36:51+08:00 ] 127.0.0.1 /xiangmu/YooZu/index.php/Usercenter/Public/accept_weibo
INFO: [ app_init ] --START--
INFO: Run Behavior\BuildLiteBehavior [ RunTime:0.000000s ]
INFO: [ app_init ] --END-- [ RunTime:0.000000s ]
INFO: [ app_begin ] --START--
INFO: Run Behavior\ReadHtmlCacheBehavior [ RunTime:0.000000s ]
INFO: [ app_begin ] --END-- [ RunTime:0.000000s ]
SQL: SHOW COLUMNS FROM `yz_weibo` [ RunTime:0.0020s ]
SQL: SHOW COLUMNS FROM `yz_weibo_comment` [ RunTime:0.0030s ]
NOTIC: [8] Undefined index: validate E:\Demo\xiangmu\YooZu\ThinkPHP\Library\Think\Model.class.php 第 1185 行.
NOTIC: [8] Undefined index: auto E:\Demo\xiangmu\YooZu\ThinkPHP\Library\Think\Model.class.php 第 1128 行.
SQL: INSERT INTO `yz_weibo` (`uid`,`content`,`type`,`data`,`create_time`,`status`) VALUES ('1','111111111','feed','s:7:\"s:0:\"\";\";','1462286211','1') [ RunTime:0.3170s ]
SQL: SELECT * FROM `yz_weibo` WHERE `id` = 32 AND `status` = 1 LIMIT 1   [ RunTime:0.0010s ]
SQL: SELECT * FROM `yz_weibo` WHERE `id` = 32 LIMIT 1   [ RunTime:0.0010s ]
NOTIC: [8192] preg_replace(): The /e modifier is deprecated, use preg_replace_callback instead E:\Demo\xiangmu\YooZu\Application\Common\Common\parse.php 第 27 行.
NOTIC: [2] preg_replace_callback(): Requires argument 2, 'parse_expression_callback', to be a valid callback E:\Demo\xiangmu\YooZu\Application\Common\Common\parse.php 第 33 行.
NOTIC: [8] Undefined index: from E:\Demo\xiangmu\YooZu\Application\Weibo\Api\WeiboApi.class.php 第 121 行.
NOTIC: [8] Undefined variable: result E:\Demo\xiangmu\YooZu\Application\Common\Common\api.php 第 5 行.
NOTIC: [8] Undefined index: message E:\Demo\xiangmu\YooZu\Application\Common\Common\api.php 第 6 行.

[ 2016-05-03T22:36:56+08:00 ] 127.0.0.1 /xiangmu/YooZu/index.php/Usercenter/Public/userfp.html
INFO: [ app_init ] --START--
INFO: Run Behavior\BuildLiteBehavior [ RunTime:0.000000s ]
INFO: [ app_init ] --END-- [ RunTime:0.000000s ]
INFO: [ app_begin ] --START--
INFO: Run Behavior\ReadHtmlCacheBehavior [ RunTime:0.001000s ]
INFO: [ app_begin ] --END-- [ RunTime:0.001000s ]
SQL: SHOW COLUMNS FROM `yz_weibo` [ RunTime:0.0030s ]
SQL: SHOW COLUMNS FROM `yz_weibo_comment` [ RunTime:0.0020s ]
SQL: SELECT `id` FROM `yz_weibo` ORDER BY create_time desc  [ RunTime:0.0000s ]
INFO: [ view_parse ] --START--
INFO: [ template_filter ] --START--
INFO: Run Behavior\ContentReplaceBehavior [ RunTime:0.000000s ]
INFO: [ template_filter ] --END-- [ RunTime:0.000000s ]
INFO: Run Behavior\ParseTemplateBehavior [ RunTime:0.018001s ]
INFO: [ view_parse ] --END-- [ RunTime:0.019001s ]
INFO: [ view_filter ] --START--
INFO: Run Behavior\WriteHtmlCacheBehavior [ RunTime:0.000000s ]
INFO: [ view_filter ] --END-- [ RunTime:0.000000s ]
INFO: [ app_end ] --START--
INFO: Run Behavior\ShowPageTraceBehavior [ RunTime:0.000000s ]
INFO: [ app_end ] --END-- [ RunTime:0.000000s ]

[ 2016-05-03T22:37:54+08:00 ] 127.0.0.1 /xiangmu/YooZu/index.php/Usercenter/Public/accept_weibo
INFO: [ app_init ] --START--
INFO: Run Behavior\BuildLiteBehavior [ RunTime:0.000000s ]
INFO: [ app_init ] --END-- [ RunTime:0.000000s ]
INFO: [ app_begin ] --START--
INFO: Run Behavior\ReadHtmlCacheBehavior [ RunTime:0.001000s ]
INFO: [ app_begin ] --END-- [ RunTime:0.001000s ]
SQL: SHOW COLUMNS FROM `yz_weibo` [ RunTime:0.0040s ]
SQL: SHOW COLUMNS FROM `yz_weibo_comment` [ RunTime:0.0030s ]
NOTIC: [8] Undefined index: validate E:\Demo\xiangmu\YooZu\ThinkPHP\Library\Think\Model.class.php 第 1185 行.
NOTIC: [8] Undefined index: auto E:\Demo\xiangmu\YooZu\ThinkPHP\Library\Think\Model.class.php 第 1128 行.
SQL: INSERT INTO `yz_weibo` (`uid`,`content`,`type`,`data`,`create_time`,`status`) VALUES ('1','111111111','feed','s:7:\"s:0:\"\";\";','1462286274','1') [ RunTime:0.1000s ]
SQL: SELECT * FROM `yz_weibo` WHERE `id` = 33 AND `status` = 1 LIMIT 1   [ RunTime:0.0000s ]
SQL: SELECT * FROM `yz_weibo` WHERE `id` = 33 LIMIT 1   [ RunTime:0.0000s ]
NOTIC: [8192] preg_replace(): The /e modifier is deprecated, use preg_replace_callback instead E:\Demo\xiangmu\YooZu\Application\Common\Common\parse.php 第 27 行.
NOTIC: [2] preg_replace_callback(): Requires argument 2, 'parse_expression_callback', to be a valid callback E:\Demo\xiangmu\YooZu\Application\Common\Common\parse.php 第 33 行.
NOTIC: [8] Undefined index: from E:\Demo\xiangmu\YooZu\Application\Weibo\Api\WeiboApi.class.php 第 121 行.
NOTIC: [8] Undefined variable: result E:\Demo\xiangmu\YooZu\Application\Common\Common\api.php 第 5 行.
NOTIC: [8] Undefined index: message E:\Demo\xiangmu\YooZu\Application\Common\Common\api.php 第 6 行.

