[ 2016-06-04T23:55:35+08:00 ] 127.0.0.1 /xiangmu/YooZu/index.php/Usercenter/Public/accept_weibo
INFO: [ app_init ] --START--
INFO: Run Behavior\BuildLiteBehavior [ RunTime:0.000000s ]
INFO: [ app_init ] --END-- [ RunTime:0.000000s ]
INFO: [ app_begin ] --START--
INFO: Run Behavior\ReadHtmlCacheBehavior [ RunTime:0.000000s ]
INFO: [ app_begin ] --END-- [ RunTime:0.000000s ]
SQL: SHOW COLUMNS FROM `yz_friends` [ RunTime:0.0040s ]
SQL: SHOW COLUMNS FROM `yz_weibo` [ RunTime:0.0020s ]
SQL: SHOW COLUMNS FROM `yz_weibo_comment` [ RunTime:0.0030s ]
SQL: SHOW COLUMNS FROM `yz_support` [ RunTime:0.0070s ]
NOTIC: [8] Undefined index: validate E:\Demo\xiangmu\YooZu\ThinkPHP\Library\Think\Model.class.php 第 1185 行.
NOTIC: [8] Undefined index: auto E:\Demo\xiangmu\YooZu\ThinkPHP\Library\Think\Model.class.php 第 1128 行.
SQL: INSERT INTO `yz_weibo` (`uid`,`content`,`type`,`data`,`create_time`,`status`) VALUES ('1','哈哈哈哈','feed','a:1:{s:9:\"attach_id\";s:0:\"\";}','1465055735','1') [ RunTime:0.0860s ]
SQL: SELECT * FROM `yz_weibo` WHERE `id` = 173 AND `status` = 1 LIMIT 1   [ RunTime:0.0000s ]
SQL: SELECT * FROM `yz_weibo` WHERE `id` = 173 LIMIT 1   [ RunTime:0.0000s ]
NOTIC: [8192] preg_replace(): The /e modifier is deprecated, use preg_replace_callback instead E:\Demo\xiangmu\YooZu\Application\Common\Common\parse.php 第 27 行.
NOTIC: [2] preg_replace_callback(): Requires argument 2, 'parse_expression_callback', to be a valid callback E:\Demo\xiangmu\YooZu\Application\Common\Common\parse.php 第 33 行.
SQL: SHOW COLUMNS FROM `yz_picture` [ RunTime:0.0050s ]
SQL: SELECT * FROM `yz_picture` WHERE `id` = 0 AND `status` = 1 AND `is_temp` = 0  [ RunTime:0.0000s ]
NOTIC: [8] Undefined variable: fullpath E:\Demo\xiangmu\YooZu\Application\Common\Common\query_user.php 第 261 行.
SQL: SHOW COLUMNS FROM `yz_member` [ RunTime:0.0030s ]
SQL: SHOW COLUMNS FROM `yz_ucenter_member` [ RunTime:0.0030s ]
NOTIC: [8] Undefined index: from E:\Demo\xiangmu\YooZu\Application\Weibo\Api\WeiboApi.class.php 第 176 行.
SQL: SELECT * FROM `yz_weibo` WHERE `id` = 173 AND `status` = 1 LIMIT 1   [ RunTime:0.0000s ]
NOTIC: [8] Undefined variable: weibo_data E:\Demo\xiangmu\YooZu\Application\Weibo\Api\WeiboApi.class.php 第 181 行.
INFO: [ view_parse ] --START--
INFO: [ template_filter ] --START--
INFO: Run Behavior\ContentReplaceBehavior [ RunTime:0.001000s ]
INFO: [ template_filter ] --END-- [ RunTime:0.001000s ]
NOTIC: [8] Use of undefined constant id - assumed 'id' E:\Demo\xiangmu\YooZu\Application\Runtime\Cache\Usercenter\22fd000f2703e1da0c185d524590171a.php 第 1 行.
NOTIC: [2] trim() expects parameter 1 to be string, array given E:\Demo\xiangmu\YooZu\ThinkPHP\Common\functions.php 第 1010 行.
NOTIC: [2] urlencode() expects parameter 1 to be string, array given E:\Demo\xiangmu\YooZu\ThinkPHP\Common\functions.php 第 1010 行.
NOTIC: [2] Missing argument 1 for Usercenter\Widget\SupportWidget::support() E:\Demo\xiangmu\YooZu\Application\Usercenter\Widget\SupportWidget.class.php 第 8 行.
INFO: [ view_parse ] --START--
INFO: [ template_filter ] --START--
INFO: Run Behavior\ContentReplaceBehavior [ RunTime:0.000000s ]
INFO: [ template_filter ] --END-- [ RunTime:-0.007001s ]
INFO: Run Behavior\ParseTemplateBehavior [ RunTime:0.004001s ]
INFO: [ view_parse ] --END-- [ RunTime:0.004001s ]
INFO: [ view_filter ] --START--
INFO: Run Behavior\WriteHtmlCacheBehavior [ RunTime:0.001000s ]
INFO: [ view_filter ] --END-- [ RunTime:0.001000s ]
NOTIC: [2] Missing argument 1 for Usercenter\Widget\RepostWidget::repost() E:\Demo\xiangmu\YooZu\Application\Usercenter\Widget\RepostWidget.class.php 第 8 行.
NOTIC: [2] Missing argument 1 for Think\Controller::assign(), called in E:\Demo\xiangmu\YooZu\Application\Usercenter\Widget\RepostWidget.class.php on line 10 and defined E:\Demo\xiangmu\YooZu\ThinkPHP\Library\Think\Controller.class.php 第 121 行.
NOTIC: [8] Undefined variable: name E:\Demo\xiangmu\YooZu\ThinkPHP\Library\Think\Controller.class.php 第 122 行.
INFO: [ view_parse ] --START--
INFO: [ template_filter ] --START--
INFO: Run Behavior\ContentReplaceBehavior [ RunTime:0.000000s ]
INFO: [ template_filter ] --END-- [ RunTime:-0.013001s ]
INFO: Run Behavior\ParseTemplateBehavior [ RunTime:0.003000s ]
INFO: [ view_parse ] --END-- [ RunTime:-0.002000s ]
INFO: [ view_filter ] --START--
INFO: Run Behavior\WriteHtmlCacheBehavior [ RunTime:0.000000s ]
INFO: [ view_filter ] --END-- [ RunTime:-0.004000s ]
INFO: [ view_parse ] --START--
INFO: [ template_filter ] --START--
INFO: Run Behavior\ContentReplaceBehavior [ RunTime:0.000000s ]
INFO: [ template_filter ] --END-- [ RunTime:-0.019001s ]
INFO: Run Behavior\ParseTemplateBehavior [ RunTime:0.006000s ]
INFO: [ view_parse ] --END-- [ RunTime:-0.006000s ]
INFO: [ view_filter ] --START--
INFO: Run Behavior\WriteHtmlCacheBehavior [ RunTime:0.000000s ]
INFO: [ view_filter ] --END-- [ RunTime:-0.012000s ]
INFO: Run Behavior\ParseTemplateBehavior [ RunTime:0.008001s ]
INFO: [ view_parse ] --END-- [ RunTime:-0.006000s ]
INFO: [ view_filter ] --START--
INFO: Run Behavior\WriteHtmlCacheBehavior [ RunTime:0.001000s ]
INFO: [ view_filter ] --END-- [ RunTime:-0.013001s ]

[ 2016-06-04T23:56:22+08:00 ] 127.0.0.1 /xiangmu/YooZu/index.php/Usercenter/Public/userfp.html
INFO: [ app_init ] --START--
INFO: Run Behavior\BuildLiteBehavior [ RunTime:0.000000s ]
INFO: [ app_init ] --END-- [ RunTime:0.001000s ]
INFO: [ app_begin ] --START--
INFO: Run Behavior\ReadHtmlCacheBehavior [ RunTime:0.001000s ]
INFO: [ app_begin ] --END-- [ RunTime:0.001000s ]
SQL: SHOW COLUMNS FROM `yz_friends` [ RunTime:0.0030s ]
SQL: SHOW COLUMNS FROM `yz_weibo` [ RunTime:0.0030s ]
SQL: SHOW COLUMNS FROM `yz_weibo_comment` [ RunTime:0.0020s ]
SQL: SHOW COLUMNS FROM `yz_support` [ RunTime:0.0030s ]
SQL: SELECT `id` FROM `yz_weibo` WHERE `status` = 1 ORDER BY create_time desc LIMIT 10   [ RunTime:0.0010s ]
NOTIC: [8] Undefined variable: weibo_data E:\Demo\xiangmu\YooZu\Application\Weibo\Api\WeiboApi.class.php 第 181 行.
NOTIC: [8] Undefined variable: weibo_data E:\Demo\xiangmu\YooZu\Application\Weibo\Api\WeiboApi.class.php 第 181 行.
NOTIC: [8] Undefined variable: weibo_data E:\Demo\xiangmu\YooZu\Application\Weibo\Api\WeiboApi.class.php 第 181 行.
NOTIC: [8] Undefined variable: weibo_data E:\Demo\xiangmu\YooZu\Application\Weibo\Api\WeiboApi.class.php 第 181 行.
NOTIC: [8] Undefined variable: weibo_data E:\Demo\xiangmu\YooZu\Application\Weibo\Api\WeiboApi.class.php 第 181 行.
NOTIC: [8] Undefined variable: weibo_data E:\Demo\xiangmu\YooZu\Application\Weibo\Api\WeiboApi.class.php 第 181 行.
NOTIC: [8] Undefined variable: weibo_data E:\Demo\xiangmu\YooZu\Application\Weibo\Api\WeiboApi.class.php 第 181 行.
NOTIC: [8] Undefined variable: weibo_data E:\Demo\xiangmu\YooZu\Application\Weibo\Api\WeiboApi.class.php 第 181 行.
NOTIC: [8] Undefined variable: weibo_data E:\Demo\xiangmu\YooZu\Application\Weibo\Api\WeiboApi.class.php 第 181 行.
NOTIC: [8] Undefined variable: weibo_data E:\Demo\xiangmu\YooZu\Application\Weibo\Api\WeiboApi.class.php 第 181 行.
SQL: SELECT `id` FROM `yz_weibo` WHERE `status` = 1 AND ( uid!=2 ) ORDER BY support_count desc LIMIT 5   [ RunTime:0.0010s ]
NOTIC: [8] Undefined variable: weibo_data E:\Demo\xiangmu\YooZu\Application\Weibo\Api\WeiboApi.class.php 第 181 行.
NOTIC: [8] Undefined variable: weibo_data E:\Demo\xiangmu\YooZu\Application\Weibo\Api\WeiboApi.class.php 第 181 行.
NOTIC: [8] Undefined variable: weibo_data E:\Demo\xiangmu\YooZu\Application\Weibo\Api\WeiboApi.class.php 第 181 行.
NOTIC: [8] Undefined variable: weibo_data E:\Demo\xiangmu\YooZu\Application\Weibo\Api\WeiboApi.class.php 第 181 行.
NOTIC: [8] Undefined variable: weibo_data E:\Demo\xiangmu\YooZu\Application\Weibo\Api\WeiboApi.class.php 第 181 行.
INFO: [ view_parse ] --START--
INFO: [ template_filter ] --START--
INFO: Run Behavior\ContentReplaceBehavior [ RunTime:0.000000s ]
INFO: [ template_filter ] --END-- [ RunTime:0.000000s ]
INFO: [ view_parse ] --START--
INFO: [ template_filter ] --START--
INFO: Run Behavior\ContentReplaceBehavior [ RunTime:0.000000s ]
INFO: [ template_filter ] --END-- [ RunTime:-0.009000s ]
INFO: Run Behavior\ParseTemplateBehavior [ RunTime:0.003000s ]
INFO: [ view_parse ] --END-- [ RunTime:0.004000s ]
INFO: [ view_filter ] --START--
INFO: Run Behavior\WriteHtmlCacheBehavior [ RunTime:0.001000s ]
INFO: [ view_filter ] --END-- [ RunTime:0.001000s ]
INFO: [ view_parse ] --START--
INFO: [ template_filter ] --START--
INFO: Run Behavior\ContentReplaceBehavior [ RunTime:0.000000s ]
INFO: [ template_filter ] --END-- [ RunTime:-0.014001s ]
INFO: Run Behavior\ParseTemplateBehavior [ RunTime:0.003001s ]
INFO: [ view_parse ] --END-- [ RunTime:-0.002000s ]
INFO: [ view_filter ] --START--
INFO: Run Behavior\WriteHtmlCacheBehavior [ RunTime:0.000000s ]
INFO: [ view_filter ] --END-- [ RunTime:-0.005001s ]
INFO: [ view_parse ] --START--
INFO: [ template_filter ] --START--
INFO: Run Behavior\ContentReplaceBehavior [ RunTime:0.001000s ]
INFO: [ template_filter ] --END-- [ RunTime:-0.022001s ]
NOTIC: [8] Use of undefined constant id - assumed 'id' E:\Demo\xiangmu\YooZu\Application\Runtime\Cache\Usercenter\22fd000f2703e1da0c185d524590171a.php 第 1 行.
NOTIC: [2] trim() expects parameter 1 to be string, array given E:\Demo\xiangmu\YooZu\ThinkPHP\Common\functions.php 第 1010 行.
NOTIC: [2] urlencode() expects parameter 1 to be string, array given E:\Demo\xiangmu\YooZu\ThinkPHP\Common\functions.php 第 1010 行.
NOTIC: [2] Missing argument 1 for Usercenter\Widget\SupportWidget::support() E:\Demo\xiangmu\YooZu\Application\Usercenter\Widget\SupportWidget.class.php 第 8 行.
INFO: [ view_parse ] --START--
INFO: [ template_filter ] --START--
INFO: Run Behavior\ContentReplaceBehavior [ RunTime:0.000000s ]
INFO: [ template_filter ] --END-- [ RunTime:-0.030002s ]
INFO: Run Behavior\ParseTemplateBehavior [ RunTime:0.005001s ]
INFO: [ view_parse ] --END-- [ RunTime:-0.017001s ]
INFO: [ view_filter ] --START--
INFO: Run Behavior\WriteHtmlCacheBehavior [ RunTime:0.000000s ]
INFO: [ view_filter ] --END-- [ RunTime:-0.021002s ]
NOTIC: [2] Missing argument 1 for Usercenter\Widget\RepostWidget::repost() E:\Demo\xiangmu\YooZu\Application\Usercenter\Widget\RepostWidget.class.php 第 8 行.
NOTIC: [2] Missing argument 1 for Think\Controller::assign(), called in E:\Demo\xiangmu\YooZu\Application\Usercenter\Widget\RepostWidget.class.php on line 10 and defined E:\Demo\xiangmu\YooZu\ThinkPHP\Library\Think\Controller.class.php 第 121 行.
NOTIC: [8] Undefined variable: name E:\Demo\xiangmu\YooZu\ThinkPHP\Library\Think\Controller.class.php 第 122 行.
INFO: [ view_parse ] --START--
INFO: [ template_filter ] --START--
INFO: Run Behavior\ContentReplaceBehavior [ RunTime:0.000000s ]
INFO: [ template_filter ] --END-- [ RunTime:-0.036002s ]
INFO: Run Behavior\ParseTemplateBehavior [ RunTime:0.003000s ]
INFO: [ view_parse ] --END-- [ RunTime:-0.024002s ]
INFO: [ view_filter ] --START--
INFO: Run Behavior\WriteHtmlCacheBehavior [ RunTime:0.000000s ]
INFO: [ view_filter ] --END-- [ RunTime:-0.027002s ]
INFO: [ view_parse ] --START--
INFO: [ template_filter ] --START--
INFO: Run Behavior\ContentReplaceBehavior [ RunTime:0.001000s ]
INFO: [ template_filter ] --END-- [ RunTime:-0.041002s ]
INFO: Run Behavior\ParseTemplateBehavior [ RunTime:0.004000s ]
INFO: [ view_parse ] --END-- [ RunTime:-0.029002s ]
INFO: [ view_filter ] --START--
INFO: Run Behavior\WriteHtmlCacheBehavior [ RunTime:0.001000s ]
INFO: [ view_filter ] --END-- [ RunTime:-0.032002s ]
INFO: Run Behavior\ParseTemplateBehavior [ RunTime:0.005000s ]
INFO: [ view_parse ] --END-- [ RunTime:-0.029002s ]
INFO: [ view_filter ] --START--
INFO: Run Behavior\WriteHtmlCacheBehavior [ RunTime:0.000000s ]
INFO: [ view_filter ] --END-- [ RunTime:-0.033002s ]
INFO: [ view_parse ] --START--
INFO: [ template_filter ] --START--
INFO: Run Behavior\ContentReplaceBehavior [ RunTime:0.000000s ]
INFO: [ template_filter ] --END-- [ RunTime:-0.049003s ]
NOTIC: [8] Use of undefined constant id - assumed 'id' E:\Demo\xiangmu\YooZu\Application\Runtime\Cache\Usercenter\22fd000f2703e1da0c185d524590171a.php 第 1 行.
NOTIC: [2] trim() expects parameter 1 to be string, array given E:\Demo\xiangmu\YooZu\ThinkPHP\Common\functions.php 第 1010 行.
NOTIC: [2] urlencode() expects parameter 1 to be string, array given E:\Demo\xiangmu\YooZu\ThinkPHP\Common\functions.php 第 1010 行.
NOTIC: [2] Missing argument 1 for Usercenter\Widget\SupportWidget::support() E:\Demo\xiangmu\YooZu\Application\Usercenter\Widget\SupportWidget.class.php 第 8 行.
INFO: [ view_parse ] --START--
INFO: [ template_filter ] --START--
INFO: Run Behavior\ContentReplaceBehavior [ RunTime:0.001000s ]
INFO: [ template_filter ] --END-- [ RunTime:-0.055003s ]
INFO: Run Behavior\ParseTemplateBehavior [ RunTime:0.004000s ]
INFO: [ view_parse ] --END-- [ RunTime:-0.043003s ]
INFO: [ view_filter ] --START--
INFO: Run Behavior\WriteHtmlCacheBehavior [ RunTime:0.000000s ]
INFO: [ view_filter ] --END-- [ RunTime:-0.046003s ]
NOTIC: [2] Missing argument 1 for Usercenter\Widget\RepostWidget::repost() E:\Demo\xiangmu\YooZu\Application\Usercenter\Widget\RepostWidget.class.php 第 8 行.
NOTIC: [2] Missing argument 1 for Think\Controller::assign(), called in E:\Demo\xiangmu\YooZu\Application\Usercenter\Widget\RepostWidget.class.php on line 10 and defined E:\Demo\xiangmu\YooZu\ThinkPHP\Library\Think\Controller.class.php 第 121 行.
NOTIC: [8] Undefined variable: name E:\Demo\xiangmu\YooZu\ThinkPHP\Library\Think\Controller.class.php 第 122 行.
INFO: [ view_parse ] --START--
INFO: [ template_filter ] --START--
INFO: Run Behavior\ContentReplaceBehavior [ RunTime:0.000000s ]
INFO: [ template_filter ] --END-- [ RunTime:-0.060003s ]
INFO: Run Behavior\ParseTemplateBehavior [ RunTime:0.003000s ]
INFO: [ view_parse ] --END-- [ RunTime:-0.048003s ]
INFO: [ view_filter ] --START--
INFO: Run Behavior\WriteHtmlCacheBehavior [ RunTime:0.000000s ]
INFO: [ view_filter ] --END-- [ RunTime:-0.051003s ]
INFO: [ view_parse ] --START--
INFO: [ template_filter ] --START--
INFO: Run Behavior\ContentReplaceBehavior [ RunTime:0.000000s ]
INFO: [ template_filter ] --END-- [ RunTime:-0.065004s ]
INFO: Run Behavior\ParseTemplateBehavior [ RunTime:0.003001s ]
INFO: [ view_parse ] --END-- [ RunTime:-0.053003s ]
INFO: [ view_filter ] --START--
INFO: Run Behavior\WriteHtmlCacheBehavior [ RunTime:0.000000s ]
INFO: [ view_filter ] --END-- [ RunTime:-0.055004s ]
INFO: Run Behavior\ParseTemplateBehavior [ RunTime:0.004001s ]
INFO: [ view_parse ] --END-- [ RunTime:-0.053003s ]
INFO: [ view_filter ] --START--
INFO: Run Behavior\WriteHtmlCacheBehavior [ RunTime:0.000000s ]
INFO: [ view_filter ] --END-- [ RunTime:-0.056004s ]
INFO: [ view_parse ] --START--
INFO: [ template_filter ] --START--
INFO: Run Behavior\ContentReplaceBehavior [ RunTime:0.000000s ]
INFO: [ template_filter ] --END-- [ RunTime:-0.072004s ]
NOTIC: [8] Use of undefined constant id - assumed 'id' E:\Demo\xiangmu\YooZu\Application\Runtime\Cache\Usercenter\22fd000f2703e1da0c185d524590171a.php 第 1 行.
NOTIC: [2] trim() expects parameter 1 to be string, array given E:\Demo\xiangmu\YooZu\ThinkPHP\Common\functions.php 第 1010 行.
NOTIC: [2] urlencode() expects parameter 1 to be string, array given E:\Demo\xiangmu\YooZu\ThinkPHP\Common\functions.php 第 1010 行.
NOTIC: [2] Missing argument 1 for Usercenter\Widget\SupportWidget::support() E:\Demo\xiangmu\YooZu\Application\Usercenter\Widget\SupportWidget.class.php 第 8 行.
INFO: [ view_parse ] --START--
INFO: [ template_filter ] --START--
INFO: Run Behavior\ContentReplaceBehavior [ RunTime:0.000000s ]
INFO: [ template_filter ] --END-- [ RunTime:-0.079004s ]
INFO: Run Behavior\ParseTemplateBehavior [ RunTime:0.003000s ]
INFO: [ view_parse ] --END-- [ RunTime:-0.067004s ]
INFO: [ view_filter ] --START--
INFO: Run Behavior\WriteHtmlCacheBehavior [ RunTime:0.000000s ]
INFO: [ view_filter ] --END-- [ RunTime:-0.070004s ]
NOTIC: [2] Missing argument 1 for Usercenter\Widget\RepostWidget::repost() E:\Demo\xiangmu\YooZu\Application\Usercenter\Widget\RepostWidget.class.php 第 8 行.
NOTIC: [2] Missing argument 1 for Think\Controller::assign(), called in E:\Demo\xiangmu\YooZu\Application\Usercenter\Widget\RepostWidget.class.php on line 10 and defined E:\Demo\xiangmu\YooZu\ThinkPHP\Library\Think\Controller.class.php 第 121 行.
NOTIC: [8] Undefined variable: name E:\Demo\xiangmu\YooZu\ThinkPHP\Library\Think\Controller.class.php 第 122 行.
INFO: [ view_parse ] --START--
INFO: [ template_filter ] --START--
INFO: Run Behavior\ContentReplaceBehavior [ RunTime:0.000000s ]
INFO: [ template_filter ] --END-- [ RunTime:-0.085005s ]
INFO: Run Behavior\ParseTemplateBehavior [ RunTime:0.004000s ]
INFO: [ view_parse ] --END-- [ RunTime:-0.072005s ]
INFO: [ view_filter ] --START--
INFO: Run Behavior\WriteHtmlCacheBehavior [ RunTime:0.000000s ]
INFO: [ view_filter ] --END-- [ RunTime:-0.075005s ]
INFO: [ view_parse ] --START--
INFO: [ template_filter ] --START--
INFO: Run Behavior\ContentReplaceBehavior [ RunTime:0.000000s ]
INFO: [ template_filter ] --END-- [ RunTime:-0.089005s ]
INFO: Run Behavior\ParseTemplateBehavior [ RunTime:0.003000s ]
INFO: [ view_parse ] --END-- [ RunTime:-0.077005s ]
INFO: [ view_filter ] --START--
INFO: Run Behavior\WriteHtmlCacheBehavior [ RunTime:0.000000s ]
INFO: [ view_filter ] --END-- [ RunTime:-0.080005s ]
INFO: Run Behavior\ParseTemplateBehavior [ RunTime:0.004000s ]
INFO: [ view_parse ] --END-- [ RunTime:-0.077005s ]
INFO: [ view_filter ] --START--
INFO: Run Behavior\WriteHtmlCacheBehavior [ RunTime:0.000000s ]
INFO: [ view_filter ] --END-- [ RunTime:-0.081005s ]
INFO: [ view_parse ] --START--
INFO: [ template_filter ] --START--
INFO: Run Behavior\ContentReplaceBehavior [ RunTime:0.000000s ]
INFO: [ template_filter ] --END-- [ RunTime:-0.100006s ]
NOTIC: [8] Use of undefined constant id - assumed 'id' E:\Demo\xiangmu\YooZu\Application\Runtime\Cache\Usercenter\22fd000f2703e1da0c185d524590171a.php 第 1 行.
NOTIC: [2] trim() expects parameter 1 to be string, array given E:\Demo\xiangmu\YooZu\ThinkPHP\Common\functions.php 第 1010 行.
NOTIC: [2] urlencode() expects parameter 1 to be string, array given E:\Demo\xiangmu\YooZu\ThinkPHP\Common\functions.php 第 1010 行.
NOTIC: [2] Missing argument 1 for Usercenter\Widget\SupportWidget::support() E:\Demo\xiangmu\YooZu\Application\Usercenter\Widget\SupportWidget.class.php 第 8 行.
INFO: [ view_parse ] --START--
INFO: [ template_filter ] --START--
INFO: Run Behavior\ContentReplaceBehavior [ RunTime:0.000000s ]
INFO: [ template_filter ] --END-- [ RunTime:-0.108006s ]
INFO: Run Behavior\ParseTemplateBehavior [ RunTime:0.004000s ]
INFO: [ view_parse ] --END-- [ RunTime:-0.096006s ]
INFO: [ view_filter ] --START--
INFO: Run Behavior\WriteHtmlCacheBehavior [ RunTime:0.000000s ]
INFO: [ view_filter ] --END-- [ RunTime:-0.099006s ]
NOTIC: [2] Missing argument 1 for Usercenter\Widget\RepostWidget::repost() E:\Demo\xiangmu\YooZu\Application\Usercenter\Widget\RepostWidget.class.php 第 8 行.
NOTIC: [2] Missing argument 1 for Think\Controller::assign(), called in E:\Demo\xiangmu\YooZu\Application\Usercenter\Widget\RepostWidget.class.php on line 10 and defined E:\Demo\xiangmu\YooZu\ThinkPHP\Library\Think\Controller.class.php 第 121 行.
NOTIC: [8] Undefined variable: name E:\Demo\xiangmu\YooZu\ThinkPHP\Library\Think\Controller.class.php 第 122 行.
INFO: [ view_parse ] --START--
INFO: [ template_filter ] --START--
INFO: Run Behavior\ContentReplaceBehavior [ RunTime:0.001000s ]
INFO: [ template_filter ] --END-- [ RunTime:-0.113006s ]
INFO: Run Behavior\ParseTemplateBehavior [ RunTime:0.003000s ]
INFO: [ view_parse ] --END-- [ RunTime:-0.102006s ]
INFO: [ view_filter ] --START--
INFO: Run Behavior\WriteHtmlCacheBehavior [ RunTime:0.000000s ]
INFO: [ view_filter ] --END-- [ RunTime:-0.104006s ]
INFO: [ view_parse ] --START--
INFO: [ template_filter ] --START--
INFO: Run Behavior\ContentReplaceBehavior [ RunTime:0.001000s ]
INFO: [ template_filter ] --END-- [ RunTime:-0.120007s ]
INFO: Run Behavior\ParseTemplateBehavior [ RunTime:0.006000s ]
INFO: [ view_parse ] --END-- [ RunTime:-0.107007s ]
INFO: [ view_filter ] --START--
INFO: Run Behavior\WriteHtmlCacheBehavior [ RunTime:0.000000s ]
INFO: [ view_filter ] --END-- [ RunTime:-0.112007s ]
INFO: Run Behavior\ParseTemplateBehavior [ RunTime:0.006000s ]
INFO: [ view_parse ] --END-- [ RunTime:-0.107007s ]
INFO: [ view_filter ] --START--
INFO: Run Behavior\WriteHtmlCacheBehavior [ RunTime:0.000000s ]
INFO: [ view_filter ] --END-- [ RunTime:-0.113007s ]
INFO: [ view_parse ] --START--
INFO: [ template_filter ] --START--
INFO: Run Behavior\ContentReplaceBehavior [ RunTime:0.000000s ]
INFO: [ template_filter ] --END-- [ RunTime:-0.129007s ]
NOTIC: [8] Use of undefined constant id - assumed 'id' E:\Demo\xiangmu\YooZu\Application\Runtime\Cache\Usercenter\22fd000f2703e1da0c185d524590171a.php 第 1 行.
NOTIC: [2] trim() expects parameter 1 to be string, array given E:\Demo\xiangmu\YooZu\ThinkPHP\Common\functions.php 第 1010 行.
NOTIC: [2] urlencode() expects parameter 1 to be string, array given E:\Demo\xiangmu\YooZu\ThinkPHP\Common\functions.php 第 1010 行.
NOTIC: [2] Missing argument 1 for Usercenter\Widget\SupportWidget::support() E:\Demo\xiangmu\YooZu\Application\Usercenter\Widget\SupportWidget.class.php 第 8 行.
INFO: [ view_parse ] --START--
INFO: [ template_filter ] --START--
INFO: Run Behavior\ContentReplaceBehavior [ RunTime:0.000000s ]
INFO: [ template_filter ] --END-- [ RunTime:-0.136008s ]
INFO: Run Behavior\ParseTemplateBehavior [ RunTime:0.004001s ]
INFO: [ view_parse ] --END-- [ RunTime:-0.124007s ]
INFO: [ view_filter ] --START--
INFO: Run Behavior\WriteHtmlCacheBehavior [ RunTime:0.000000s ]
INFO: [ view_filter ] --END-- [ RunTime:-0.127008s ]
NOTIC: [2] Missing argument 1 for Usercenter\Widget\RepostWidget::repost() E:\Demo\xiangmu\YooZu\Application\Usercenter\Widget\RepostWidget.class.php 第 8 行.
NOTIC: [2] Missing argument 1 for Think\Controller::assign(), called in E:\Demo\xiangmu\YooZu\Application\Usercenter\Widget\RepostWidget.class.php on line 10 and defined E:\Demo\xiangmu\YooZu\ThinkPHP\Library\Think\Controller.class.php 第 121 行.
NOTIC: [8] Undefined variable: name E:\Demo\xiangmu\YooZu\ThinkPHP\Library\Think\Controller.class.php 第 122 行.
INFO: [ view_parse ] --START--
INFO: [ template_filter ] --START--
INFO: Run Behavior\ContentReplaceBehavior [ RunTime:0.000000s ]
INFO: [ template_filter ] --END-- [ RunTime:-0.141008s ]
INFO: Run Behavior\ParseTemplateBehavior [ RunTime:0.003000s ]
INFO: [ view_parse ] --END-- [ RunTime:-0.129008s ]
INFO: [ view_filter ] --START--
INFO: Run Behavior\WriteHtmlCacheBehavior [ RunTime:0.000000s ]
INFO: [ view_filter ] --END-- [ RunTime:-0.132008s ]
INFO: [ view_parse ] --START--
INFO: [ template_filter ] --START--
INFO: Run Behavior\ContentReplaceBehavior [ RunTime:0.001000s ]
INFO: [ template_filter ] --END-- [ RunTime:-0.145008s ]
INFO: Run Behavior\ParseTemplateBehavior [ RunTime:0.004000s ]
INFO: [ view_parse ] --END-- [ RunTime:-0.133008s ]
INFO: [ view_filter ] --START--
INFO: Run Behavior\WriteHtmlCacheBehavior [ RunTime:0.000000s ]
INFO: [ view_filter ] --END-- [ RunTime:-0.136008s ]
INFO: Run Behavior\ParseTemplateBehavior [ RunTime:0.005000s ]
INFO: [ view_parse ] --END-- [ RunTime:-0.133008s ]
INFO: [ view_filter ] --START--
INFO: Run Behavior\WriteHtmlCacheBehavior [ RunTime:0.000000s ]
INFO: [ view_filter ] --END-- [ RunTime:-0.137008s ]
INFO: [ view_parse ] --START--
INFO: [ template_filter ] --START--
INFO: Run Behavior\ContentReplaceBehavior [ RunTime:0.000000s ]
INFO: [ template_filter ] --END-- [ RunTime:-0.153009s ]
NOTIC: [8] Use of undefined constant id - assumed 'id' E:\Demo\xiangmu\YooZu\Application\Runtime\Cache\Usercenter\22fd000f2703e1da0c185d524590171a.php 第 1 行.
NOTIC: [2] trim() expects parameter 1 to be string, array given E:\Demo\xiangmu\YooZu\ThinkPHP\Common\functions.php 第 1010 行.
NOTIC: [2] urlencode() expects parameter 1 to be string, array given E:\Demo\xiangmu\YooZu\ThinkPHP\Common\functions.php 第 1010 行.
NOTIC: [2] Missing argument 1 for Usercenter\Widget\SupportWidget::support() E:\Demo\xiangmu\YooZu\Application\Usercenter\Widget\SupportWidget.class.php 第 8 行.
INFO: [ view_parse ] --START--
INFO: [ template_filter ] --START--
INFO: Run Behavior\ContentReplaceBehavior [ RunTime:0.000000s ]
INFO: [ template_filter ] --END-- [ RunTime:-0.160009s ]
INFO: Run Behavior\ParseTemplateBehavior [ RunTime:0.004000s ]
INFO: [ view_parse ] --END-- [ RunTime:-0.148009s ]
INFO: [ view_filter ] --START--
INFO: Run Behavior\WriteHtmlCacheBehavior [ RunTime:0.000000s ]
INFO: [ view_filter ] --END-- [ RunTime:-0.151009s ]
NOTIC: [2] Missing argument 1 for Usercenter\Widget\RepostWidget::repost() E:\Demo\xiangmu\YooZu\Application\Usercenter\Widget\RepostWidget.class.php 第 8 行.
NOTIC: [2] Missing argument 1 for Think\Controller::assign(), called in E:\Demo\xiangmu\YooZu\Application\Usercenter\Widget\RepostWidget.class.php on line 10 and defined E:\Demo\xiangmu\YooZu\ThinkPHP\Library\Think\Controller.class.php 第 121 行.
NOTIC: [8] Undefined variable: name E:\Demo\xiangmu\YooZu\ThinkPHP\Library\Think\Controller.class.php 第 122 行.
INFO: [ view_parse ] --START--
INFO: [ template_filter ] --START--
INFO: Run Behavior\ContentReplaceBehavior [ RunTime:0.000000s ]
INFO: [ template_filter ] --END-- [ RunTime:-0.165009s ]
INFO: Run Behavior\ParseTemplateBehavior [ RunTime:0.003000s ]
INFO: [ view_parse ] --END-- [ RunTime:-0.153009s ]
INFO: [ view_filter ] --START--
INFO: Run Behavior\WriteHtmlCacheBehavior [ RunTime:0.000000s ]
INFO: [ view_filter ] --END-- [ RunTime:-0.155009s ]
INFO: [ view_parse ] --START--
INFO: [ template_filter ] --START--
INFO: Run Behavior\ContentReplaceBehavior [ RunTime:0.001001s ]
INFO: [ template_filter ] --END-- [ RunTime:-0.169009s ]
INFO: Run Behavior\ParseTemplateBehavior [ RunTime:0.004001s ]
INFO: [ view_parse ] --END-- [ RunTime:-0.157009s ]
INFO: [ view_filter ] --START--
INFO: Run Behavior\WriteHtmlCacheBehavior [ RunTime:0.000000s ]
INFO: [ view_filter ] --END-- [ RunTime:-0.160010s ]
INFO: Run Behavior\ParseTemplateBehavior [ RunTime:0.005001s ]
INFO: [ view_parse ] --END-- [ RunTime:-0.157009s ]
INFO: [ view_filter ] --START--
INFO: Run Behavior\WriteHtmlCacheBehavior [ RunTime:0.000000s ]
INFO: [ view_filter ] --END-- [ RunTime:-0.161010s ]
INFO: [ view_parse ] --START--
INFO: [ template_filter ] --START--
INFO: Run Behavior\ContentReplaceBehavior [ RunTime:0.001000s ]
INFO: [ template_filter ] --END-- [ RunTime:-0.177010s ]
NOTIC: [8] Use of undefined constant id - assumed 'id' E:\Demo\xiangmu\YooZu\Application\Runtime\Cache\Usercenter\22fd000f2703e1da0c185d524590171a.php 第 1 行.
NOTIC: [2] trim() expects parameter 1 to be string, array given E:\Demo\xiangmu\YooZu\ThinkPHP\Common\functions.php 第 1010 行.
NOTIC: [2] urlencode() expects parameter 1 to be string, array given E:\Demo\xiangmu\YooZu\ThinkPHP\Common\functions.php 第 1010 行.
NOTIC: [2] Missing argument 1 for Usercenter\Widget\SupportWidget::support() E:\Demo\xiangmu\YooZu\Application\Usercenter\Widget\SupportWidget.class.php 第 8 行.
INFO: [ view_parse ] --START--
INFO: [ template_filter ] --START--
INFO: Run Behavior\ContentReplaceBehavior [ RunTime:0.000000s ]
INFO: [ template_filter ] --END-- [ RunTime:-0.185010s ]
INFO: Run Behavior\ParseTemplateBehavior [ RunTime:0.003000s ]
INFO: [ view_parse ] --END-- [ RunTime:-0.173010s ]
INFO: [ view_filter ] --START--
INFO: Run Behavior\WriteHtmlCacheBehavior [ RunTime:0.000000s ]
INFO: [ view_filter ] --END-- [ RunTime:-0.176011s ]
NOTIC: [2] Missing argument 1 for Usercenter\Widget\RepostWidget::repost() E:\Demo\xiangmu\YooZu\Application\Usercenter\Widget\RepostWidget.class.php 第 8 行.
NOTIC: [2] Missing argument 1 for Think\Controller::assign(), called in E:\Demo\xiangmu\YooZu\Application\Usercenter\Widget\RepostWidget.class.php on line 10 and defined E:\Demo\xiangmu\YooZu\ThinkPHP\Library\Think\Controller.class.php 第 121 行.
NOTIC: [8] Undefined variable: name E:\Demo\xiangmu\YooZu\ThinkPHP\Library\Think\Controller.class.php 第 122 行.
INFO: [ view_parse ] --START--
INFO: [ template_filter ] --START--
INFO: Run Behavior\ContentReplaceBehavior [ RunTime:0.000000s ]
INFO: [ template_filter ] --END-- [ RunTime:-0.190011s ]
INFO: Run Behavior\ParseTemplateBehavior [ RunTime:0.003000s ]
INFO: [ view_parse ] --END-- [ RunTime:-0.178011s ]
INFO: [ view_filter ] --START--
INFO: Run Behavior\WriteHtmlCacheBehavior [ RunTime:0.000000s ]
INFO: [ view_filter ] --END-- [ RunTime:-0.180011s ]
INFO: [ view_parse ] --START--
INFO: [ template_filter ] --START--
INFO: Run Behavior\ContentReplaceBehavior [ RunTime:0.000000s ]
INFO: [ template_filter ] --END-- [ RunTime:-0.194011s ]
INFO: Run Behavior\ParseTemplateBehavior [ RunTime:0.004000s ]
INFO: [ view_parse ] --END-- [ RunTime:-0.182011s ]
INFO: [ view_filter ] --START--
INFO: Run Behavior\WriteHtmlCacheBehavior [ RunTime:0.000000s ]
INFO: [ view_filter ] --END-- [ RunTime:-0.185011s ]
INFO: Run Behavior\ParseTemplateBehavior [ RunTime:0.004000s ]
INFO: [ view_parse ] --END-- [ RunTime:-0.182011s ]
INFO: [ view_filter ] --START--
INFO: Run Behavior\WriteHtmlCacheBehavior [ RunTime:0.000000s ]
INFO: [ view_filter ] --END-- [ RunTime:-0.186011s ]
INFO: [ view_parse ] --START--
INFO: [ template_filter ] --START--
INFO: Run Behavior\ContentReplaceBehavior [ RunTime:0.000000s ]
INFO: [ template_filter ] --END-- [ RunTime:-0.201011s ]
NOTIC: [8] Use of undefined constant id - assumed 'id' E:\Demo\xiangmu\YooZu\Application\Runtime\Cache\Usercenter\22fd000f2703e1da0c185d524590171a.php 第 1 行.
NOTIC: [2] trim() expects parameter 1 to be string, array given E:\Demo\xiangmu\YooZu\ThinkPHP\Common\functions.php 第 1010 行.
NOTIC: [2] urlencode() expects parameter 1 to be string, array given E:\Demo\xiangmu\YooZu\ThinkPHP\Common\functions.php 第 1010 行.
NOTIC: [2] Missing argument 1 for Usercenter\Widget\SupportWidget::support() E:\Demo\xiangmu\YooZu\Application\Usercenter\Widget\SupportWidget.class.php 第 8 行.
INFO: [ view_parse ] --START--
INFO: [ template_filter ] --START--
INFO: Run Behavior\ContentReplaceBehavior [ RunTime:0.000000s ]
INFO: [ template_filter ] --END-- [ RunTime:-0.207012s ]
INFO: Run Behavior\ParseTemplateBehavior [ RunTime:0.004000s ]
INFO: [ view_parse ] --END-- [ RunTime:-0.195012s ]
INFO: [ view_filter ] --START--
INFO: Run Behavior\WriteHtmlCacheBehavior [ RunTime:0.000000s ]
INFO: [ view_filter ] --END-- [ RunTime:-0.198012s ]
NOTIC: [2] Missing argument 1 for Usercenter\Widget\RepostWidget::repost() E:\Demo\xiangmu\YooZu\Application\Usercenter\Widget\RepostWidget.class.php 第 8 行.
NOTIC: [2] Missing argument 1 for Think\Controller::assign(), called in E:\Demo\xiangmu\YooZu\Application\Usercenter\Widget\RepostWidget.class.php on line 10 and defined E:\Demo\xiangmu\YooZu\ThinkPHP\Library\Think\Controller.class.php 第 121 行.
NOTIC: [8] Undefined variable: name E:\Demo\xiangmu\YooZu\ThinkPHP\Library\Think\Controller.class.php 第 122 行.
INFO: [ view_parse ] --START--
INFO: [ template_filter ] --START--
INFO: Run Behavior\ContentReplaceBehavior [ RunTime:0.000000s ]
INFO: [ template_filter ] --END-- [ RunTime:-0.212012s ]
INFO: Run Behavior\ParseTemplateBehavior [ RunTime:0.003000s ]
INFO: [ view_parse ] --END-- [ RunTime:-0.200012s ]
INFO: [ view_filter ] --START--
INFO: Run Behavior\WriteHtmlCacheBehavior [ RunTime:0.000000s ]
INFO: [ view_filter ] --END-- [ RunTime:-0.202012s ]
INFO: [ view_parse ] --START--
INFO: [ template_filter ] --START--
INFO: Run Behavior\ContentReplaceBehavior [ RunTime:0.001000s ]
INFO: [ template_filter ] --END-- [ RunTime:-0.218012s ]
INFO: Run Behavior\ParseTemplateBehavior [ RunTime:0.006000s ]
INFO: [ view_parse ] --END-- [ RunTime:-0.204012s ]
INFO: [ view_filter ] --START--
INFO: Run Behavior\WriteHtmlCacheBehavior [ RunTime:0.000000s ]
INFO: [ view_filter ] --END-- [ RunTime:-0.209012s ]
INFO: Run Behavior\ParseTemplateBehavior [ RunTime:0.007000s ]
INFO: [ view_parse ] --END-- [ RunTime:-0.204012s ]
INFO: [ view_filter ] --START--
INFO: Run Behavior\WriteHtmlCacheBehavior [ RunTime:0.000000s ]
INFO: [ view_filter ] --END-- [ RunTime:-0.210012s ]
INFO: [ view_parse ] --START--
INFO: [ template_filter ] --START--
INFO: Run Behavior\ContentReplaceBehavior [ RunTime:0.000000s ]
INFO: [ template_filter ] --END-- [ RunTime:-0.225013s ]
NOTIC: [8] Use of undefined constant id - assumed 'id' E:\Demo\xiangmu\YooZu\Application\Runtime\Cache\Usercenter\22fd000f2703e1da0c185d524590171a.php 第 1 行.
NOTIC: [2] trim() expects parameter 1 to be string, array given E:\Demo\xiangmu\YooZu\ThinkPHP\Common\functions.php 第 1010 行.
NOTIC: [2] urlencode() expects parameter 1 to be string, array given E:\Demo\xiangmu\YooZu\ThinkPHP\Common\functions.php 第 1010 行.
NOTIC: [2] Missing argument 1 for Usercenter\Widget\SupportWidget::support() E:\Demo\xiangmu\YooZu\Application\Usercenter\Widget\SupportWidget.class.php 第 8 行.
INFO: [ view_parse ] --START--
INFO: [ template_filter ] --START--
INFO: Run Behavior\ContentReplaceBehavior [ RunTime:0.000000s ]
INFO: [ template_filter ] --END-- [ RunTime:-0.232013s ]
INFO: Run Behavior\ParseTemplateBehavior [ RunTime:0.004000s ]
INFO: [ view_parse ] --END-- [ RunTime:-0.220013s ]
INFO: [ view_filter ] --START--
INFO: Run Behavior\WriteHtmlCacheBehavior [ RunTime:0.000000s ]
INFO: [ view_filter ] --END-- [ RunTime:-0.223013s ]
NOTIC: [2] Missing argument 1 for Usercenter\Widget\RepostWidget::repost() E:\Demo\xiangmu\YooZu\Application\Usercenter\Widget\RepostWidget.class.php 第 8 行.
NOTIC: [2] Missing argument 1 for Think\Controller::assign(), called in E:\Demo\xiangmu\YooZu\Application\Usercenter\Widget\RepostWidget.class.php on line 10 and defined E:\Demo\xiangmu\YooZu\ThinkPHP\Library\Think\Controller.class.php 第 121 行.
NOTIC: [8] Undefined variable: name E:\Demo\xiangmu\YooZu\ThinkPHP\Library\Think\Controller.class.php 第 122 行.
INFO: [ view_parse ] --START--
INFO: [ template_filter ] --START--
INFO: Run Behavior\ContentReplaceBehavior [ RunTime:0.000000s ]
INFO: [ template_filter ] --END-- [ RunTime:-0.236013s ]
INFO: Run Behavior\ParseTemplateBehavior [ RunTime:0.002000s ]
INFO: [ view_parse ] --END-- [ RunTime:-0.225013s ]
INFO: [ view_filter ] --START--
INFO: Run Behavior\WriteHtmlCacheBehavior [ RunTime:0.000000s ]
INFO: [ view_filter ] --END-- [ RunTime:-0.226013s ]
INFO: [ view_parse ] --START--
INFO: [ template_filter ] --START--
INFO: Run Behavior\ContentReplaceBehavior [ RunTime:0.000000s ]
INFO: [ template_filter ] --END-- [ RunTime:-0.240014s ]
INFO: Run Behavior\ParseTemplateBehavior [ RunTime:0.003001s ]
INFO: [ view_parse ] --END-- [ RunTime:-0.228013s ]
INFO: [ view_filter ] --START--
INFO: Run Behavior\WriteHtmlCacheBehavior [ RunTime:0.000000s ]
INFO: [ view_filter ] --END-- [ RunTime:-0.231014s ]
INFO: Run Behavior\ParseTemplateBehavior [ RunTime:0.005001s ]
INFO: [ view_parse ] --END-- [ RunTime:-0.228013s ]
INFO: [ view_filter ] --START--
INFO: Run Behavior\WriteHtmlCacheBehavior [ RunTime:0.000000s ]
INFO: [ view_filter ] --END-- [ RunTime:-0.232014s ]
INFO: [ view_parse ] --START--
INFO: [ template_filter ] --START--
INFO: Run Behavior\ContentReplaceBehavior [ RunTime:0.001000s ]
INFO: [ template_filter ] --END-- [ RunTime:-0.247014s ]
NOTIC: [8] Use of undefined constant id - assumed 'id' E:\Demo\xiangmu\YooZu\Application\Runtime\Cache\Usercenter\22fd000f2703e1da0c185d524590171a.php 第 1 行.
NOTIC: [2] trim() expects parameter 1 to be string, array given E:\Demo\xiangmu\YooZu\ThinkPHP\Common\functions.php 第 1010 行.
NOTIC: [2] urlencode() expects parameter 1 to be string, array given E:\Demo\xiangmu\YooZu\ThinkPHP\Common\functions.php 第 1010 行.
NOTIC: [2] Missing argument 1 for Usercenter\Widget\SupportWidget::support() E:\Demo\xiangmu\YooZu\Application\Usercenter\Widget\SupportWidget.class.php 第 8 行.
INFO: [ view_parse ] --START--
INFO: [ template_filter ] --START--
INFO: Run Behavior\ContentReplaceBehavior [ RunTime:0.000000s ]
INFO: [ template_filter ] --END-- [ RunTime:-0.254014s ]
INFO: Run Behavior\ParseTemplateBehavior [ RunTime:0.003000s ]
INFO: [ view_parse ] --END-- [ RunTime:-0.242014s ]
INFO: [ view_filter ] --START--
INFO: Run Behavior\WriteHtmlCacheBehavior [ RunTime:0.000000s ]
INFO: [ view_filter ] --END-- [ RunTime:-0.245014s ]
NOTIC: [2] Missing argument 1 for Usercenter\Widget\RepostWidget::repost() E:\Demo\xiangmu\YooZu\Application\Usercenter\Widget\RepostWidget.class.php 第 8 行.
NOTIC: [2] Missing argument 1 for Think\Controller::assign(), called in E:\Demo\xiangmu\YooZu\Application\Usercenter\Widget\RepostWidget.class.php on line 10 and defined E:\Demo\xiangmu\YooZu\ThinkPHP\Library\Think\Controller.class.php 第 121 行.
NOTIC: [8] Undefined variable: name E:\Demo\xiangmu\YooZu\ThinkPHP\Library\Think\Controller.class.php 第 122 行.
INFO: [ view_parse ] --START--
INFO: [ template_filter ] --START--
INFO: Run Behavior\ContentReplaceBehavior [ RunTime:0.000000s ]
INFO: [ template_filter ] --END-- [ RunTime:-0.258015s ]
INFO: Run Behavior\ParseTemplateBehavior [ RunTime:0.002000s ]
INFO: [ view_parse ] --END-- [ RunTime:-0.247015s ]
INFO: [ view_filter ] --START--
INFO: Run Behavior\WriteHtmlCacheBehavior [ RunTime:0.000000s ]
INFO: [ view_filter ] --END-- [ RunTime:-0.248015s ]
INFO: [ view_parse ] --START--
INFO: [ template_filter ] --START--
INFO: Run Behavior\ContentReplaceBehavior [ RunTime:0.000000s ]
INFO: [ template_filter ] --END-- [ RunTime:-0.262015s ]
INFO: Run Behavior\ParseTemplateBehavior [ RunTime:0.004000s ]
INFO: [ view_parse ] --END-- [ RunTime:-0.250015s ]
INFO: [ view_filter ] --START--
INFO: Run Behavior\WriteHtmlCacheBehavior [ RunTime:0.000000s ]
INFO: [ view_filter ] --END-- [ RunTime:-0.253015s ]
INFO: Run Behavior\ParseTemplateBehavior [ RunTime:0.004000s ]
INFO: [ view_parse ] --END-- [ RunTime:-0.250015s ]
INFO: [ view_filter ] --START--
INFO: Run Behavior\WriteHtmlCacheBehavior [ RunTime:0.000000s ]
INFO: [ view_filter ] --END-- [ RunTime:-0.254015s ]
NOTIC: [8] Use of undefined constant id - assumed 'id' E:\Demo\xiangmu\YooZu\Application\Runtime\Cache\Usercenter\32fa216e5a2c8b702848d35b564f03f4.php 第 250 行.
NOTIC: [8] Use of undefined constant id - assumed 'id' E:\Demo\xiangmu\YooZu\Application\Runtime\Cache\Usercenter\32fa216e5a2c8b702848d35b564f03f4.php 第 250 行.
NOTIC: [8] Use of undefined constant id - assumed 'id' E:\Demo\xiangmu\YooZu\Application\Runtime\Cache\Usercenter\32fa216e5a2c8b702848d35b564f03f4.php 第 250 行.
NOTIC: [8] Use of undefined constant id - assumed 'id' E:\Demo\xiangmu\YooZu\Application\Runtime\Cache\Usercenter\32fa216e5a2c8b702848d35b564f03f4.php 第 250 行.
NOTIC: [8] Use of undefined constant id - assumed 'id' E:\Demo\xiangmu\YooZu\Application\Runtime\Cache\Usercenter\32fa216e5a2c8b702848d35b564f03f4.php 第 250 行.
INFO: Run Behavior\ParseTemplateBehavior [ RunTime:0.007000s ]
INFO: [ view_parse ] --END-- [ RunTime:-0.250015s ]
INFO: [ view_filter ] --START--
INFO: Run Behavior\WriteHtmlCacheBehavior [ RunTime:0.000000s ]
INFO: [ view_filter ] --END-- [ RunTime:-0.256015s ]
INFO: [ app_end ] --START--
INFO: Run Behavior\ShowPageTraceBehavior [ RunTime:0.001000s ]
INFO: [ app_end ] --END-- [ RunTime:0.001000s ]

[ 2016-06-04T23:56:25+08:00 ] 127.0.0.1 /xiangmu/YooZu/index.php/Usercenter/Public/loadComment
INFO: [ app_init ] --START--
INFO: Run Behavior\BuildLiteBehavior [ RunTime:0.000000s ]
INFO: [ app_init ] --END-- [ RunTime:0.000000s ]
INFO: [ app_begin ] --START--
INFO: Run Behavior\ReadHtmlCacheBehavior [ RunTime:0.001000s ]
INFO: [ app_begin ] --END-- [ RunTime:0.001000s ]
SQL: SHOW COLUMNS FROM `yz_friends` [ RunTime:0.0070s ]
SQL: SHOW COLUMNS FROM `yz_weibo` [ RunTime:0.0040s ]
SQL: SHOW COLUMNS FROM `yz_weibo_comment` [ RunTime:0.0070s ]
SQL: SHOW COLUMNS FROM `yz_support` [ RunTime:0.0020s ]
SQL: SELECT * FROM `yz_weibo_comment` WHERE `weibo_id` = 173 AND `status` = 1 ORDER BY create_time desc  [ RunTime:0.0010s ]
INFO: [ view_parse ] --START--
INFO: [ template_filter ] --START--
INFO: Run Behavior\ContentReplaceBehavior [ RunTime:0.000000s ]
INFO: [ template_filter ] --END-- [ RunTime:0.000000s ]
INFO: Run Behavior\ParseTemplateBehavior [ RunTime:0.015001s ]
INFO: [ view_parse ] --END-- [ RunTime:0.015001s ]
INFO: [ view_filter ] --START--
INFO: Run Behavior\WriteHtmlCacheBehavior [ RunTime:0.001000s ]
INFO: [ view_filter ] --END-- [ RunTime:0.001000s ]
INFO: [ app_end ] --START--
INFO: Run Behavior\ShowPageTraceBehavior [ RunTime:0.001000s ]
INFO: [ app_end ] --END-- [ RunTime:0.001000s ]

[ 2016-06-04T23:56:33+08:00 ] 127.0.0.1 /xiangmu/YooZu/index.php/Usercenter/Public/dosendComment
INFO: [ app_init ] --START--
INFO: Run Behavior\BuildLiteBehavior [ RunTime:0.000000s ]
INFO: [ app_init ] --END-- [ RunTime:0.000000s ]
INFO: [ app_begin ] --START--
INFO: Run Behavior\ReadHtmlCacheBehavior [ RunTime:0.001000s ]
INFO: [ app_begin ] --END-- [ RunTime:0.001000s ]
SQL: SHOW COLUMNS FROM `yz_friends` [ RunTime:0.0030s ]
SQL: SHOW COLUMNS FROM `yz_weibo` [ RunTime:0.0040s ]
SQL: SHOW COLUMNS FROM `yz_weibo_comment` [ RunTime:0.0020s ]
SQL: SHOW COLUMNS FROM `yz_support` [ RunTime:0.0020s ]
NOTIC: [8] Undefined index: validate E:\Demo\xiangmu\YooZu\ThinkPHP\Library\Think\Model.class.php 第 1185 行.
NOTIC: [8] Undefined index: auto E:\Demo\xiangmu\YooZu\ThinkPHP\Library\Think\Model.class.php 第 1128 行.
SQL: INSERT INTO `yz_weibo_comment` (`uid`,`content`,`weibo_id`,`create_time`,`status`) VALUES ('2','恶心','173','1465055793','1') [ RunTime:0.4160s ]
SQL: UPDATE `yz_weibo` SET `comment_count`=comment_count+1 WHERE `id` = 173 [ RunTime:0.0960s ]
SQL: SELECT * FROM `yz_weibo_comment` WHERE `id` = 42 LIMIT 1   [ RunTime:0.0010s ]
SQL: SELECT * FROM `yz_weibo_comment` WHERE `id` = 42 LIMIT 1   [ RunTime:0.0010s ]
SQL: SHOW COLUMNS FROM `yz_member` [ RunTime:0.0030s ]
SQL: SHOW COLUMNS FROM `yz_ucenter_member` [ RunTime:0.0030s ]
SQL: SHOW COLUMNS FROM `yz_avatar` [ RunTime:0.0030s ]
SQL: SELECT * FROM `yz_avatar` WHERE `uid` = 2 AND `status` = 1 AND `is_temp` = 0 LIMIT 1   [ RunTime:0.0000s ]
SQL: SELECT * FROM `yz_avatar` WHERE `uid` = 2 AND `status` = 1 AND `is_temp` = 0 LIMIT 1   [ RunTime:0.0000s ]
SQL: SELECT * FROM `yz_avatar` WHERE `uid` = 2 AND `status` = 1 AND `is_temp` = 0 LIMIT 1   [ RunTime:0.0010s ]
SQL: SELECT * FROM `yz_avatar` WHERE `uid` = 2 AND `status` = 1 AND `is_temp` = 0 LIMIT 1   [ RunTime:0.0010s ]
SQL: SELECT * FROM `yz_avatar` WHERE `uid` = 2 AND `status` = 1 AND `is_temp` = 0 LIMIT 1   [ RunTime:0.0070s ]
SQL: SELECT * FROM `yz_weibo_comment` WHERE `id` = 42 LIMIT 1   [ RunTime:0.0000s ]
SQL: SELECT * FROM `yz_weibo_comment` WHERE `id` = 42 LIMIT 1   [ RunTime:0.0000s ]
INFO: [ view_parse ] --START--
INFO: [ template_filter ] --START--
INFO: Run Behavior\ContentReplaceBehavior [ RunTime:0.000000s ]
INFO: [ template_filter ] --END-- [ RunTime:0.001000s ]
NOTIC: [2] Illegal string offset 'user' E:\Demo\xiangmu\YooZu\Application\Runtime\Cache\Usercenter\9e7f084a0c02a64f3465be6ac54a42fd.php 第 2 行.
NOTIC: [2] Illegal string offset 'avatar128' E:\Demo\xiangmu\YooZu\Application\Runtime\Cache\Usercenter\9e7f084a0c02a64f3465be6ac54a42fd.php 第 2 行.
INFO: Run Behavior\ParseTemplateBehavior [ RunTime:0.008001s ]
INFO: [ view_parse ] --END-- [ RunTime:0.008001s ]
INFO: [ view_filter ] --START--
INFO: Run Behavior\WriteHtmlCacheBehavior [ RunTime:0.000000s ]
INFO: [ view_filter ] --END-- [ RunTime:0.001000s ]

[ 2016-06-04T23:56:41+08:00 ] 127.0.0.1 /xiangmu/YooZu/index.php/Usercenter/Public/dosendComment
INFO: [ app_init ] --START--
INFO: Run Behavior\BuildLiteBehavior [ RunTime:0.000000s ]
INFO: [ app_init ] --END-- [ RunTime:0.000000s ]
INFO: [ app_begin ] --START--
INFO: Run Behavior\ReadHtmlCacheBehavior [ RunTime:0.001000s ]
INFO: [ app_begin ] --END-- [ RunTime:0.002000s ]
SQL: SHOW COLUMNS FROM `yz_friends` [ RunTime:0.0050s ]
SQL: SHOW COLUMNS FROM `yz_weibo` [ RunTime:0.0040s ]
SQL: SHOW COLUMNS FROM `yz_weibo_comment` [ RunTime:0.0060s ]
SQL: SHOW COLUMNS FROM `yz_support` [ RunTime:0.0030s ]
NOTIC: [8] Undefined index: validate E:\Demo\xiangmu\YooZu\ThinkPHP\Library\Think\Model.class.php 第 1185 行.
NOTIC: [8] Undefined index: auto E:\Demo\xiangmu\YooZu\ThinkPHP\Library\Think\Model.class.php 第 1128 行.
SQL: INSERT INTO `yz_weibo_comment` (`uid`,`content`,`weibo_id`,`create_time`,`status`) VALUES ('2','恶心','173','1465055800','1') [ RunTime:0.0500s ]
SQL: UPDATE `yz_weibo` SET `comment_count`=comment_count+1 WHERE `id` = 173 [ RunTime:0.1460s ]
NOTIC: [2] unlink(./Application/Runtime/Temp/b9ff795535dbcabc9c6038e732dacaf5.php): No such file or directory E:\Demo\xiangmu\YooZu\ThinkPHP\Library\Think\Cache\Driver\File.class.php 第 157 行.
SQL: SELECT * FROM `yz_weibo_comment` WHERE `id` = 43 LIMIT 1   [ RunTime:0.0010s ]
SQL: SELECT * FROM `yz_weibo_comment` WHERE `id` = 43 LIMIT 1   [ RunTime:0.0000s ]
SQL: SHOW COLUMNS FROM `yz_member` [ RunTime:0.0030s ]
SQL: SHOW COLUMNS FROM `yz_ucenter_member` [ RunTime:0.0030s ]
SQL: SELECT * FROM `yz_weibo_comment` WHERE `id` = 43 LIMIT 1   [ RunTime:0.0010s ]
SQL: SELECT * FROM `yz_weibo_comment` WHERE `id` = 43 LIMIT 1   [ RunTime:0.0010s ]
INFO: [ view_parse ] --START--
INFO: [ template_filter ] --START--
INFO: Run Behavior\ContentReplaceBehavior [ RunTime:0.000000s ]
INFO: [ template_filter ] --END-- [ RunTime:0.000000s ]
NOTIC: [2] Illegal string offset 'user' E:\Demo\xiangmu\YooZu\Application\Runtime\Cache\Usercenter\9e7f084a0c02a64f3465be6ac54a42fd.php 第 2 行.
NOTIC: [2] Illegal string offset 'avatar128' E:\Demo\xiangmu\YooZu\Application\Runtime\Cache\Usercenter\9e7f084a0c02a64f3465be6ac54a42fd.php 第 2 行.
INFO: Run Behavior\ParseTemplateBehavior [ RunTime:0.007000s ]
INFO: [ view_parse ] --END-- [ RunTime:0.007000s ]
INFO: [ view_filter ] --START--
INFO: Run Behavior\WriteHtmlCacheBehavior [ RunTime:0.000000s ]
INFO: [ view_filter ] --END-- [ RunTime:0.001000s ]

[ 2016-06-04T23:56:51+08:00 ] 127.0.0.1 /xiangmu/YooZu/index.php/Usercenter/Public/loadComment
INFO: [ app_init ] --START--
INFO: Run Behavior\BuildLiteBehavior [ RunTime:0.000000s ]
INFO: [ app_init ] --END-- [ RunTime:0.001000s ]
INFO: [ app_begin ] --START--
INFO: Run Behavior\ReadHtmlCacheBehavior [ RunTime:0.002000s ]
INFO: [ app_begin ] --END-- [ RunTime:0.003000s ]
SQL: SHOW COLUMNS FROM `yz_friends` [ RunTime:0.0060s ]
SQL: SHOW COLUMNS FROM `yz_weibo` [ RunTime:0.0030s ]
SQL: SHOW COLUMNS FROM `yz_weibo_comment` [ RunTime:0.0030s ]
SQL: SHOW COLUMNS FROM `yz_support` [ RunTime:0.0060s ]
SQL: SELECT * FROM `yz_weibo_comment` WHERE `weibo_id` = 173 AND `status` = 1 ORDER BY create_time desc  [ RunTime:0.0000s ]
SQL: SELECT * FROM `yz_weibo_comment` WHERE `id` = 43 LIMIT 1   [ RunTime:0.0010s ]
SQL: SELECT * FROM `yz_weibo_comment` WHERE `id` = 43 LIMIT 1   [ RunTime:0.0010s ]
SQL: SHOW COLUMNS FROM `yz_member` [ RunTime:0.0060s ]
SQL: SHOW COLUMNS FROM `yz_ucenter_member` [ RunTime:0.0020s ]
SQL: SELECT * FROM `yz_weibo_comment` WHERE `id` = 42 LIMIT 1   [ RunTime:0.0020s ]
SQL: SELECT * FROM `yz_weibo_comment` WHERE `id` = 42 LIMIT 1   [ RunTime:0.0010s ]
INFO: [ view_parse ] --START--
INFO: [ template_filter ] --START--
INFO: Run Behavior\ContentReplaceBehavior [ RunTime:0.000000s ]
INFO: [ template_filter ] --END-- [ RunTime:0.001000s ]
INFO: [ view_parse ] --START--
INFO: [ template_filter ] --START--
INFO: Run Behavior\ContentReplaceBehavior [ RunTime:0.000000s ]
INFO: [ template_filter ] --END-- [ RunTime:-0.005000s ]
NOTIC: [2] Illegal string offset 'user' E:\Demo\xiangmu\YooZu\Application\Runtime\Cache\Usercenter\9e7f084a0c02a64f3465be6ac54a42fd.php 第 2 行.
NOTIC: [2] Illegal string offset 'avatar128' E:\Demo\xiangmu\YooZu\Application\Runtime\Cache\Usercenter\9e7f084a0c02a64f3465be6ac54a42fd.php 第 2 行.
INFO: Run Behavior\ParseTemplateBehavior [ RunTime:0.003000s ]
INFO: [ view_parse ] --END-- [ RunTime:0.003000s ]
INFO: [ view_filter ] --START--
INFO: Run Behavior\WriteHtmlCacheBehavior [ RunTime:0.000000s ]
INFO: [ view_filter ] --END-- [ RunTime:0.000000s ]
INFO: [ view_parse ] --START--
INFO: [ template_filter ] --START--
INFO: Run Behavior\ContentReplaceBehavior [ RunTime:0.000000s ]
INFO: [ template_filter ] --END-- [ RunTime:-0.012000s ]
NOTIC: [2] Illegal string offset 'user' E:\Demo\xiangmu\YooZu\Application\Runtime\Cache\Usercenter\9e7f084a0c02a64f3465be6ac54a42fd.php 第 2 行.
NOTIC: [2] Illegal string offset 'avatar128' E:\Demo\xiangmu\YooZu\Application\Runtime\Cache\Usercenter\9e7f084a0c02a64f3465be6ac54a42fd.php 第 2 行.
INFO: Run Behavior\ParseTemplateBehavior [ RunTime:0.008001s ]
INFO: [ view_parse ] --END-- [ RunTime:-0.002000s ]
INFO: [ view_filter ] --START--
INFO: Run Behavior\WriteHtmlCacheBehavior [ RunTime:0.000000s ]
INFO: [ view_filter ] --END-- [ RunTime:-0.009001s ]
INFO: Run Behavior\ParseTemplateBehavior [ RunTime:0.009001s ]
INFO: [ view_parse ] --END-- [ RunTime:-0.002000s ]
INFO: [ view_filter ] --START--
INFO: Run Behavior\WriteHtmlCacheBehavior [ RunTime:0.000000s ]
INFO: [ view_filter ] --END-- [ RunTime:-0.010001s ]
INFO: [ app_end ] --START--
INFO: Run Behavior\ShowPageTraceBehavior [ RunTime:0.001000s ]
INFO: [ app_end ] --END-- [ RunTime:0.001000s ]

[ 2016-06-04T23:56:52+08:00 ] 127.0.0.1 /xiangmu/YooZu/index.php/Usercenter/Public/%EF%BF%BD
INFO: [ app_init ] --START--
INFO: Run Behavior\BuildLiteBehavior [ RunTime:0.000000s ]
INFO: [ app_init ] --END-- [ RunTime:0.000000s ]
INFO: [ app_begin ] --START--
INFO: Run Behavior\ReadHtmlCacheBehavior [ RunTime:0.001000s ]
INFO: [ app_begin ] --END-- [ RunTime:0.001000s ]
SQL: SHOW COLUMNS FROM `yz_friends` [ RunTime:0.0040s ]
SQL: SHOW COLUMNS FROM `yz_weibo` [ RunTime:0.0040s ]
SQL: SHOW COLUMNS FROM `yz_weibo_comment` [ RunTime:0.0040s ]
SQL: SHOW COLUMNS FROM `yz_support` [ RunTime:0.0030s ]
INFO: [ view_parse ] --START--
INFO: [ template_filter ] --START--
INFO: Run Behavior\ContentReplaceBehavior [ RunTime:0.001000s ]
INFO: [ template_filter ] --END-- [ RunTime:0.001000s ]
INFO: Run Behavior\ParseTemplateBehavior [ RunTime:0.035002s ]
INFO: [ view_parse ] --END-- [ RunTime:0.035002s ]
INFO: [ view_filter ] --START--
INFO: Run Behavior\WriteHtmlCacheBehavior [ RunTime:0.000000s ]
INFO: [ view_filter ] --END-- [ RunTime:0.001000s ]

